[0.007s] Invoking command in '/home/kaio/github/ROS2_summer_school/summer_school_ws/build/calculator': AMENT_PREFIX_PATH=/home/kaio/github/ROS2_summer_school/summer_school_ws/install/custon_msg_srv:${AMENT_PREFIX_PATH} CMAKE_PREFIX_PATH=/home/kaio/github/ROS2_summer_school/summer_school_ws/install/custon_msg_srv:/home/kaio/summer_school_ws/install/pkg_cpp:/home/kaio/summer_school_ws/install/calculator:/home/kaio/summer_school_ws/install/custon_msg_srv:/opt/ros/humble:/home/kaio/laser_uav_system_ws/install/realsense_gazebo_plugin:/home/kaio/laser_uav_system_ws/install/realsense2_description:/home/kaio/laser_uav_system_ws/install/realsense2_camera:/home/kaio/laser_uav_system_ws/install/realsense2_camera_msgs:/home/kaio/laser_uav_system_ws/install/laser_uav_px4_api:/home/kaio/laser_uav_system_ws/install/px4_msgs:/home/kaio/laser_uav_system_ws/install/laser_uav_simulation LD_LIBRARY_PATH=/home/kaio/github/ROS2_summer_school/summer_school_ws/install/custon_msg_srv/lib:${LD_LIBRARY_PATH} PYTHONPATH=/home/kaio/github/ROS2_summer_school/summer_school_ws/install/custon_msg_srv/local/lib/python3.10/dist-packages:${PYTHONPATH} /usr/bin/cmake /home/kaio/github/ROS2_summer_school/summer_school_ws/src/calculator -DCMAKE_INSTALL_PREFIX=/home/kaio/github/ROS2_summer_school/summer_school_ws/install/calculator
[0.045s] -- The C compiler identification is GNU 9.5.0
[0.091s] -- The CXX compiler identification is GNU 9.5.0
[0.096s] -- Detecting C compiler ABI info
[0.152s] -- Detecting C compiler ABI info - done
[0.160s] -- Check for working C compiler: /usr/bin/cc - skipped
[0.160s] -- Detecting C compile features
[0.160s] -- Detecting C compile features - done
[0.163s] -- Detecting CXX compiler ABI info
[0.225s] -- Detecting CXX compiler ABI info - done
[0.230s] -- Check for working CXX compiler: /usr/bin/c++ - skipped
[0.230s] -- Detecting CXX compile features
[0.230s] -- Detecting CXX compile features - done
[0.232s] -- Found ament_cmake: 1.3.11 (/opt/ros/humble/share/ament_cmake/cmake)
[0.335s] -- Found Python3: /usr/bin/python3 (found version "3.10.12") found components: Interpreter 
[0.391s] -- Found rclcpp: 16.0.11 (/opt/ros/humble/share/rclcpp/cmake)
[0.416s] -- Found rosidl_generator_c: 3.1.6 (/opt/ros/humble/share/rosidl_generator_c/cmake)
[0.419s] -- Found rosidl_adapter: 3.1.6 (/opt/ros/humble/share/rosidl_adapter/cmake)
[0.424s] -- Found rosidl_generator_cpp: 3.1.6 (/opt/ros/humble/share/rosidl_generator_cpp/cmake)
[0.431s] -- Using all available rosidl_typesupport_c: rosidl_typesupport_fastrtps_c;rosidl_typesupport_introspection_c
[0.441s] -- Using all available rosidl_typesupport_cpp: rosidl_typesupport_fastrtps_cpp;rosidl_typesupport_introspection_cpp
[0.466s] -- Found rmw_implementation_cmake: 6.1.2 (/opt/ros/humble/share/rmw_implementation_cmake/cmake)
[0.468s] -- Found rmw_fastrtps_cpp: 6.2.7 (/opt/ros/humble/share/rmw_fastrtps_cpp/cmake)
[0.530s] -- Found OpenSSL: /usr/lib/x86_64-linux-gnu/libcrypto.so (found version "3.0.2")  
[0.548s] -- Found FastRTPS: /opt/ros/humble/include  
[0.575s] -- Using RMW implementation 'rmw_fastrtps_cpp' as default
[0.580s] -- Looking for pthread.h
[0.630s] -- Looking for pthread.h - found
[0.631s] -- Performing Test CMAKE_HAVE_LIBC_PTHREAD
[0.685s] -- Performing Test CMAKE_HAVE_LIBC_PTHREAD - Success
[0.685s] -- Found Threads: TRUE  
[0.717s] -- Found rclcpp_lifecycle: 16.0.11 (/opt/ros/humble/share/rclcpp_lifecycle/cmake)
[0.729s] -- Found rclcpp_components: 16.0.11 (/opt/ros/humble/share/rclcpp_components/cmake)
[0.745s] -- Found std_srvs: 4.2.4 (/opt/ros/humble/share/std_srvs/cmake)
[0.751s] -- Found custon_msg_srv: 0.0.0 (/home/kaio/github/ROS2_summer_school/summer_school_ws/install/custon_msg_srv/share/custon_msg_srv/cmake)
[0.760s] -- Found ament_lint_auto: 0.12.11 (/opt/ros/humble/share/ament_lint_auto/cmake)
[0.809s] -- Added test 'cppcheck' to perform static code analysis on C / C++ code
[0.809s] -- Configured cppcheck include dirs: /home/kaio/github/ROS2_summer_school/summer_school_ws/src/calculator/include;/home/kaio/github/ROS2_summer_school/summer_school_ws/src/calculator/src/include
[0.809s] -- Configured cppcheck exclude dirs and/or files: 
[0.810s] -- Added test 'flake8' to check Python code syntax and style conventions
[0.810s] -- Added test 'lint_cmake' to check CMake code style
[0.811s] -- Added test 'pep257' to check Python code against some of the docstring style conventions in PEP 257
[0.811s] -- Added test 'uncrustify' to check C / C++ code style
[0.811s] -- Configured uncrustify additional arguments: 
[0.812s] -- Added test 'xmllint' to check XML markup files
[0.813s] -- Configuring done
[0.821s] -- Generating done
[0.824s] -- Build files have been written to: /home/kaio/github/ROS2_summer_school/summer_school_ws/build/calculator
[0.831s] Invoked command in '/home/kaio/github/ROS2_summer_school/summer_school_ws/build/calculator' returned '0': AMENT_PREFIX_PATH=/home/kaio/github/ROS2_summer_school/summer_school_ws/install/custon_msg_srv:${AMENT_PREFIX_PATH} CMAKE_PREFIX_PATH=/home/kaio/github/ROS2_summer_school/summer_school_ws/install/custon_msg_srv:/home/kaio/summer_school_ws/install/pkg_cpp:/home/kaio/summer_school_ws/install/calculator:/home/kaio/summer_school_ws/install/custon_msg_srv:/opt/ros/humble:/home/kaio/laser_uav_system_ws/install/realsense_gazebo_plugin:/home/kaio/laser_uav_system_ws/install/realsense2_description:/home/kaio/laser_uav_system_ws/install/realsense2_camera:/home/kaio/laser_uav_system_ws/install/realsense2_camera_msgs:/home/kaio/laser_uav_system_ws/install/laser_uav_px4_api:/home/kaio/laser_uav_system_ws/install/px4_msgs:/home/kaio/laser_uav_system_ws/install/laser_uav_simulation LD_LIBRARY_PATH=/home/kaio/github/ROS2_summer_school/summer_school_ws/install/custon_msg_srv/lib:${LD_LIBRARY_PATH} PYTHONPATH=/home/kaio/github/ROS2_summer_school/summer_school_ws/install/custon_msg_srv/local/lib/python3.10/dist-packages:${PYTHONPATH} /usr/bin/cmake /home/kaio/github/ROS2_summer_school/summer_school_ws/src/calculator -DCMAKE_INSTALL_PREFIX=/home/kaio/github/ROS2_summer_school/summer_school_ws/install/calculator
[0.832s] Invoking command in '/home/kaio/github/ROS2_summer_school/summer_school_ws/build/calculator': AMENT_PREFIX_PATH=/home/kaio/github/ROS2_summer_school/summer_school_ws/install/custon_msg_srv:${AMENT_PREFIX_PATH} CMAKE_PREFIX_PATH=/home/kaio/github/ROS2_summer_school/summer_school_ws/install/custon_msg_srv:/home/kaio/summer_school_ws/install/pkg_cpp:/home/kaio/summer_school_ws/install/calculator:/home/kaio/summer_school_ws/install/custon_msg_srv:/opt/ros/humble:/home/kaio/laser_uav_system_ws/install/realsense_gazebo_plugin:/home/kaio/laser_uav_system_ws/install/realsense2_description:/home/kaio/laser_uav_system_ws/install/realsense2_camera:/home/kaio/laser_uav_system_ws/install/realsense2_camera_msgs:/home/kaio/laser_uav_system_ws/install/laser_uav_px4_api:/home/kaio/laser_uav_system_ws/install/px4_msgs:/home/kaio/laser_uav_system_ws/install/laser_uav_simulation LD_LIBRARY_PATH=/home/kaio/github/ROS2_summer_school/summer_school_ws/install/custon_msg_srv/lib:${LD_LIBRARY_PATH} PYTHONPATH=/home/kaio/github/ROS2_summer_school/summer_school_ws/install/custon_msg_srv/local/lib/python3.10/dist-packages:${PYTHONPATH} /usr/bin/cmake --build /home/kaio/github/ROS2_summer_school/summer_school_ws/build/calculator -- -j8 -l8
[0.868s] [ 25%] [32mBuilding CXX object CMakeFiles/calculator_core.dir/src/calculator_node.cpp.o[0m
[6.289s] [ 50%] [32m[1mLinking CXX shared library libcalculator_core.so[0m
[6.671s] [ 50%] Built target calculator_core
[6.686s] [ 75%] [32mBuilding CXX object CMakeFiles/calculator_node.dir/src/calculator_main.cpp.o[0m
[8.344s] [100%] [32m[1mLinking CXX executable calculator_node[0m
[8.483s] [100%] Built target calculator_node
[8.492s] Invoked command in '/home/kaio/github/ROS2_summer_school/summer_school_ws/build/calculator' returned '0': AMENT_PREFIX_PATH=/home/kaio/github/ROS2_summer_school/summer_school_ws/install/custon_msg_srv:${AMENT_PREFIX_PATH} CMAKE_PREFIX_PATH=/home/kaio/github/ROS2_summer_school/summer_school_ws/install/custon_msg_srv:/home/kaio/summer_school_ws/install/pkg_cpp:/home/kaio/summer_school_ws/install/calculator:/home/kaio/summer_school_ws/install/custon_msg_srv:/opt/ros/humble:/home/kaio/laser_uav_system_ws/install/realsense_gazebo_plugin:/home/kaio/laser_uav_system_ws/install/realsense2_description:/home/kaio/laser_uav_system_ws/install/realsense2_camera:/home/kaio/laser_uav_system_ws/install/realsense2_camera_msgs:/home/kaio/laser_uav_system_ws/install/laser_uav_px4_api:/home/kaio/laser_uav_system_ws/install/px4_msgs:/home/kaio/laser_uav_system_ws/install/laser_uav_simulation LD_LIBRARY_PATH=/home/kaio/github/ROS2_summer_school/summer_school_ws/install/custon_msg_srv/lib:${LD_LIBRARY_PATH} PYTHONPATH=/home/kaio/github/ROS2_summer_school/summer_school_ws/install/custon_msg_srv/local/lib/python3.10/dist-packages:${PYTHONPATH} /usr/bin/cmake --build /home/kaio/github/ROS2_summer_school/summer_school_ws/build/calculator -- -j8 -l8
[8.493s] Invoking command in '/home/kaio/github/ROS2_summer_school/summer_school_ws/build/calculator': AMENT_PREFIX_PATH=/home/kaio/github/ROS2_summer_school/summer_school_ws/install/custon_msg_srv:${AMENT_PREFIX_PATH} CMAKE_PREFIX_PATH=/home/kaio/github/ROS2_summer_school/summer_school_ws/install/custon_msg_srv:/home/kaio/summer_school_ws/install/pkg_cpp:/home/kaio/summer_school_ws/install/calculator:/home/kaio/summer_school_ws/install/custon_msg_srv:/opt/ros/humble:/home/kaio/laser_uav_system_ws/install/realsense_gazebo_plugin:/home/kaio/laser_uav_system_ws/install/realsense2_description:/home/kaio/laser_uav_system_ws/install/realsense2_camera:/home/kaio/laser_uav_system_ws/install/realsense2_camera_msgs:/home/kaio/laser_uav_system_ws/install/laser_uav_px4_api:/home/kaio/laser_uav_system_ws/install/px4_msgs:/home/kaio/laser_uav_system_ws/install/laser_uav_simulation LD_LIBRARY_PATH=/home/kaio/github/ROS2_summer_school/summer_school_ws/install/custon_msg_srv/lib:${LD_LIBRARY_PATH} PYTHONPATH=/home/kaio/github/ROS2_summer_school/summer_school_ws/install/custon_msg_srv/local/lib/python3.10/dist-packages:${PYTHONPATH} /usr/bin/cmake --install /home/kaio/github/ROS2_summer_school/summer_school_ws/build/calculator
[8.498s] -- Install configuration: ""
[8.498s] -- Installing: /home/kaio/github/ROS2_summer_school/summer_school_ws/install/calculator/lib/libcalculator_core.so
[8.502s] -- Set runtime path of "/home/kaio/github/ROS2_summer_school/summer_school_ws/install/calculator/lib/libcalculator_core.so" to ""
[8.502s] -- Installing: /home/kaio/github/ROS2_summer_school/summer_school_ws/install/calculator/lib/calculator/calculator_node
[8.503s] -- Set runtime path of "/home/kaio/github/ROS2_summer_school/summer_school_ws/install/calculator/lib/calculator/calculator_node" to ""
[8.503s] -- Installing: /home/kaio/github/ROS2_summer_school/summer_school_ws/install/calculator/include/
[8.503s] -- Installing: /home/kaio/github/ROS2_summer_school/summer_school_ws/install/calculator/include//calculator
[8.503s] -- Installing: /home/kaio/github/ROS2_summer_school/summer_school_ws/install/calculator/include//calculator/calculator_node.hpp
[8.503s] -- Installing: /home/kaio/github/ROS2_summer_school/summer_school_ws/install/calculator/share/calculator/launch
[8.503s] -- Installing: /home/kaio/github/ROS2_summer_school/summer_school_ws/install/calculator/share/calculator/launch/calculator_launch.py
[8.503s] -- Installing: /home/kaio/github/ROS2_summer_school/summer_school_ws/install/calculator/share/calculator/params
[8.503s] -- Installing: /home/kaio/github/ROS2_summer_school/summer_school_ws/install/calculator/share/calculator/params/constants.yaml
[8.503s] -- Installing: /home/kaio/github/ROS2_summer_school/summer_school_ws/install/calculator/share/ament_index/resource_index/package_run_dependencies/calculator
[8.503s] -- Installing: /home/kaio/github/ROS2_summer_school/summer_school_ws/install/calculator/share/ament_index/resource_index/parent_prefix_path/calculator
[8.503s] -- Installing: /home/kaio/github/ROS2_summer_school/summer_school_ws/install/calculator/share/calculator/environment/ament_prefix_path.sh
[8.503s] -- Installing: /home/kaio/github/ROS2_summer_school/summer_school_ws/install/calculator/share/calculator/environment/ament_prefix_path.dsv
[8.503s] -- Installing: /home/kaio/github/ROS2_summer_school/summer_school_ws/install/calculator/share/calculator/environment/path.sh
[8.503s] -- Installing: /home/kaio/github/ROS2_summer_school/summer_school_ws/install/calculator/share/calculator/environment/path.dsv
[8.503s] -- Installing: /home/kaio/github/ROS2_summer_school/summer_school_ws/install/calculator/share/calculator/local_setup.bash
[8.503s] -- Installing: /home/kaio/github/ROS2_summer_school/summer_school_ws/install/calculator/share/calculator/local_setup.sh
[8.503s] -- Installing: /home/kaio/github/ROS2_summer_school/summer_school_ws/install/calculator/share/calculator/local_setup.zsh
[8.503s] -- Installing: /home/kaio/github/ROS2_summer_school/summer_school_ws/install/calculator/share/calculator/local_setup.dsv
[8.504s] -- Installing: /home/kaio/github/ROS2_summer_school/summer_school_ws/install/calculator/share/calculator/package.dsv
[8.504s] -- Installing: /home/kaio/github/ROS2_summer_school/summer_school_ws/install/calculator/share/ament_index/resource_index/packages/calculator
[8.504s] -- Installing: /home/kaio/github/ROS2_summer_school/summer_school_ws/install/calculator/share/ament_index/resource_index/rclcpp_components/calculator
[8.504s] -- Installing: /home/kaio/github/ROS2_summer_school/summer_school_ws/install/calculator/share/calculator/cmake/ament_cmake_export_include_directories-extras.cmake
[8.504s] -- Installing: /home/kaio/github/ROS2_summer_school/summer_school_ws/install/calculator/share/calculator/cmake/ament_cmake_export_dependencies-extras.cmake
[8.504s] -- Installing: /home/kaio/github/ROS2_summer_school/summer_school_ws/install/calculator/share/calculator/cmake/calculatorConfig.cmake
[8.504s] -- Installing: /home/kaio/github/ROS2_summer_school/summer_school_ws/install/calculator/share/calculator/cmake/calculatorConfig-version.cmake
[8.504s] -- Installing: /home/kaio/github/ROS2_summer_school/summer_school_ws/install/calculator/share/calculator/package.xml
[8.506s] Invoked command in '/home/kaio/github/ROS2_summer_school/summer_school_ws/build/calculator' returned '0': AMENT_PREFIX_PATH=/home/kaio/github/ROS2_summer_school/summer_school_ws/install/custon_msg_srv:${AMENT_PREFIX_PATH} CMAKE_PREFIX_PATH=/home/kaio/github/ROS2_summer_school/summer_school_ws/install/custon_msg_srv:/home/kaio/summer_school_ws/install/pkg_cpp:/home/kaio/summer_school_ws/install/calculator:/home/kaio/summer_school_ws/install/custon_msg_srv:/opt/ros/humble:/home/kaio/laser_uav_system_ws/install/realsense_gazebo_plugin:/home/kaio/laser_uav_system_ws/install/realsense2_description:/home/kaio/laser_uav_system_ws/install/realsense2_camera:/home/kaio/laser_uav_system_ws/install/realsense2_camera_msgs:/home/kaio/laser_uav_system_ws/install/laser_uav_px4_api:/home/kaio/laser_uav_system_ws/install/px4_msgs:/home/kaio/laser_uav_system_ws/install/laser_uav_simulation LD_LIBRARY_PATH=/home/kaio/github/ROS2_summer_school/summer_school_ws/install/custon_msg_srv/lib:${LD_LIBRARY_PATH} PYTHONPATH=/home/kaio/github/ROS2_summer_school/summer_school_ws/install/custon_msg_srv/local/lib/python3.10/dist-packages:${PYTHONPATH} /usr/bin/cmake --install /home/kaio/github/ROS2_summer_school/summer_school_ws/build/calculator
