-- The C compiler identification is GNU 9.5.0
-- The CXX compiler identification is GNU 9.5.0
-- Detecting C compiler ABI info
-- Detecting C compiler ABI info - done
-- Check for working C compiler: /usr/bin/cc - skipped
-- Detecting C compile features
-- Detecting C compile features - done
-- Detecting CXX compiler ABI info
-- Detecting CXX compiler ABI info - done
-- Check for working CXX compiler: /usr/bin/c++ - skipped
-- Detecting CXX compile features
-- Detecting CXX compile features - done
-- Found ament_cmake: 1.3.11 (/opt/ros/humble/share/ament_cmake/cmake)
-- Found Python3: /usr/bin/python3 (found version "3.10.12") found components: Interpreter 
-- Found rosidl_default_generators: 1.2.0 (/opt/ros/humble/share/rosidl_default_generators/cmake)
-- Using all available rosidl_typesupport_c: rosidl_typesupport_fastrtps_c;rosidl_typesupport_introspection_c
-- Found rosidl_adapter: 3.1.6 (/opt/ros/humble/share/rosidl_adapter/cmake)
-- Using all available rosidl_typesupport_cpp: rosidl_typesupport_fastrtps_cpp;rosidl_typesupport_introspection_cpp
-- Found std_msgs: 4.2.4 (/opt/ros/humble/share/std_msgs/cmake)
-- Found ament_cmake_ros: 0.10.0 (/opt/ros/humble/share/ament_cmake_ros/cmake)
-- Using all available rosidl_typesupport_c: rosidl_typesupport_fastrtps_c;rosidl_typesupport_introspection_c
-- Using all available rosidl_typesupport_cpp: rosidl_typesupport_fastrtps_cpp;rosidl_typesupport_introspection_cpp
-- Found PythonInterp: /usr/bin/python3 (found suitable version "3.10.12", minimum required is "3.6") 
-- Found python_cmake_module: 0.10.0 (/opt/ros/humble/share/python_cmake_module/cmake)
-- Found PythonLibs: /usr/lib/x86_64-linux-gnu/libpython3.10.so (found suitable version "3.10.12", minimum required is "3.5") 
-- Using PYTHON_EXECUTABLE: /usr/bin/python3
-- Using PYTHON_INCLUDE_DIRS: /usr/include/python3.10
-- Using PYTHON_LIBRARIES: /usr/lib/x86_64-linux-gnu/libpython3.10.so
-- Found PythonExtra: .so  
-- Found ament_lint_auto: 0.12.11 (/opt/ros/humble/share/ament_lint_auto/cmake)
-- Added test 'lint_cmake' to check CMake code style
-- Added test 'xmllint' to check XML markup files
-- Configuring done
-- Generating done
-- Build files have been written to: /home/kaio/summer_school_ws/build/custon_msg_srv
[  2%] [34m[1mGenerating C code for ROS interfaces[0m
[  5%] [34m[1mGenerating C++ code for ROS interfaces[0m
[  5%] Built target ament_cmake_python_copy_custon_msg_srv
running egg_info
creating custon_msg_srv.egg-info
writing custon_msg_srv.egg-info/PKG-INFO
writing dependency_links to custon_msg_srv.egg-info/dependency_links.txt
writing top-level names to custon_msg_srv.egg-info/top_level.txt
writing manifest file 'custon_msg_srv.egg-info/SOURCES.txt'
reading manifest file 'custon_msg_srv.egg-info/SOURCES.txt'
writing manifest file 'custon_msg_srv.egg-info/SOURCES.txt'
[  5%] Built target ament_cmake_python_build_custon_msg_srv_egg
[  5%] Built target custon_msg_srv__cpp
[ 10%] [32mBuilding C object CMakeFiles/custon_msg_srv__rosidl_generator_c.dir/rosidl_generator_c/custon_msg_srv/msg/detail/two_float64__functions.c.o[0m
[ 10%] [32mBuilding C object CMakeFiles/custon_msg_srv__rosidl_generator_c.dir/rosidl_generator_c/custon_msg_srv/srv/detail/setop__functions.c.o[0m
[ 15%] [34m[1mGenerating C++ type support dispatch for ROS interfaces[0m
[ 15%] [34m[1mGenerating C++ type support for eProsima Fast-RTPS[0m
[ 17%] [34m[1mGenerating C++ introspection for ROS interfaces[0m
[ 20%] [32m[1mLinking C shared library libcuston_msg_srv__rosidl_generator_c.so[0m
[ 20%] Built target custon_msg_srv__rosidl_generator_c
[ 23%] [34m[1mGenerating C type support for eProsima Fast-RTPS[0m
[ 25%] [34m[1mGenerating C introspection for ROS interfaces[0m
[ 28%] [34m[1mGenerating C type support dispatch for ROS interfaces[0m
[ 33%] [32mBuilding CXX object CMakeFiles/custon_msg_srv__rosidl_typesupport_introspection_cpp.dir/rosidl_typesupport_introspection_cpp/custon_msg_srv/msg/detail/two_float64__type_support.cpp.o[0m
[ 33%] [32mBuilding CXX object CMakeFiles/custon_msg_srv__rosidl_typesupport_introspection_cpp.dir/rosidl_typesupport_introspection_cpp/custon_msg_srv/srv/detail/setop__type_support.cpp.o[0m
[ 35%] [32mBuilding CXX object CMakeFiles/custon_msg_srv__rosidl_typesupport_cpp.dir/rosidl_typesupport_cpp/custon_msg_srv/msg/two_float64__type_support.cpp.o[0m
[ 38%] [32mBuilding CXX object CMakeFiles/custon_msg_srv__rosidl_typesupport_cpp.dir/rosidl_typesupport_cpp/custon_msg_srv/srv/setop__type_support.cpp.o[0m
[ 41%] [32mBuilding C object CMakeFiles/custon_msg_srv__rosidl_typesupport_introspection_c.dir/rosidl_typesupport_introspection_c/custon_msg_srv/msg/detail/two_float64__type_support.c.o[0m
[ 43%] [32mBuilding CXX object CMakeFiles/custon_msg_srv__rosidl_typesupport_fastrtps_cpp.dir/rosidl_typesupport_fastrtps_cpp/custon_msg_srv/msg/detail/dds_fastrtps/two_float64__type_support.cpp.o[0m
[ 46%] [32mBuilding C object CMakeFiles/custon_msg_srv__rosidl_typesupport_introspection_c.dir/rosidl_typesupport_introspection_c/custon_msg_srv/srv/detail/setop__type_support.c.o[0m
[ 48%] [32mBuilding CXX object CMakeFiles/custon_msg_srv__rosidl_typesupport_c.dir/rosidl_typesupport_c/custon_msg_srv/msg/two_float64__type_support.cpp.o[0m
[ 51%] [32m[1mLinking C shared library libcuston_msg_srv__rosidl_typesupport_introspection_c.so[0m
[ 53%] [32mBuilding CXX object CMakeFiles/custon_msg_srv__rosidl_typesupport_c.dir/rosidl_typesupport_c/custon_msg_srv/srv/setop__type_support.cpp.o[0m
[ 56%] [32mBuilding CXX object CMakeFiles/custon_msg_srv__rosidl_typesupport_fastrtps_c.dir/rosidl_typesupport_fastrtps_c/custon_msg_srv/msg/detail/two_float64__type_support_c.cpp.o[0m
[ 56%] Built target custon_msg_srv__rosidl_typesupport_introspection_c
[ 58%] [32m[1mLinking CXX shared library libcuston_msg_srv__rosidl_typesupport_c.so[0m
[ 61%] [32mBuilding CXX object CMakeFiles/custon_msg_srv__rosidl_typesupport_fastrtps_cpp.dir/rosidl_typesupport_fastrtps_cpp/custon_msg_srv/srv/detail/dds_fastrtps/setop__type_support.cpp.o[0m
[ 61%] Built target custon_msg_srv__rosidl_typesupport_c
[ 64%] [32mBuilding CXX object CMakeFiles/custon_msg_srv__rosidl_typesupport_fastrtps_c.dir/rosidl_typesupport_fastrtps_c/custon_msg_srv/srv/detail/setop__type_support_c.cpp.o[0m
[ 66%] [32m[1mLinking CXX shared library libcuston_msg_srv__rosidl_typesupport_cpp.so[0m
[ 66%] Built target custon_msg_srv__rosidl_typesupport_cpp
[ 69%] [32m[1mLinking CXX shared library libcuston_msg_srv__rosidl_typesupport_introspection_cpp.so[0m
[ 69%] Built target custon_msg_srv__rosidl_typesupport_introspection_cpp
[ 71%] [32m[1mLinking CXX shared library libcuston_msg_srv__rosidl_typesupport_fastrtps_cpp.so[0m
[ 74%] [32m[1mLinking CXX shared library libcuston_msg_srv__rosidl_typesupport_fastrtps_c.so[0m
[ 74%] Built target custon_msg_srv__rosidl_typesupport_fastrtps_cpp
[ 74%] Built target custon_msg_srv__rosidl_typesupport_fastrtps_c
[ 74%] Built target custon_msg_srv
[ 76%] [34m[1mGenerating Python code for ROS interfaces[0m
[ 76%] Built target custon_msg_srv__py
[ 82%] [32mBuilding C object CMakeFiles/custon_msg_srv__rosidl_generator_py.dir/rosidl_generator_py/custon_msg_srv/msg/_two_float64_s.c.o[0m
[ 82%] [32mBuilding C object CMakeFiles/custon_msg_srv__rosidl_generator_py.dir/rosidl_generator_py/custon_msg_srv/srv/_setop_s.c.o[0m
[ 84%] [32m[1mLinking C shared library rosidl_generator_py/custon_msg_srv/libcuston_msg_srv__rosidl_generator_py.so[0m
[ 84%] Built target custon_msg_srv__rosidl_generator_py
[ 92%] [32mBuilding C object CMakeFiles/custon_msg_srv__rosidl_typesupport_introspection_c__pyext.dir/rosidl_generator_py/custon_msg_srv/_custon_msg_srv_s.ep.rosidl_typesupport_introspection_c.c.o[0m
[ 92%] [32mBuilding C object CMakeFiles/custon_msg_srv__rosidl_typesupport_c__pyext.dir/rosidl_generator_py/custon_msg_srv/_custon_msg_srv_s.ep.rosidl_typesupport_c.c.o[0m
[ 92%] [32mBuilding C object CMakeFiles/custon_msg_srv__rosidl_typesupport_fastrtps_c__pyext.dir/rosidl_generator_py/custon_msg_srv/_custon_msg_srv_s.ep.rosidl_typesupport_fastrtps_c.c.o[0m
[ 94%] [32m[1mLinking C shared library rosidl_generator_py/custon_msg_srv/custon_msg_srv_s__rosidl_typesupport_c.cpython-310-x86_64-linux-gnu.so[0m
[ 97%] [32m[1mLinking C shared library rosidl_generator_py/custon_msg_srv/custon_msg_srv_s__rosidl_typesupport_introspection_c.cpython-310-x86_64-linux-gnu.so[0m
[100%] [32m[1mLinking C shared library rosidl_generator_py/custon_msg_srv/custon_msg_srv_s__rosidl_typesupport_fastrtps_c.cpython-310-x86_64-linux-gnu.so[0m
[100%] Built target custon_msg_srv__rosidl_typesupport_c__pyext
[100%] Built target custon_msg_srv__rosidl_typesupport_introspection_c__pyext
[100%] Built target custon_msg_srv__rosidl_typesupport_fastrtps_c__pyext
-- Install configuration: ""
-- Installing: /home/kaio/summer_school_ws/install/custon_msg_srv/share/ament_index/resource_index/rosidl_interfaces/custon_msg_srv
-- Installing: /home/kaio/summer_school_ws/install/custon_msg_srv/include/custon_msg_srv/custon_msg_srv
-- Installing: /home/kaio/summer_school_ws/install/custon_msg_srv/include/custon_msg_srv/custon_msg_srv/msg
-- Installing: /home/kaio/summer_school_ws/install/custon_msg_srv/include/custon_msg_srv/custon_msg_srv/msg/rosidl_generator_c__visibility_control.h
-- Installing: /home/kaio/summer_school_ws/install/custon_msg_srv/include/custon_msg_srv/custon_msg_srv/msg/two_float64.h
-- Installing: /home/kaio/summer_school_ws/install/custon_msg_srv/include/custon_msg_srv/custon_msg_srv/msg/detail
-- Installing: /home/kaio/summer_school_ws/install/custon_msg_srv/include/custon_msg_srv/custon_msg_srv/msg/detail/two_float64__functions.c
-- Installing: /home/kaio/summer_school_ws/install/custon_msg_srv/include/custon_msg_srv/custon_msg_srv/msg/detail/two_float64__type_support.h
-- Installing: /home/kaio/summer_school_ws/install/custon_msg_srv/include/custon_msg_srv/custon_msg_srv/msg/detail/two_float64__functions.h
-- Installing: /home/kaio/summer_school_ws/install/custon_msg_srv/include/custon_msg_srv/custon_msg_srv/msg/detail/two_float64__struct.h
-- Installing: /home/kaio/summer_school_ws/install/custon_msg_srv/include/custon_msg_srv/custon_msg_srv/srv
-- Installing: /home/kaio/summer_school_ws/install/custon_msg_srv/include/custon_msg_srv/custon_msg_srv/srv/setop.h
-- Installing: /home/kaio/summer_school_ws/install/custon_msg_srv/include/custon_msg_srv/custon_msg_srv/srv/detail
-- Installing: /home/kaio/summer_school_ws/install/custon_msg_srv/include/custon_msg_srv/custon_msg_srv/srv/detail/setop__struct.h
-- Installing: /home/kaio/summer_school_ws/install/custon_msg_srv/include/custon_msg_srv/custon_msg_srv/srv/detail/setop__functions.c
-- Installing: /home/kaio/summer_school_ws/install/custon_msg_srv/include/custon_msg_srv/custon_msg_srv/srv/detail/setop__functions.h
-- Installing: /home/kaio/summer_school_ws/install/custon_msg_srv/include/custon_msg_srv/custon_msg_srv/srv/detail/setop__type_support.h
-- Installing: /home/kaio/summer_school_ws/install/custon_msg_srv/share/custon_msg_srv/environment/library_path.sh
-- Installing: /home/kaio/summer_school_ws/install/custon_msg_srv/share/custon_msg_srv/environment/library_path.dsv
-- Installing: /home/kaio/summer_school_ws/install/custon_msg_srv/lib/libcuston_msg_srv__rosidl_generator_c.so
-- Set runtime path of "/home/kaio/summer_school_ws/install/custon_msg_srv/lib/libcuston_msg_srv__rosidl_generator_c.so" to ""
-- Up-to-date: /home/kaio/summer_school_ws/install/custon_msg_srv/include/custon_msg_srv/custon_msg_srv
-- Up-to-date: /home/kaio/summer_school_ws/install/custon_msg_srv/include/custon_msg_srv/custon_msg_srv/msg
-- Installing: /home/kaio/summer_school_ws/install/custon_msg_srv/include/custon_msg_srv/custon_msg_srv/msg/rosidl_typesupport_fastrtps_c__visibility_control.h
-- Up-to-date: /home/kaio/summer_school_ws/install/custon_msg_srv/include/custon_msg_srv/custon_msg_srv/msg/detail
-- Installing: /home/kaio/summer_school_ws/install/custon_msg_srv/include/custon_msg_srv/custon_msg_srv/msg/detail/two_float64__rosidl_typesupport_fastrtps_c.h
-- Up-to-date: /home/kaio/summer_school_ws/install/custon_msg_srv/include/custon_msg_srv/custon_msg_srv/srv
-- Up-to-date: /home/kaio/summer_school_ws/install/custon_msg_srv/include/custon_msg_srv/custon_msg_srv/srv/detail
-- Installing: /home/kaio/summer_school_ws/install/custon_msg_srv/include/custon_msg_srv/custon_msg_srv/srv/detail/setop__rosidl_typesupport_fastrtps_c.h
-- Installing: /home/kaio/summer_school_ws/install/custon_msg_srv/lib/libcuston_msg_srv__rosidl_typesupport_fastrtps_c.so
-- Set runtime path of "/home/kaio/summer_school_ws/install/custon_msg_srv/lib/libcuston_msg_srv__rosidl_typesupport_fastrtps_c.so" to ""
-- Up-to-date: /home/kaio/summer_school_ws/install/custon_msg_srv/include/custon_msg_srv/custon_msg_srv
-- Up-to-date: /home/kaio/summer_school_ws/install/custon_msg_srv/include/custon_msg_srv/custon_msg_srv/msg
-- Installing: /home/kaio/summer_school_ws/install/custon_msg_srv/include/custon_msg_srv/custon_msg_srv/msg/rosidl_typesupport_introspection_c__visibility_control.h
-- Up-to-date: /home/kaio/summer_school_ws/install/custon_msg_srv/include/custon_msg_srv/custon_msg_srv/msg/detail
-- Installing: /home/kaio/summer_school_ws/install/custon_msg_srv/include/custon_msg_srv/custon_msg_srv/msg/detail/two_float64__rosidl_typesupport_introspection_c.h
-- Installing: /home/kaio/summer_school_ws/install/custon_msg_srv/include/custon_msg_srv/custon_msg_srv/msg/detail/two_float64__type_support.c
-- Up-to-date: /home/kaio/summer_school_ws/install/custon_msg_srv/include/custon_msg_srv/custon_msg_srv/srv
-- Up-to-date: /home/kaio/summer_school_ws/install/custon_msg_srv/include/custon_msg_srv/custon_msg_srv/srv/detail
-- Installing: /home/kaio/summer_school_ws/install/custon_msg_srv/include/custon_msg_srv/custon_msg_srv/srv/detail/setop__type_support.c
-- Installing: /home/kaio/summer_school_ws/install/custon_msg_srv/include/custon_msg_srv/custon_msg_srv/srv/detail/setop__rosidl_typesupport_introspection_c.h
-- Installing: /home/kaio/summer_school_ws/install/custon_msg_srv/lib/libcuston_msg_srv__rosidl_typesupport_introspection_c.so
-- Set runtime path of "/home/kaio/summer_school_ws/install/custon_msg_srv/lib/libcuston_msg_srv__rosidl_typesupport_introspection_c.so" to ""
-- Installing: /home/kaio/summer_school_ws/install/custon_msg_srv/lib/libcuston_msg_srv__rosidl_typesupport_c.so
-- Set runtime path of "/home/kaio/summer_school_ws/install/custon_msg_srv/lib/libcuston_msg_srv__rosidl_typesupport_c.so" to ""
-- Up-to-date: /home/kaio/summer_school_ws/install/custon_msg_srv/include/custon_msg_srv/custon_msg_srv
-- Up-to-date: /home/kaio/summer_school_ws/install/custon_msg_srv/include/custon_msg_srv/custon_msg_srv/msg
-- Installing: /home/kaio/summer_school_ws/install/custon_msg_srv/include/custon_msg_srv/custon_msg_srv/msg/two_float64.hpp
-- Installing: /home/kaio/summer_school_ws/install/custon_msg_srv/include/custon_msg_srv/custon_msg_srv/msg/rosidl_generator_cpp__visibility_control.hpp
-- Up-to-date: /home/kaio/summer_school_ws/install/custon_msg_srv/include/custon_msg_srv/custon_msg_srv/msg/detail
-- Installing: /home/kaio/summer_school_ws/install/custon_msg_srv/include/custon_msg_srv/custon_msg_srv/msg/detail/two_float64__type_support.hpp
-- Installing: /home/kaio/summer_school_ws/install/custon_msg_srv/include/custon_msg_srv/custon_msg_srv/msg/detail/two_float64__builder.hpp
-- Installing: /home/kaio/summer_school_ws/install/custon_msg_srv/include/custon_msg_srv/custon_msg_srv/msg/detail/two_float64__traits.hpp
-- Installing: /home/kaio/summer_school_ws/install/custon_msg_srv/include/custon_msg_srv/custon_msg_srv/msg/detail/two_float64__struct.hpp
-- Up-to-date: /home/kaio/summer_school_ws/install/custon_msg_srv/include/custon_msg_srv/custon_msg_srv/srv
-- Installing: /home/kaio/summer_school_ws/install/custon_msg_srv/include/custon_msg_srv/custon_msg_srv/srv/setop.hpp
-- Up-to-date: /home/kaio/summer_school_ws/install/custon_msg_srv/include/custon_msg_srv/custon_msg_srv/srv/detail
-- Installing: /home/kaio/summer_school_ws/install/custon_msg_srv/include/custon_msg_srv/custon_msg_srv/srv/detail/setop__traits.hpp
-- Installing: /home/kaio/summer_school_ws/install/custon_msg_srv/include/custon_msg_srv/custon_msg_srv/srv/detail/setop__struct.hpp
-- Installing: /home/kaio/summer_school_ws/install/custon_msg_srv/include/custon_msg_srv/custon_msg_srv/srv/detail/setop__type_support.hpp
-- Installing: /home/kaio/summer_school_ws/install/custon_msg_srv/include/custon_msg_srv/custon_msg_srv/srv/detail/setop__builder.hpp
-- Up-to-date: /home/kaio/summer_school_ws/install/custon_msg_srv/include/custon_msg_srv/custon_msg_srv
-- Up-to-date: /home/kaio/summer_school_ws/install/custon_msg_srv/include/custon_msg_srv/custon_msg_srv/msg
-- Installing: /home/kaio/summer_school_ws/install/custon_msg_srv/include/custon_msg_srv/custon_msg_srv/msg/rosidl_typesupport_fastrtps_cpp__visibility_control.h
-- Up-to-date: /home/kaio/summer_school_ws/install/custon_msg_srv/include/custon_msg_srv/custon_msg_srv/msg/detail
-- Installing: /home/kaio/summer_school_ws/install/custon_msg_srv/include/custon_msg_srv/custon_msg_srv/msg/detail/two_float64__rosidl_typesupport_fastrtps_cpp.hpp
-- Installing: /home/kaio/summer_school_ws/install/custon_msg_srv/include/custon_msg_srv/custon_msg_srv/msg/detail/dds_fastrtps
-- Up-to-date: /home/kaio/summer_school_ws/install/custon_msg_srv/include/custon_msg_srv/custon_msg_srv/srv
-- Up-to-date: /home/kaio/summer_school_ws/install/custon_msg_srv/include/custon_msg_srv/custon_msg_srv/srv/detail
-- Installing: /home/kaio/summer_school_ws/install/custon_msg_srv/include/custon_msg_srv/custon_msg_srv/srv/detail/dds_fastrtps
-- Installing: /home/kaio/summer_school_ws/install/custon_msg_srv/include/custon_msg_srv/custon_msg_srv/srv/detail/setop__rosidl_typesupport_fastrtps_cpp.hpp
-- Installing: /home/kaio/summer_school_ws/install/custon_msg_srv/lib/libcuston_msg_srv__rosidl_typesupport_fastrtps_cpp.so
-- Set runtime path of "/home/kaio/summer_school_ws/install/custon_msg_srv/lib/libcuston_msg_srv__rosidl_typesupport_fastrtps_cpp.so" to ""
-- Up-to-date: /home/kaio/summer_school_ws/install/custon_msg_srv/include/custon_msg_srv/custon_msg_srv
-- Up-to-date: /home/kaio/summer_school_ws/install/custon_msg_srv/include/custon_msg_srv/custon_msg_srv/msg
-- Up-to-date: /home/kaio/summer_school_ws/install/custon_msg_srv/include/custon_msg_srv/custon_msg_srv/msg/detail
-- Installing: /home/kaio/summer_school_ws/install/custon_msg_srv/include/custon_msg_srv/custon_msg_srv/msg/detail/two_float64__rosidl_typesupport_introspection_cpp.hpp
-- Installing: /home/kaio/summer_school_ws/install/custon_msg_srv/include/custon_msg_srv/custon_msg_srv/msg/detail/two_float64__type_support.cpp
-- Up-to-date: /home/kaio/summer_school_ws/install/custon_msg_srv/include/custon_msg_srv/custon_msg_srv/srv
-- Up-to-date: /home/kaio/summer_school_ws/install/custon_msg_srv/include/custon_msg_srv/custon_msg_srv/srv/detail
-- Installing: /home/kaio/summer_school_ws/install/custon_msg_srv/include/custon_msg_srv/custon_msg_srv/srv/detail/setop__rosidl_typesupport_introspection_cpp.hpp
-- Installing: /home/kaio/summer_school_ws/install/custon_msg_srv/include/custon_msg_srv/custon_msg_srv/srv/detail/setop__type_support.cpp
-- Installing: /home/kaio/summer_school_ws/install/custon_msg_srv/lib/libcuston_msg_srv__rosidl_typesupport_introspection_cpp.so
-- Set runtime path of "/home/kaio/summer_school_ws/install/custon_msg_srv/lib/libcuston_msg_srv__rosidl_typesupport_introspection_cpp.so" to ""
-- Installing: /home/kaio/summer_school_ws/install/custon_msg_srv/lib/libcuston_msg_srv__rosidl_typesupport_cpp.so
-- Set runtime path of "/home/kaio/summer_school_ws/install/custon_msg_srv/lib/libcuston_msg_srv__rosidl_typesupport_cpp.so" to ""
-- Installing: /home/kaio/summer_school_ws/install/custon_msg_srv/share/custon_msg_srv/environment/pythonpath.sh
-- Installing: /home/kaio/summer_school_ws/install/custon_msg_srv/share/custon_msg_srv/environment/pythonpath.dsv
-- Installing: /home/kaio/summer_school_ws/install/custon_msg_srv/local/lib/python3.10/dist-packages/custon_msg_srv-0.0.0-py3.10.egg-info
-- Installing: /home/kaio/summer_school_ws/install/custon_msg_srv/local/lib/python3.10/dist-packages/custon_msg_srv-0.0.0-py3.10.egg-info/PKG-INFO
-- Installing: /home/kaio/summer_school_ws/install/custon_msg_srv/local/lib/python3.10/dist-packages/custon_msg_srv-0.0.0-py3.10.egg-info/SOURCES.txt
-- Installing: /home/kaio/summer_school_ws/install/custon_msg_srv/local/lib/python3.10/dist-packages/custon_msg_srv-0.0.0-py3.10.egg-info/dependency_links.txt
-- Installing: /home/kaio/summer_school_ws/install/custon_msg_srv/local/lib/python3.10/dist-packages/custon_msg_srv-0.0.0-py3.10.egg-info/top_level.txt
-- Installing: /home/kaio/summer_school_ws/install/custon_msg_srv/local/lib/python3.10/dist-packages/custon_msg_srv
-- Installing: /home/kaio/summer_school_ws/install/custon_msg_srv/local/lib/python3.10/dist-packages/custon_msg_srv/libcuston_msg_srv__rosidl_generator_py.so
-- Installing: /home/kaio/summer_school_ws/install/custon_msg_srv/local/lib/python3.10/dist-packages/custon_msg_srv/_custon_msg_srv_s.ep.rosidl_typesupport_introspection_c.c
-- Installing: /home/kaio/summer_school_ws/install/custon_msg_srv/local/lib/python3.10/dist-packages/custon_msg_srv/__init__.py
-- Installing: /home/kaio/summer_school_ws/install/custon_msg_srv/local/lib/python3.10/dist-packages/custon_msg_srv/custon_msg_srv_s__rosidl_typesupport_introspection_c.cpython-310-x86_64-linux-gnu.so
-- Installing: /home/kaio/summer_school_ws/install/custon_msg_srv/local/lib/python3.10/dist-packages/custon_msg_srv/_custon_msg_srv_s.ep.rosidl_typesupport_fastrtps_c.c
-- Installing: /home/kaio/summer_school_ws/install/custon_msg_srv/local/lib/python3.10/dist-packages/custon_msg_srv/custon_msg_srv_s__rosidl_typesupport_c.cpython-310-x86_64-linux-gnu.so
-- Installing: /home/kaio/summer_school_ws/install/custon_msg_srv/local/lib/python3.10/dist-packages/custon_msg_srv/custon_msg_srv_s__rosidl_typesupport_fastrtps_c.cpython-310-x86_64-linux-gnu.so
-- Installing: /home/kaio/summer_school_ws/install/custon_msg_srv/local/lib/python3.10/dist-packages/custon_msg_srv/msg
-- Installing: /home/kaio/summer_school_ws/install/custon_msg_srv/local/lib/python3.10/dist-packages/custon_msg_srv/msg/_two_float64_s.c
-- Installing: /home/kaio/summer_school_ws/install/custon_msg_srv/local/lib/python3.10/dist-packages/custon_msg_srv/msg/__init__.py
-- Installing: /home/kaio/summer_school_ws/install/custon_msg_srv/local/lib/python3.10/dist-packages/custon_msg_srv/msg/_two_float64.py
-- Installing: /home/kaio/summer_school_ws/install/custon_msg_srv/local/lib/python3.10/dist-packages/custon_msg_srv/_custon_msg_srv_s.ep.rosidl_typesupport_c.c
-- Installing: /home/kaio/summer_school_ws/install/custon_msg_srv/local/lib/python3.10/dist-packages/custon_msg_srv/srv
-- Installing: /home/kaio/summer_school_ws/install/custon_msg_srv/local/lib/python3.10/dist-packages/custon_msg_srv/srv/_setop_s.c
-- Installing: /home/kaio/summer_school_ws/install/custon_msg_srv/local/lib/python3.10/dist-packages/custon_msg_srv/srv/__init__.py
-- Installing: /home/kaio/summer_school_ws/install/custon_msg_srv/local/lib/python3.10/dist-packages/custon_msg_srv/srv/_setop.py
Listing '/home/kaio/summer_school_ws/install/custon_msg_srv/local/lib/python3.10/dist-packages/custon_msg_srv'...
Compiling '/home/kaio/summer_school_ws/install/custon_msg_srv/local/lib/python3.10/dist-packages/custon_msg_srv/__init__.py'...
Listing '/home/kaio/summer_school_ws/install/custon_msg_srv/local/lib/python3.10/dist-packages/custon_msg_srv/msg'...
Compiling '/home/kaio/summer_school_ws/install/custon_msg_srv/local/lib/python3.10/dist-packages/custon_msg_srv/msg/__init__.py'...
Compiling '/home/kaio/summer_school_ws/install/custon_msg_srv/local/lib/python3.10/dist-packages/custon_msg_srv/msg/_two_float64.py'...
Listing '/home/kaio/summer_school_ws/install/custon_msg_srv/local/lib/python3.10/dist-packages/custon_msg_srv/srv'...
Compiling '/home/kaio/summer_school_ws/install/custon_msg_srv/local/lib/python3.10/dist-packages/custon_msg_srv/srv/__init__.py'...
Compiling '/home/kaio/summer_school_ws/install/custon_msg_srv/local/lib/python3.10/dist-packages/custon_msg_srv/srv/_setop.py'...
-- Installing: /home/kaio/summer_school_ws/install/custon_msg_srv/local/lib/python3.10/dist-packages/custon_msg_srv/custon_msg_srv_s__rosidl_typesupport_fastrtps_c.cpython-310-x86_64-linux-gnu.so
-- Set runtime path of "/home/kaio/summer_school_ws/install/custon_msg_srv/local/lib/python3.10/dist-packages/custon_msg_srv/custon_msg_srv_s__rosidl_typesupport_fastrtps_c.cpython-310-x86_64-linux-gnu.so" to ""
-- Installing: /home/kaio/summer_school_ws/install/custon_msg_srv/local/lib/python3.10/dist-packages/custon_msg_srv/custon_msg_srv_s__rosidl_typesupport_introspection_c.cpython-310-x86_64-linux-gnu.so
-- Set runtime path of "/home/kaio/summer_school_ws/install/custon_msg_srv/local/lib/python3.10/dist-packages/custon_msg_srv/custon_msg_srv_s__rosidl_typesupport_introspection_c.cpython-310-x86_64-linux-gnu.so" to ""
-- Installing: /home/kaio/summer_school_ws/install/custon_msg_srv/local/lib/python3.10/dist-packages/custon_msg_srv/custon_msg_srv_s__rosidl_typesupport_c.cpython-310-x86_64-linux-gnu.so
-- Set runtime path of "/home/kaio/summer_school_ws/install/custon_msg_srv/local/lib/python3.10/dist-packages/custon_msg_srv/custon_msg_srv_s__rosidl_typesupport_c.cpython-310-x86_64-linux-gnu.so" to ""
-- Installing: /home/kaio/summer_school_ws/install/custon_msg_srv/lib/libcuston_msg_srv__rosidl_generator_py.so
-- Set runtime path of "/home/kaio/summer_school_ws/install/custon_msg_srv/lib/libcuston_msg_srv__rosidl_generator_py.so" to ""
-- Installing: /home/kaio/summer_school_ws/install/custon_msg_srv/share/custon_msg_srv/msg/TwoFloat64.idl
-- Installing: /home/kaio/summer_school_ws/install/custon_msg_srv/share/custon_msg_srv/srv/Setop.idl
-- Installing: /home/kaio/summer_school_ws/install/custon_msg_srv/share/custon_msg_srv/msg/TwoFloat64.msg
-- Installing: /home/kaio/summer_school_ws/install/custon_msg_srv/share/custon_msg_srv/srv/Setop.srv
-- Installing: /home/kaio/summer_school_ws/install/custon_msg_srv/share/custon_msg_srv/srv/Setop_Request.msg
-- Installing: /home/kaio/summer_school_ws/install/custon_msg_srv/share/custon_msg_srv/srv/Setop_Response.msg
-- Installing: /home/kaio/summer_school_ws/install/custon_msg_srv/share/ament_index/resource_index/package_run_dependencies/custon_msg_srv
-- Installing: /home/kaio/summer_school_ws/install/custon_msg_srv/share/ament_index/resource_index/parent_prefix_path/custon_msg_srv
-- Installing: /home/kaio/summer_school_ws/install/custon_msg_srv/share/custon_msg_srv/environment/ament_prefix_path.sh
-- Installing: /home/kaio/summer_school_ws/install/custon_msg_srv/share/custon_msg_srv/environment/ament_prefix_path.dsv
-- Installing: /home/kaio/summer_school_ws/install/custon_msg_srv/share/custon_msg_srv/environment/path.sh
-- Installing: /home/kaio/summer_school_ws/install/custon_msg_srv/share/custon_msg_srv/environment/path.dsv
-- Installing: /home/kaio/summer_school_ws/install/custon_msg_srv/share/custon_msg_srv/local_setup.bash
-- Installing: /home/kaio/summer_school_ws/install/custon_msg_srv/share/custon_msg_srv/local_setup.sh
-- Installing: /home/kaio/summer_school_ws/install/custon_msg_srv/share/custon_msg_srv/local_setup.zsh
-- Installing: /home/kaio/summer_school_ws/install/custon_msg_srv/share/custon_msg_srv/local_setup.dsv
-- Installing: /home/kaio/summer_school_ws/install/custon_msg_srv/share/custon_msg_srv/package.dsv
-- Installing: /home/kaio/summer_school_ws/install/custon_msg_srv/share/ament_index/resource_index/packages/custon_msg_srv
-- Installing: /home/kaio/summer_school_ws/install/custon_msg_srv/share/custon_msg_srv/cmake/export_custon_msg_srv__rosidl_generator_cExport.cmake
-- Installing: /home/kaio/summer_school_ws/install/custon_msg_srv/share/custon_msg_srv/cmake/export_custon_msg_srv__rosidl_generator_cExport-noconfig.cmake
-- Installing: /home/kaio/summer_school_ws/install/custon_msg_srv/share/custon_msg_srv/cmake/export_custon_msg_srv__rosidl_typesupport_fastrtps_cExport.cmake
-- Installing: /home/kaio/summer_school_ws/install/custon_msg_srv/share/custon_msg_srv/cmake/export_custon_msg_srv__rosidl_typesupport_fastrtps_cExport-noconfig.cmake
-- Installing: /home/kaio/summer_school_ws/install/custon_msg_srv/share/custon_msg_srv/cmake/custon_msg_srv__rosidl_typesupport_introspection_cExport.cmake
-- Installing: /home/kaio/summer_school_ws/install/custon_msg_srv/share/custon_msg_srv/cmake/custon_msg_srv__rosidl_typesupport_introspection_cExport-noconfig.cmake
-- Installing: /home/kaio/summer_school_ws/install/custon_msg_srv/share/custon_msg_srv/cmake/custon_msg_srv__rosidl_typesupport_cExport.cmake
-- Installing: /home/kaio/summer_school_ws/install/custon_msg_srv/share/custon_msg_srv/cmake/custon_msg_srv__rosidl_typesupport_cExport-noconfig.cmake
-- Installing: /home/kaio/summer_school_ws/install/custon_msg_srv/share/custon_msg_srv/cmake/export_custon_msg_srv__rosidl_generator_cppExport.cmake
-- Installing: /home/kaio/summer_school_ws/install/custon_msg_srv/share/custon_msg_srv/cmake/export_custon_msg_srv__rosidl_typesupport_fastrtps_cppExport.cmake
-- Installing: /home/kaio/summer_school_ws/install/custon_msg_srv/share/custon_msg_srv/cmake/export_custon_msg_srv__rosidl_typesupport_fastrtps_cppExport-noconfig.cmake
-- Installing: /home/kaio/summer_school_ws/install/custon_msg_srv/share/custon_msg_srv/cmake/custon_msg_srv__rosidl_typesupport_introspection_cppExport.cmake
-- Installing: /home/kaio/summer_school_ws/install/custon_msg_srv/share/custon_msg_srv/cmake/custon_msg_srv__rosidl_typesupport_introspection_cppExport-noconfig.cmake
-- Installing: /home/kaio/summer_school_ws/install/custon_msg_srv/share/custon_msg_srv/cmake/custon_msg_srv__rosidl_typesupport_cppExport.cmake
-- Installing: /home/kaio/summer_school_ws/install/custon_msg_srv/share/custon_msg_srv/cmake/custon_msg_srv__rosidl_typesupport_cppExport-noconfig.cmake
-- Installing: /home/kaio/summer_school_ws/install/custon_msg_srv/share/custon_msg_srv/cmake/export_custon_msg_srv__rosidl_generator_pyExport.cmake
-- Installing: /home/kaio/summer_school_ws/install/custon_msg_srv/share/custon_msg_srv/cmake/export_custon_msg_srv__rosidl_generator_pyExport-noconfig.cmake
-- Installing: /home/kaio/summer_school_ws/install/custon_msg_srv/share/custon_msg_srv/cmake/rosidl_cmake-extras.cmake
-- Installing: /home/kaio/summer_school_ws/install/custon_msg_srv/share/custon_msg_srv/cmake/ament_cmake_export_include_directories-extras.cmake
-- Installing: /home/kaio/summer_school_ws/install/custon_msg_srv/share/custon_msg_srv/cmake/ament_cmake_export_libraries-extras.cmake
-- Installing: /home/kaio/summer_school_ws/install/custon_msg_srv/share/custon_msg_srv/cmake/ament_cmake_export_targets-extras.cmake
-- Installing: /home/kaio/summer_school_ws/install/custon_msg_srv/share/custon_msg_srv/cmake/rosidl_cmake_export_typesupport_targets-extras.cmake
-- Installing: /home/kaio/summer_school_ws/install/custon_msg_srv/share/custon_msg_srv/cmake/ament_cmake_export_dependencies-extras.cmake
-- Installing: /home/kaio/summer_school_ws/install/custon_msg_srv/share/custon_msg_srv/cmake/rosidl_cmake_export_typesupport_libraries-extras.cmake
-- Installing: /home/kaio/summer_school_ws/install/custon_msg_srv/share/custon_msg_srv/cmake/custon_msg_srvConfig.cmake
-- Installing: /home/kaio/summer_school_ws/install/custon_msg_srv/share/custon_msg_srv/cmake/custon_msg_srvConfig-version.cmake
-- Installing: /home/kaio/summer_school_ws/install/custon_msg_srv/share/custon_msg_srv/package.xml
