[0.008s] Invoking command in '/home/kaio/summer_school_ws/build/custon_msg_srv': CMAKE_PREFIX_PATH=/home/kaio/summer_school_ws/install/custon_msg_srv:/home/kaio/summer_school_ws/install/pkg_cpp:/home/kaio/summer_school_ws/install/example:/home/kaio/summer_school_ws/install/calculator:/home/kaio/summer_school_ws/install/atv1:/opt/ros/humble:/home/kaio/laser_uav_system_ws/install/realsense_gazebo_plugin:/home/kaio/laser_uav_system_ws/install/realsense2_description:/home/kaio/laser_uav_system_ws/install/realsense2_camera:/home/kaio/laser_uav_system_ws/install/realsense2_camera_msgs:/home/kaio/laser_uav_system_ws/install/laser_uav_px4_api:/home/kaio/laser_uav_system_ws/install/px4_msgs:/home/kaio/laser_uav_system_ws/install/laser_uav_simulation /usr/bin/cmake /home/kaio/summer_school_ws/src/custon_msg_srv -DCMAKE_INSTALL_PREFIX=/home/kaio/summer_school_ws/install/custon_msg_srv
[0.050s] -- The C compiler identification is GNU 9.5.0
[0.089s] -- The CXX compiler identification is GNU 9.5.0
[0.094s] -- Detecting C compiler ABI info
[0.142s] -- Detecting C compiler ABI info - done
[0.147s] -- Check for working C compiler: /usr/bin/cc - skipped
[0.147s] -- Detecting C compile features
[0.147s] -- Detecting C compile features - done
[0.149s] -- Detecting CXX compiler ABI info
[0.206s] -- Detecting CXX compiler ABI info - done
[0.211s] -- Check for working CXX compiler: /usr/bin/c++ - skipped
[0.211s] -- Detecting CXX compile features
[0.212s] -- Detecting CXX compile features - done
[0.213s] -- Found ament_cmake: 1.3.11 (/opt/ros/humble/share/ament_cmake/cmake)
[0.323s] -- Found Python3: /usr/bin/python3 (found version "3.10.12") found components: Interpreter 
[0.385s] -- Found rosidl_default_generators: 1.2.0 (/opt/ros/humble/share/rosidl_default_generators/cmake)
[0.387s] -- Using all available rosidl_typesupport_c: rosidl_typesupport_fastrtps_c;rosidl_typesupport_introspection_c
[0.391s] -- Found rosidl_adapter: 3.1.6 (/opt/ros/humble/share/rosidl_adapter/cmake)
[0.417s] -- Using all available rosidl_typesupport_cpp: rosidl_typesupport_fastrtps_cpp;rosidl_typesupport_introspection_cpp
[0.438s] -- Found std_msgs: 4.2.4 (/opt/ros/humble/share/std_msgs/cmake)
[0.629s] -- Found ament_cmake_ros: 0.10.0 (/opt/ros/humble/share/ament_cmake_ros/cmake)
[0.765s] -- Using all available rosidl_typesupport_c: rosidl_typesupport_fastrtps_c;rosidl_typesupport_introspection_c
[0.932s] -- Using all available rosidl_typesupport_cpp: rosidl_typesupport_fastrtps_cpp;rosidl_typesupport_introspection_cpp
[0.949s] -- Found PythonInterp: /usr/bin/python3 (found suitable version "3.10.12", minimum required is "3.6") 
[0.950s] -- Found python_cmake_module: 0.10.0 (/opt/ros/humble/share/python_cmake_module/cmake)
[0.969s] -- Found PythonLibs: /usr/lib/x86_64-linux-gnu/libpython3.10.so (found suitable version "3.10.12", minimum required is "3.5") 
[0.969s] -- Using PYTHON_EXECUTABLE: /usr/bin/python3
[0.969s] -- Using PYTHON_INCLUDE_DIRS: /usr/include/python3.10
[0.969s] -- Using PYTHON_LIBRARIES: /usr/lib/x86_64-linux-gnu/libpython3.10.so
[0.984s] -- Found PythonExtra: .so  
[1.008s] -- Found ament_lint_auto: 0.12.11 (/opt/ros/humble/share/ament_lint_auto/cmake)
[1.019s] -- Added test 'lint_cmake' to check CMake code style
[1.019s] -- Added test 'xmllint' to check XML markup files
[1.022s] -- Configuring done
[1.047s] -- Generating done
[1.058s] -- Build files have been written to: /home/kaio/summer_school_ws/build/custon_msg_srv
[1.063s] Invoked command in '/home/kaio/summer_school_ws/build/custon_msg_srv' returned '0': CMAKE_PREFIX_PATH=/home/kaio/summer_school_ws/install/custon_msg_srv:/home/kaio/summer_school_ws/install/pkg_cpp:/home/kaio/summer_school_ws/install/example:/home/kaio/summer_school_ws/install/calculator:/home/kaio/summer_school_ws/install/atv1:/opt/ros/humble:/home/kaio/laser_uav_system_ws/install/realsense_gazebo_plugin:/home/kaio/laser_uav_system_ws/install/realsense2_description:/home/kaio/laser_uav_system_ws/install/realsense2_camera:/home/kaio/laser_uav_system_ws/install/realsense2_camera_msgs:/home/kaio/laser_uav_system_ws/install/laser_uav_px4_api:/home/kaio/laser_uav_system_ws/install/px4_msgs:/home/kaio/laser_uav_system_ws/install/laser_uav_simulation /usr/bin/cmake /home/kaio/summer_school_ws/src/custon_msg_srv -DCMAKE_INSTALL_PREFIX=/home/kaio/summer_school_ws/install/custon_msg_srv
[1.065s] Invoking command in '/home/kaio/summer_school_ws/build/custon_msg_srv': CMAKE_PREFIX_PATH=/home/kaio/summer_school_ws/install/custon_msg_srv:/home/kaio/summer_school_ws/install/pkg_cpp:/home/kaio/summer_school_ws/install/example:/home/kaio/summer_school_ws/install/calculator:/home/kaio/summer_school_ws/install/atv1:/opt/ros/humble:/home/kaio/laser_uav_system_ws/install/realsense_gazebo_plugin:/home/kaio/laser_uav_system_ws/install/realsense2_description:/home/kaio/laser_uav_system_ws/install/realsense2_camera:/home/kaio/laser_uav_system_ws/install/realsense2_camera_msgs:/home/kaio/laser_uav_system_ws/install/laser_uav_px4_api:/home/kaio/laser_uav_system_ws/install/px4_msgs:/home/kaio/laser_uav_system_ws/install/laser_uav_simulation /usr/bin/cmake --build /home/kaio/summer_school_ws/build/custon_msg_srv -- -j8 -l8
[1.092s] [  2%] [34m[1mGenerating C code for ROS interfaces[0m
[1.099s] [  5%] [34m[1mGenerating C++ code for ROS interfaces[0m
[1.105s] [  5%] Built target ament_cmake_python_copy_custon_msg_srv
[1.318s] running egg_info
[1.318s] creating custon_msg_srv.egg-info
[1.323s] writing custon_msg_srv.egg-info/PKG-INFO
[1.323s] writing dependency_links to custon_msg_srv.egg-info/dependency_links.txt
[1.323s] writing top-level names to custon_msg_srv.egg-info/top_level.txt
[1.323s] writing manifest file 'custon_msg_srv.egg-info/SOURCES.txt'
[1.325s] reading manifest file 'custon_msg_srv.egg-info/SOURCES.txt'
[1.325s] writing manifest file 'custon_msg_srv.egg-info/SOURCES.txt'
[1.348s] [  5%] Built target ament_cmake_python_build_custon_msg_srv_egg
[1.378s] [  5%] Built target custon_msg_srv__cpp
[1.379s] [ 10%] [32mBuilding C object CMakeFiles/custon_msg_srv__rosidl_generator_c.dir/rosidl_generator_c/custon_msg_srv/msg/detail/two_float64__functions.c.o[0m
[1.379s] [ 10%] [32mBuilding C object CMakeFiles/custon_msg_srv__rosidl_generator_c.dir/rosidl_generator_c/custon_msg_srv/srv/detail/setop__functions.c.o[0m
[1.385s] [ 15%] [34m[1mGenerating C++ type support dispatch for ROS interfaces[0m
[1.385s] [ 15%] [34m[1mGenerating C++ type support for eProsima Fast-RTPS[0m
[1.388s] [ 17%] [34m[1mGenerating C++ introspection for ROS interfaces[0m
[1.421s] [ 20%] [32m[1mLinking C shared library libcuston_msg_srv__rosidl_generator_c.so[0m
[1.450s] [ 20%] Built target custon_msg_srv__rosidl_generator_c
[1.460s] [ 23%] [34m[1mGenerating C type support for eProsima Fast-RTPS[0m
[1.460s] [ 25%] [34m[1mGenerating C introspection for ROS interfaces[0m
[1.461s] [ 28%] [34m[1mGenerating C type support dispatch for ROS interfaces[0m
[1.634s] [ 33%] [32mBuilding CXX object CMakeFiles/custon_msg_srv__rosidl_typesupport_introspection_cpp.dir/rosidl_typesupport_introspection_cpp/custon_msg_srv/msg/detail/two_float64__type_support.cpp.o[0m
[1.634s] [ 33%] [32mBuilding CXX object CMakeFiles/custon_msg_srv__rosidl_typesupport_introspection_cpp.dir/rosidl_typesupport_introspection_cpp/custon_msg_srv/srv/detail/setop__type_support.cpp.o[0m
[1.696s] [ 35%] [32mBuilding CXX object CMakeFiles/custon_msg_srv__rosidl_typesupport_cpp.dir/rosidl_typesupport_cpp/custon_msg_srv/msg/two_float64__type_support.cpp.o[0m
[1.696s] [ 38%] [32mBuilding CXX object CMakeFiles/custon_msg_srv__rosidl_typesupport_cpp.dir/rosidl_typesupport_cpp/custon_msg_srv/srv/setop__type_support.cpp.o[0m
[1.774s] [ 41%] [32mBuilding C object CMakeFiles/custon_msg_srv__rosidl_typesupport_introspection_c.dir/rosidl_typesupport_introspection_c/custon_msg_srv/msg/detail/two_float64__type_support.c.o[0m
[1.787s] [ 43%] [32mBuilding CXX object CMakeFiles/custon_msg_srv__rosidl_typesupport_fastrtps_cpp.dir/rosidl_typesupport_fastrtps_cpp/custon_msg_srv/msg/detail/dds_fastrtps/two_float64__type_support.cpp.o[0m
[1.809s] [ 46%] [32mBuilding C object CMakeFiles/custon_msg_srv__rosidl_typesupport_introspection_c.dir/rosidl_typesupport_introspection_c/custon_msg_srv/srv/detail/setop__type_support.c.o[0m
[1.819s] [ 48%] [32mBuilding CXX object CMakeFiles/custon_msg_srv__rosidl_typesupport_c.dir/rosidl_typesupport_c/custon_msg_srv/msg/two_float64__type_support.cpp.o[0m
[1.848s] [ 51%] [32m[1mLinking C shared library libcuston_msg_srv__rosidl_typesupport_introspection_c.so[0m
[1.851s] [ 53%] [32mBuilding CXX object CMakeFiles/custon_msg_srv__rosidl_typesupport_c.dir/rosidl_typesupport_c/custon_msg_srv/srv/setop__type_support.cpp.o[0m
[1.885s] [ 56%] [32mBuilding CXX object CMakeFiles/custon_msg_srv__rosidl_typesupport_fastrtps_c.dir/rosidl_typesupport_fastrtps_c/custon_msg_srv/msg/detail/two_float64__type_support_c.cpp.o[0m
[1.886s] [ 56%] Built target custon_msg_srv__rosidl_typesupport_introspection_c
[1.886s] [ 58%] [32m[1mLinking CXX shared library libcuston_msg_srv__rosidl_typesupport_c.so[0m
[1.897s] [ 61%] [32mBuilding CXX object CMakeFiles/custon_msg_srv__rosidl_typesupport_fastrtps_cpp.dir/rosidl_typesupport_fastrtps_cpp/custon_msg_srv/srv/detail/dds_fastrtps/setop__type_support.cpp.o[0m
[1.948s] [ 61%] Built target custon_msg_srv__rosidl_typesupport_c
[1.961s] [ 64%] [32mBuilding CXX object CMakeFiles/custon_msg_srv__rosidl_typesupport_fastrtps_c.dir/rosidl_typesupport_fastrtps_c/custon_msg_srv/srv/detail/setop__type_support_c.cpp.o[0m
[1.992s] [ 66%] [32m[1mLinking CXX shared library libcuston_msg_srv__rosidl_typesupport_cpp.so[0m
[2.040s] [ 66%] Built target custon_msg_srv__rosidl_typesupport_cpp
[2.086s] [ 69%] [32m[1mLinking CXX shared library libcuston_msg_srv__rosidl_typesupport_introspection_cpp.so[0m
[2.137s] [ 69%] Built target custon_msg_srv__rosidl_typesupport_introspection_cpp
[2.244s] [ 71%] [32m[1mLinking CXX shared library libcuston_msg_srv__rosidl_typesupport_fastrtps_cpp.so[0m
[2.249s] [ 74%] [32m[1mLinking CXX shared library libcuston_msg_srv__rosidl_typesupport_fastrtps_c.so[0m
[2.306s] [ 74%] Built target custon_msg_srv__rosidl_typesupport_fastrtps_cpp
[2.311s] [ 74%] Built target custon_msg_srv__rosidl_typesupport_fastrtps_c
[2.325s] [ 74%] Built target custon_msg_srv
[2.340s] [ 76%] [34m[1mGenerating Python code for ROS interfaces[0m
[2.638s] [ 76%] Built target custon_msg_srv__py
[2.653s] [ 82%] [32mBuilding C object CMakeFiles/custon_msg_srv__rosidl_generator_py.dir/rosidl_generator_py/custon_msg_srv/msg/_two_float64_s.c.o[0m
[2.653s] [ 82%] [32mBuilding C object CMakeFiles/custon_msg_srv__rosidl_generator_py.dir/rosidl_generator_py/custon_msg_srv/srv/_setop_s.c.o[0m
[2.715s] [ 84%] [32m[1mLinking C shared library rosidl_generator_py/custon_msg_srv/libcuston_msg_srv__rosidl_generator_py.so[0m
[2.743s] [ 84%] Built target custon_msg_srv__rosidl_generator_py
[2.757s] [ 92%] [32mBuilding C object CMakeFiles/custon_msg_srv__rosidl_typesupport_introspection_c__pyext.dir/rosidl_generator_py/custon_msg_srv/_custon_msg_srv_s.ep.rosidl_typesupport_introspection_c.c.o[0m
[2.758s] [ 92%] [32mBuilding C object CMakeFiles/custon_msg_srv__rosidl_typesupport_c__pyext.dir/rosidl_generator_py/custon_msg_srv/_custon_msg_srv_s.ep.rosidl_typesupport_c.c.o[0m
[2.758s] [ 92%] [32mBuilding C object CMakeFiles/custon_msg_srv__rosidl_typesupport_fastrtps_c__pyext.dir/rosidl_generator_py/custon_msg_srv/_custon_msg_srv_s.ep.rosidl_typesupport_fastrtps_c.c.o[0m
[2.815s] [ 94%] [32m[1mLinking C shared library rosidl_generator_py/custon_msg_srv/custon_msg_srv_s__rosidl_typesupport_c.cpython-310-x86_64-linux-gnu.so[0m
[2.816s] [ 97%] [32m[1mLinking C shared library rosidl_generator_py/custon_msg_srv/custon_msg_srv_s__rosidl_typesupport_introspection_c.cpython-310-x86_64-linux-gnu.so[0m
[2.817s] [100%] [32m[1mLinking C shared library rosidl_generator_py/custon_msg_srv/custon_msg_srv_s__rosidl_typesupport_fastrtps_c.cpython-310-x86_64-linux-gnu.so[0m
[2.839s] [100%] Built target custon_msg_srv__rosidl_typesupport_c__pyext
[2.840s] [100%] Built target custon_msg_srv__rosidl_typesupport_introspection_c__pyext
[2.840s] [100%] Built target custon_msg_srv__rosidl_typesupport_fastrtps_c__pyext
[2.847s] Invoked command in '/home/kaio/summer_school_ws/build/custon_msg_srv' returned '0': CMAKE_PREFIX_PATH=/home/kaio/summer_school_ws/install/custon_msg_srv:/home/kaio/summer_school_ws/install/pkg_cpp:/home/kaio/summer_school_ws/install/example:/home/kaio/summer_school_ws/install/calculator:/home/kaio/summer_school_ws/install/atv1:/opt/ros/humble:/home/kaio/laser_uav_system_ws/install/realsense_gazebo_plugin:/home/kaio/laser_uav_system_ws/install/realsense2_description:/home/kaio/laser_uav_system_ws/install/realsense2_camera:/home/kaio/laser_uav_system_ws/install/realsense2_camera_msgs:/home/kaio/laser_uav_system_ws/install/laser_uav_px4_api:/home/kaio/laser_uav_system_ws/install/px4_msgs:/home/kaio/laser_uav_system_ws/install/laser_uav_simulation /usr/bin/cmake --build /home/kaio/summer_school_ws/build/custon_msg_srv -- -j8 -l8
[2.854s] Invoking command in '/home/kaio/summer_school_ws/build/custon_msg_srv': CMAKE_PREFIX_PATH=/home/kaio/summer_school_ws/install/custon_msg_srv:/home/kaio/summer_school_ws/install/pkg_cpp:/home/kaio/summer_school_ws/install/example:/home/kaio/summer_school_ws/install/calculator:/home/kaio/summer_school_ws/install/atv1:/opt/ros/humble:/home/kaio/laser_uav_system_ws/install/realsense_gazebo_plugin:/home/kaio/laser_uav_system_ws/install/realsense2_description:/home/kaio/laser_uav_system_ws/install/realsense2_camera:/home/kaio/laser_uav_system_ws/install/realsense2_camera_msgs:/home/kaio/laser_uav_system_ws/install/laser_uav_px4_api:/home/kaio/laser_uav_system_ws/install/px4_msgs:/home/kaio/laser_uav_system_ws/install/laser_uav_simulation /usr/bin/cmake --install /home/kaio/summer_school_ws/build/custon_msg_srv
[2.860s] -- Install configuration: ""
[2.860s] -- Installing: /home/kaio/summer_school_ws/install/custon_msg_srv/share/ament_index/resource_index/rosidl_interfaces/custon_msg_srv
[2.860s] -- Installing: /home/kaio/summer_school_ws/install/custon_msg_srv/include/custon_msg_srv/custon_msg_srv
[2.860s] -- Installing: /home/kaio/summer_school_ws/install/custon_msg_srv/include/custon_msg_srv/custon_msg_srv/msg
[2.860s] -- Installing: /home/kaio/summer_school_ws/install/custon_msg_srv/include/custon_msg_srv/custon_msg_srv/msg/rosidl_generator_c__visibility_control.h
[2.860s] -- Installing: /home/kaio/summer_school_ws/install/custon_msg_srv/include/custon_msg_srv/custon_msg_srv/msg/two_float64.h
[2.860s] -- Installing: /home/kaio/summer_school_ws/install/custon_msg_srv/include/custon_msg_srv/custon_msg_srv/msg/detail
[2.860s] -- Installing: /home/kaio/summer_school_ws/install/custon_msg_srv/include/custon_msg_srv/custon_msg_srv/msg/detail/two_float64__functions.c
[2.860s] -- Installing: /home/kaio/summer_school_ws/install/custon_msg_srv/include/custon_msg_srv/custon_msg_srv/msg/detail/two_float64__type_support.h
[2.860s] -- Installing: /home/kaio/summer_school_ws/install/custon_msg_srv/include/custon_msg_srv/custon_msg_srv/msg/detail/two_float64__functions.h
[2.860s] -- Installing: /home/kaio/summer_school_ws/install/custon_msg_srv/include/custon_msg_srv/custon_msg_srv/msg/detail/two_float64__struct.h
[2.860s] -- Installing: /home/kaio/summer_school_ws/install/custon_msg_srv/include/custon_msg_srv/custon_msg_srv/srv
[2.861s] -- Installing: /home/kaio/summer_school_ws/install/custon_msg_srv/include/custon_msg_srv/custon_msg_srv/srv/setop.h
[2.861s] -- Installing: /home/kaio/summer_school_ws/install/custon_msg_srv/include/custon_msg_srv/custon_msg_srv/srv/detail
[2.861s] -- Installing: /home/kaio/summer_school_ws/install/custon_msg_srv/include/custon_msg_srv/custon_msg_srv/srv/detail/setop__struct.h
[2.861s] -- Installing: /home/kaio/summer_school_ws/install/custon_msg_srv/include/custon_msg_srv/custon_msg_srv/srv/detail/setop__functions.c
[2.861s] -- Installing: /home/kaio/summer_school_ws/install/custon_msg_srv/include/custon_msg_srv/custon_msg_srv/srv/detail/setop__functions.h
[2.861s] -- Installing: /home/kaio/summer_school_ws/install/custon_msg_srv/include/custon_msg_srv/custon_msg_srv/srv/detail/setop__type_support.h
[2.861s] -- Installing: /home/kaio/summer_school_ws/install/custon_msg_srv/share/custon_msg_srv/environment/library_path.sh
[2.861s] -- Installing: /home/kaio/summer_school_ws/install/custon_msg_srv/share/custon_msg_srv/environment/library_path.dsv
[2.861s] -- Installing: /home/kaio/summer_school_ws/install/custon_msg_srv/lib/libcuston_msg_srv__rosidl_generator_c.so
[2.861s] -- Set runtime path of "/home/kaio/summer_school_ws/install/custon_msg_srv/lib/libcuston_msg_srv__rosidl_generator_c.so" to ""
[2.861s] -- Up-to-date: /home/kaio/summer_school_ws/install/custon_msg_srv/include/custon_msg_srv/custon_msg_srv
[2.861s] -- Up-to-date: /home/kaio/summer_school_ws/install/custon_msg_srv/include/custon_msg_srv/custon_msg_srv/msg
[2.861s] -- Installing: /home/kaio/summer_school_ws/install/custon_msg_srv/include/custon_msg_srv/custon_msg_srv/msg/rosidl_typesupport_fastrtps_c__visibility_control.h
[2.861s] -- Up-to-date: /home/kaio/summer_school_ws/install/custon_msg_srv/include/custon_msg_srv/custon_msg_srv/msg/detail
[2.862s] -- Installing: /home/kaio/summer_school_ws/install/custon_msg_srv/include/custon_msg_srv/custon_msg_srv/msg/detail/two_float64__rosidl_typesupport_fastrtps_c.h
[2.862s] -- Up-to-date: /home/kaio/summer_school_ws/install/custon_msg_srv/include/custon_msg_srv/custon_msg_srv/srv
[2.862s] -- Up-to-date: /home/kaio/summer_school_ws/install/custon_msg_srv/include/custon_msg_srv/custon_msg_srv/srv/detail
[2.862s] -- Installing: /home/kaio/summer_school_ws/install/custon_msg_srv/include/custon_msg_srv/custon_msg_srv/srv/detail/setop__rosidl_typesupport_fastrtps_c.h
[2.862s] -- Installing: /home/kaio/summer_school_ws/install/custon_msg_srv/lib/libcuston_msg_srv__rosidl_typesupport_fastrtps_c.so
[2.862s] -- Set runtime path of "/home/kaio/summer_school_ws/install/custon_msg_srv/lib/libcuston_msg_srv__rosidl_typesupport_fastrtps_c.so" to ""
[2.862s] -- Up-to-date: /home/kaio/summer_school_ws/install/custon_msg_srv/include/custon_msg_srv/custon_msg_srv
[2.862s] -- Up-to-date: /home/kaio/summer_school_ws/install/custon_msg_srv/include/custon_msg_srv/custon_msg_srv/msg
[2.862s] -- Installing: /home/kaio/summer_school_ws/install/custon_msg_srv/include/custon_msg_srv/custon_msg_srv/msg/rosidl_typesupport_introspection_c__visibility_control.h
[2.862s] -- Up-to-date: /home/kaio/summer_school_ws/install/custon_msg_srv/include/custon_msg_srv/custon_msg_srv/msg/detail
[2.862s] -- Installing: /home/kaio/summer_school_ws/install/custon_msg_srv/include/custon_msg_srv/custon_msg_srv/msg/detail/two_float64__rosidl_typesupport_introspection_c.h
[2.862s] -- Installing: /home/kaio/summer_school_ws/install/custon_msg_srv/include/custon_msg_srv/custon_msg_srv/msg/detail/two_float64__type_support.c
[2.862s] -- Up-to-date: /home/kaio/summer_school_ws/install/custon_msg_srv/include/custon_msg_srv/custon_msg_srv/srv
[2.862s] -- Up-to-date: /home/kaio/summer_school_ws/install/custon_msg_srv/include/custon_msg_srv/custon_msg_srv/srv/detail
[2.862s] -- Installing: /home/kaio/summer_school_ws/install/custon_msg_srv/include/custon_msg_srv/custon_msg_srv/srv/detail/setop__type_support.c
[2.862s] -- Installing: /home/kaio/summer_school_ws/install/custon_msg_srv/include/custon_msg_srv/custon_msg_srv/srv/detail/setop__rosidl_typesupport_introspection_c.h
[2.862s] -- Installing: /home/kaio/summer_school_ws/install/custon_msg_srv/lib/libcuston_msg_srv__rosidl_typesupport_introspection_c.so
[2.863s] -- Set runtime path of "/home/kaio/summer_school_ws/install/custon_msg_srv/lib/libcuston_msg_srv__rosidl_typesupport_introspection_c.so" to ""
[2.863s] -- Installing: /home/kaio/summer_school_ws/install/custon_msg_srv/lib/libcuston_msg_srv__rosidl_typesupport_c.so
[2.863s] -- Set runtime path of "/home/kaio/summer_school_ws/install/custon_msg_srv/lib/libcuston_msg_srv__rosidl_typesupport_c.so" to ""
[2.863s] -- Up-to-date: /home/kaio/summer_school_ws/install/custon_msg_srv/include/custon_msg_srv/custon_msg_srv
[2.863s] -- Up-to-date: /home/kaio/summer_school_ws/install/custon_msg_srv/include/custon_msg_srv/custon_msg_srv/msg
[2.863s] -- Installing: /home/kaio/summer_school_ws/install/custon_msg_srv/include/custon_msg_srv/custon_msg_srv/msg/two_float64.hpp
[2.863s] -- Installing: /home/kaio/summer_school_ws/install/custon_msg_srv/include/custon_msg_srv/custon_msg_srv/msg/rosidl_generator_cpp__visibility_control.hpp
[2.863s] -- Up-to-date: /home/kaio/summer_school_ws/install/custon_msg_srv/include/custon_msg_srv/custon_msg_srv/msg/detail
[2.863s] -- Installing: /home/kaio/summer_school_ws/install/custon_msg_srv/include/custon_msg_srv/custon_msg_srv/msg/detail/two_float64__type_support.hpp
[2.863s] -- Installing: /home/kaio/summer_school_ws/install/custon_msg_srv/include/custon_msg_srv/custon_msg_srv/msg/detail/two_float64__builder.hpp
[2.863s] -- Installing: /home/kaio/summer_school_ws/install/custon_msg_srv/include/custon_msg_srv/custon_msg_srv/msg/detail/two_float64__traits.hpp
[2.863s] -- Installing: /home/kaio/summer_school_ws/install/custon_msg_srv/include/custon_msg_srv/custon_msg_srv/msg/detail/two_float64__struct.hpp
[2.863s] -- Up-to-date: /home/kaio/summer_school_ws/install/custon_msg_srv/include/custon_msg_srv/custon_msg_srv/srv
[2.863s] -- Installing: /home/kaio/summer_school_ws/install/custon_msg_srv/include/custon_msg_srv/custon_msg_srv/srv/setop.hpp
[2.863s] -- Up-to-date: /home/kaio/summer_school_ws/install/custon_msg_srv/include/custon_msg_srv/custon_msg_srv/srv/detail
[2.864s] -- Installing: /home/kaio/summer_school_ws/install/custon_msg_srv/include/custon_msg_srv/custon_msg_srv/srv/detail/setop__traits.hpp
[2.864s] -- Installing: /home/kaio/summer_school_ws/install/custon_msg_srv/include/custon_msg_srv/custon_msg_srv/srv/detail/setop__struct.hpp
[2.864s] -- Installing: /home/kaio/summer_school_ws/install/custon_msg_srv/include/custon_msg_srv/custon_msg_srv/srv/detail/setop__type_support.hpp
[2.864s] -- Installing: /home/kaio/summer_school_ws/install/custon_msg_srv/include/custon_msg_srv/custon_msg_srv/srv/detail/setop__builder.hpp
[2.864s] -- Up-to-date: /home/kaio/summer_school_ws/install/custon_msg_srv/include/custon_msg_srv/custon_msg_srv
[2.864s] -- Up-to-date: /home/kaio/summer_school_ws/install/custon_msg_srv/include/custon_msg_srv/custon_msg_srv/msg
[2.864s] -- Installing: /home/kaio/summer_school_ws/install/custon_msg_srv/include/custon_msg_srv/custon_msg_srv/msg/rosidl_typesupport_fastrtps_cpp__visibility_control.h
[2.864s] -- Up-to-date: /home/kaio/summer_school_ws/install/custon_msg_srv/include/custon_msg_srv/custon_msg_srv/msg/detail
[2.864s] -- Installing: /home/kaio/summer_school_ws/install/custon_msg_srv/include/custon_msg_srv/custon_msg_srv/msg/detail/two_float64__rosidl_typesupport_fastrtps_cpp.hpp
[2.864s] -- Installing: /home/kaio/summer_school_ws/install/custon_msg_srv/include/custon_msg_srv/custon_msg_srv/msg/detail/dds_fastrtps
[2.864s] -- Up-to-date: /home/kaio/summer_school_ws/install/custon_msg_srv/include/custon_msg_srv/custon_msg_srv/srv
[2.864s] -- Up-to-date: /home/kaio/summer_school_ws/install/custon_msg_srv/include/custon_msg_srv/custon_msg_srv/srv/detail
[2.864s] -- Installing: /home/kaio/summer_school_ws/install/custon_msg_srv/include/custon_msg_srv/custon_msg_srv/srv/detail/dds_fastrtps
[2.864s] -- Installing: /home/kaio/summer_school_ws/install/custon_msg_srv/include/custon_msg_srv/custon_msg_srv/srv/detail/setop__rosidl_typesupport_fastrtps_cpp.hpp
[2.864s] -- Installing: /home/kaio/summer_school_ws/install/custon_msg_srv/lib/libcuston_msg_srv__rosidl_typesupport_fastrtps_cpp.so
[2.864s] -- Set runtime path of "/home/kaio/summer_school_ws/install/custon_msg_srv/lib/libcuston_msg_srv__rosidl_typesupport_fastrtps_cpp.so" to ""
[2.864s] -- Up-to-date: /home/kaio/summer_school_ws/install/custon_msg_srv/include/custon_msg_srv/custon_msg_srv
[2.865s] -- Up-to-date: /home/kaio/summer_school_ws/install/custon_msg_srv/include/custon_msg_srv/custon_msg_srv/msg
[2.865s] -- Up-to-date: /home/kaio/summer_school_ws/install/custon_msg_srv/include/custon_msg_srv/custon_msg_srv/msg/detail
[2.865s] -- Installing: /home/kaio/summer_school_ws/install/custon_msg_srv/include/custon_msg_srv/custon_msg_srv/msg/detail/two_float64__rosidl_typesupport_introspection_cpp.hpp
[2.865s] -- Installing: /home/kaio/summer_school_ws/install/custon_msg_srv/include/custon_msg_srv/custon_msg_srv/msg/detail/two_float64__type_support.cpp
[2.865s] -- Up-to-date: /home/kaio/summer_school_ws/install/custon_msg_srv/include/custon_msg_srv/custon_msg_srv/srv
[2.865s] -- Up-to-date: /home/kaio/summer_school_ws/install/custon_msg_srv/include/custon_msg_srv/custon_msg_srv/srv/detail
[2.865s] -- Installing: /home/kaio/summer_school_ws/install/custon_msg_srv/include/custon_msg_srv/custon_msg_srv/srv/detail/setop__rosidl_typesupport_introspection_cpp.hpp
[2.865s] -- Installing: /home/kaio/summer_school_ws/install/custon_msg_srv/include/custon_msg_srv/custon_msg_srv/srv/detail/setop__type_support.cpp
[2.865s] -- Installing: /home/kaio/summer_school_ws/install/custon_msg_srv/lib/libcuston_msg_srv__rosidl_typesupport_introspection_cpp.so
[2.865s] -- Set runtime path of "/home/kaio/summer_school_ws/install/custon_msg_srv/lib/libcuston_msg_srv__rosidl_typesupport_introspection_cpp.so" to ""
[2.865s] -- Installing: /home/kaio/summer_school_ws/install/custon_msg_srv/lib/libcuston_msg_srv__rosidl_typesupport_cpp.so
[2.865s] -- Set runtime path of "/home/kaio/summer_school_ws/install/custon_msg_srv/lib/libcuston_msg_srv__rosidl_typesupport_cpp.so" to ""
[2.865s] -- Installing: /home/kaio/summer_school_ws/install/custon_msg_srv/share/custon_msg_srv/environment/pythonpath.sh
[2.865s] -- Installing: /home/kaio/summer_school_ws/install/custon_msg_srv/share/custon_msg_srv/environment/pythonpath.dsv
[2.865s] -- Installing: /home/kaio/summer_school_ws/install/custon_msg_srv/local/lib/python3.10/dist-packages/custon_msg_srv-0.0.0-py3.10.egg-info
[2.866s] -- Installing: /home/kaio/summer_school_ws/install/custon_msg_srv/local/lib/python3.10/dist-packages/custon_msg_srv-0.0.0-py3.10.egg-info/PKG-INFO
[2.866s] -- Installing: /home/kaio/summer_school_ws/install/custon_msg_srv/local/lib/python3.10/dist-packages/custon_msg_srv-0.0.0-py3.10.egg-info/SOURCES.txt
[2.866s] -- Installing: /home/kaio/summer_school_ws/install/custon_msg_srv/local/lib/python3.10/dist-packages/custon_msg_srv-0.0.0-py3.10.egg-info/dependency_links.txt
[2.866s] -- Installing: /home/kaio/summer_school_ws/install/custon_msg_srv/local/lib/python3.10/dist-packages/custon_msg_srv-0.0.0-py3.10.egg-info/top_level.txt
[2.866s] -- Installing: /home/kaio/summer_school_ws/install/custon_msg_srv/local/lib/python3.10/dist-packages/custon_msg_srv
[2.866s] -- Installing: /home/kaio/summer_school_ws/install/custon_msg_srv/local/lib/python3.10/dist-packages/custon_msg_srv/libcuston_msg_srv__rosidl_generator_py.so
[2.866s] -- Installing: /home/kaio/summer_school_ws/install/custon_msg_srv/local/lib/python3.10/dist-packages/custon_msg_srv/_custon_msg_srv_s.ep.rosidl_typesupport_introspection_c.c
[2.866s] -- Installing: /home/kaio/summer_school_ws/install/custon_msg_srv/local/lib/python3.10/dist-packages/custon_msg_srv/__init__.py
[2.866s] -- Installing: /home/kaio/summer_school_ws/install/custon_msg_srv/local/lib/python3.10/dist-packages/custon_msg_srv/custon_msg_srv_s__rosidl_typesupport_introspection_c.cpython-310-x86_64-linux-gnu.so
[2.866s] -- Installing: /home/kaio/summer_school_ws/install/custon_msg_srv/local/lib/python3.10/dist-packages/custon_msg_srv/_custon_msg_srv_s.ep.rosidl_typesupport_fastrtps_c.c
[2.866s] -- Installing: /home/kaio/summer_school_ws/install/custon_msg_srv/local/lib/python3.10/dist-packages/custon_msg_srv/custon_msg_srv_s__rosidl_typesupport_c.cpython-310-x86_64-linux-gnu.so
[2.866s] -- Installing: /home/kaio/summer_school_ws/install/custon_msg_srv/local/lib/python3.10/dist-packages/custon_msg_srv/custon_msg_srv_s__rosidl_typesupport_fastrtps_c.cpython-310-x86_64-linux-gnu.so
[2.866s] -- Installing: /home/kaio/summer_school_ws/install/custon_msg_srv/local/lib/python3.10/dist-packages/custon_msg_srv/msg
[2.866s] -- Installing: /home/kaio/summer_school_ws/install/custon_msg_srv/local/lib/python3.10/dist-packages/custon_msg_srv/msg/_two_float64_s.c
[2.866s] -- Installing: /home/kaio/summer_school_ws/install/custon_msg_srv/local/lib/python3.10/dist-packages/custon_msg_srv/msg/__init__.py
[2.866s] -- Installing: /home/kaio/summer_school_ws/install/custon_msg_srv/local/lib/python3.10/dist-packages/custon_msg_srv/msg/_two_float64.py
[2.866s] -- Installing: /home/kaio/summer_school_ws/install/custon_msg_srv/local/lib/python3.10/dist-packages/custon_msg_srv/_custon_msg_srv_s.ep.rosidl_typesupport_c.c
[2.867s] -- Installing: /home/kaio/summer_school_ws/install/custon_msg_srv/local/lib/python3.10/dist-packages/custon_msg_srv/srv
[2.867s] -- Installing: /home/kaio/summer_school_ws/install/custon_msg_srv/local/lib/python3.10/dist-packages/custon_msg_srv/srv/_setop_s.c
[2.867s] -- Installing: /home/kaio/summer_school_ws/install/custon_msg_srv/local/lib/python3.10/dist-packages/custon_msg_srv/srv/__init__.py
[2.867s] -- Installing: /home/kaio/summer_school_ws/install/custon_msg_srv/local/lib/python3.10/dist-packages/custon_msg_srv/srv/_setop.py
[2.893s] Listing '/home/kaio/summer_school_ws/install/custon_msg_srv/local/lib/python3.10/dist-packages/custon_msg_srv'...
[2.893s] Compiling '/home/kaio/summer_school_ws/install/custon_msg_srv/local/lib/python3.10/dist-packages/custon_msg_srv/__init__.py'...
[2.893s] Listing '/home/kaio/summer_school_ws/install/custon_msg_srv/local/lib/python3.10/dist-packages/custon_msg_srv/msg'...
[2.893s] Compiling '/home/kaio/summer_school_ws/install/custon_msg_srv/local/lib/python3.10/dist-packages/custon_msg_srv/msg/__init__.py'...
[2.893s] Compiling '/home/kaio/summer_school_ws/install/custon_msg_srv/local/lib/python3.10/dist-packages/custon_msg_srv/msg/_two_float64.py'...
[2.893s] Listing '/home/kaio/summer_school_ws/install/custon_msg_srv/local/lib/python3.10/dist-packages/custon_msg_srv/srv'...
[2.893s] Compiling '/home/kaio/summer_school_ws/install/custon_msg_srv/local/lib/python3.10/dist-packages/custon_msg_srv/srv/__init__.py'...
[2.893s] Compiling '/home/kaio/summer_school_ws/install/custon_msg_srv/local/lib/python3.10/dist-packages/custon_msg_srv/srv/_setop.py'...
[2.896s] -- Installing: /home/kaio/summer_school_ws/install/custon_msg_srv/local/lib/python3.10/dist-packages/custon_msg_srv/custon_msg_srv_s__rosidl_typesupport_fastrtps_c.cpython-310-x86_64-linux-gnu.so
[2.896s] -- Set runtime path of "/home/kaio/summer_school_ws/install/custon_msg_srv/local/lib/python3.10/dist-packages/custon_msg_srv/custon_msg_srv_s__rosidl_typesupport_fastrtps_c.cpython-310-x86_64-linux-gnu.so" to ""
[2.896s] -- Installing: /home/kaio/summer_school_ws/install/custon_msg_srv/local/lib/python3.10/dist-packages/custon_msg_srv/custon_msg_srv_s__rosidl_typesupport_introspection_c.cpython-310-x86_64-linux-gnu.so
[2.897s] -- Set runtime path of "/home/kaio/summer_school_ws/install/custon_msg_srv/local/lib/python3.10/dist-packages/custon_msg_srv/custon_msg_srv_s__rosidl_typesupport_introspection_c.cpython-310-x86_64-linux-gnu.so" to ""
[2.897s] -- Installing: /home/kaio/summer_school_ws/install/custon_msg_srv/local/lib/python3.10/dist-packages/custon_msg_srv/custon_msg_srv_s__rosidl_typesupport_c.cpython-310-x86_64-linux-gnu.so
[2.897s] -- Set runtime path of "/home/kaio/summer_school_ws/install/custon_msg_srv/local/lib/python3.10/dist-packages/custon_msg_srv/custon_msg_srv_s__rosidl_typesupport_c.cpython-310-x86_64-linux-gnu.so" to ""
[2.897s] -- Installing: /home/kaio/summer_school_ws/install/custon_msg_srv/lib/libcuston_msg_srv__rosidl_generator_py.so
[2.897s] -- Set runtime path of "/home/kaio/summer_school_ws/install/custon_msg_srv/lib/libcuston_msg_srv__rosidl_generator_py.so" to ""
[2.897s] -- Installing: /home/kaio/summer_school_ws/install/custon_msg_srv/share/custon_msg_srv/msg/TwoFloat64.idl
[2.897s] -- Installing: /home/kaio/summer_school_ws/install/custon_msg_srv/share/custon_msg_srv/srv/Setop.idl
[2.897s] -- Installing: /home/kaio/summer_school_ws/install/custon_msg_srv/share/custon_msg_srv/msg/TwoFloat64.msg
[2.897s] -- Installing: /home/kaio/summer_school_ws/install/custon_msg_srv/share/custon_msg_srv/srv/Setop.srv
[2.897s] -- Installing: /home/kaio/summer_school_ws/install/custon_msg_srv/share/custon_msg_srv/srv/Setop_Request.msg
[2.897s] -- Installing: /home/kaio/summer_school_ws/install/custon_msg_srv/share/custon_msg_srv/srv/Setop_Response.msg
[2.898s] -- Installing: /home/kaio/summer_school_ws/install/custon_msg_srv/share/ament_index/resource_index/package_run_dependencies/custon_msg_srv
[2.898s] -- Installing: /home/kaio/summer_school_ws/install/custon_msg_srv/share/ament_index/resource_index/parent_prefix_path/custon_msg_srv
[2.898s] -- Installing: /home/kaio/summer_school_ws/install/custon_msg_srv/share/custon_msg_srv/environment/ament_prefix_path.sh
[2.898s] -- Installing: /home/kaio/summer_school_ws/install/custon_msg_srv/share/custon_msg_srv/environment/ament_prefix_path.dsv
[2.898s] -- Installing: /home/kaio/summer_school_ws/install/custon_msg_srv/share/custon_msg_srv/environment/path.sh
[2.898s] -- Installing: /home/kaio/summer_school_ws/install/custon_msg_srv/share/custon_msg_srv/environment/path.dsv
[2.898s] -- Installing: /home/kaio/summer_school_ws/install/custon_msg_srv/share/custon_msg_srv/local_setup.bash
[2.898s] -- Installing: /home/kaio/summer_school_ws/install/custon_msg_srv/share/custon_msg_srv/local_setup.sh
[2.898s] -- Installing: /home/kaio/summer_school_ws/install/custon_msg_srv/share/custon_msg_srv/local_setup.zsh
[2.898s] -- Installing: /home/kaio/summer_school_ws/install/custon_msg_srv/share/custon_msg_srv/local_setup.dsv
[2.898s] -- Installing: /home/kaio/summer_school_ws/install/custon_msg_srv/share/custon_msg_srv/package.dsv
[2.898s] -- Installing: /home/kaio/summer_school_ws/install/custon_msg_srv/share/ament_index/resource_index/packages/custon_msg_srv
[2.899s] -- Installing: /home/kaio/summer_school_ws/install/custon_msg_srv/share/custon_msg_srv/cmake/export_custon_msg_srv__rosidl_generator_cExport.cmake
[2.899s] -- Installing: /home/kaio/summer_school_ws/install/custon_msg_srv/share/custon_msg_srv/cmake/export_custon_msg_srv__rosidl_generator_cExport-noconfig.cmake
[2.899s] -- Installing: /home/kaio/summer_school_ws/install/custon_msg_srv/share/custon_msg_srv/cmake/export_custon_msg_srv__rosidl_typesupport_fastrtps_cExport.cmake
[2.899s] -- Installing: /home/kaio/summer_school_ws/install/custon_msg_srv/share/custon_msg_srv/cmake/export_custon_msg_srv__rosidl_typesupport_fastrtps_cExport-noconfig.cmake
[2.899s] -- Installing: /home/kaio/summer_school_ws/install/custon_msg_srv/share/custon_msg_srv/cmake/custon_msg_srv__rosidl_typesupport_introspection_cExport.cmake
[2.899s] -- Installing: /home/kaio/summer_school_ws/install/custon_msg_srv/share/custon_msg_srv/cmake/custon_msg_srv__rosidl_typesupport_introspection_cExport-noconfig.cmake
[2.899s] -- Installing: /home/kaio/summer_school_ws/install/custon_msg_srv/share/custon_msg_srv/cmake/custon_msg_srv__rosidl_typesupport_cExport.cmake
[2.899s] -- Installing: /home/kaio/summer_school_ws/install/custon_msg_srv/share/custon_msg_srv/cmake/custon_msg_srv__rosidl_typesupport_cExport-noconfig.cmake
[2.899s] -- Installing: /home/kaio/summer_school_ws/install/custon_msg_srv/share/custon_msg_srv/cmake/export_custon_msg_srv__rosidl_generator_cppExport.cmake
[2.899s] -- Installing: /home/kaio/summer_school_ws/install/custon_msg_srv/share/custon_msg_srv/cmake/export_custon_msg_srv__rosidl_typesupport_fastrtps_cppExport.cmake
[2.899s] -- Installing: /home/kaio/summer_school_ws/install/custon_msg_srv/share/custon_msg_srv/cmake/export_custon_msg_srv__rosidl_typesupport_fastrtps_cppExport-noconfig.cmake
[2.899s] -- Installing: /home/kaio/summer_school_ws/install/custon_msg_srv/share/custon_msg_srv/cmake/custon_msg_srv__rosidl_typesupport_introspection_cppExport.cmake
[2.899s] -- Installing: /home/kaio/summer_school_ws/install/custon_msg_srv/share/custon_msg_srv/cmake/custon_msg_srv__rosidl_typesupport_introspection_cppExport-noconfig.cmake
[2.900s] -- Installing: /home/kaio/summer_school_ws/install/custon_msg_srv/share/custon_msg_srv/cmake/custon_msg_srv__rosidl_typesupport_cppExport.cmake
[2.900s] -- Installing: /home/kaio/summer_school_ws/install/custon_msg_srv/share/custon_msg_srv/cmake/custon_msg_srv__rosidl_typesupport_cppExport-noconfig.cmake
[2.900s] -- Installing: /home/kaio/summer_school_ws/install/custon_msg_srv/share/custon_msg_srv/cmake/export_custon_msg_srv__rosidl_generator_pyExport.cmake
[2.900s] -- Installing: /home/kaio/summer_school_ws/install/custon_msg_srv/share/custon_msg_srv/cmake/export_custon_msg_srv__rosidl_generator_pyExport-noconfig.cmake
[2.900s] -- Installing: /home/kaio/summer_school_ws/install/custon_msg_srv/share/custon_msg_srv/cmake/rosidl_cmake-extras.cmake
[2.900s] -- Installing: /home/kaio/summer_school_ws/install/custon_msg_srv/share/custon_msg_srv/cmake/ament_cmake_export_include_directories-extras.cmake
[2.900s] -- Installing: /home/kaio/summer_school_ws/install/custon_msg_srv/share/custon_msg_srv/cmake/ament_cmake_export_libraries-extras.cmake
[2.900s] -- Installing: /home/kaio/summer_school_ws/install/custon_msg_srv/share/custon_msg_srv/cmake/ament_cmake_export_targets-extras.cmake
[2.900s] -- Installing: /home/kaio/summer_school_ws/install/custon_msg_srv/share/custon_msg_srv/cmake/rosidl_cmake_export_typesupport_targets-extras.cmake
[2.900s] -- Installing: /home/kaio/summer_school_ws/install/custon_msg_srv/share/custon_msg_srv/cmake/ament_cmake_export_dependencies-extras.cmake
[2.900s] -- Installing: /home/kaio/summer_school_ws/install/custon_msg_srv/share/custon_msg_srv/cmake/rosidl_cmake_export_typesupport_libraries-extras.cmake
[2.900s] -- Installing: /home/kaio/summer_school_ws/install/custon_msg_srv/share/custon_msg_srv/cmake/custon_msg_srvConfig.cmake
[2.900s] -- Installing: /home/kaio/summer_school_ws/install/custon_msg_srv/share/custon_msg_srv/cmake/custon_msg_srvConfig-version.cmake
[2.901s] -- Installing: /home/kaio/summer_school_ws/install/custon_msg_srv/share/custon_msg_srv/package.xml
[2.902s] Invoked command in '/home/kaio/summer_school_ws/build/custon_msg_srv' returned '0': CMAKE_PREFIX_PATH=/home/kaio/summer_school_ws/install/custon_msg_srv:/home/kaio/summer_school_ws/install/pkg_cpp:/home/kaio/summer_school_ws/install/example:/home/kaio/summer_school_ws/install/calculator:/home/kaio/summer_school_ws/install/atv1:/opt/ros/humble:/home/kaio/laser_uav_system_ws/install/realsense_gazebo_plugin:/home/kaio/laser_uav_system_ws/install/realsense2_description:/home/kaio/laser_uav_system_ws/install/realsense2_camera:/home/kaio/laser_uav_system_ws/install/realsense2_camera_msgs:/home/kaio/laser_uav_system_ws/install/laser_uav_px4_api:/home/kaio/laser_uav_system_ws/install/px4_msgs:/home/kaio/laser_uav_system_ws/install/laser_uav_simulation /usr/bin/cmake --install /home/kaio/summer_school_ws/build/custon_msg_srv
