[0.010s] Invoking command in '/home/kaio/summer_school_ws/build/calculator': CMAKE_PREFIX_PATH=/home/kaio/summer_school_ws/install/custon_msg_srv:/home/kaio/summer_school_ws/install/pkg_cpp:/home/kaio/summer_school_ws/install/example:/home/kaio/summer_school_ws/install/calculator:/home/kaio/summer_school_ws/install/atv1:/opt/ros/humble:/home/kaio/laser_uav_system_ws/install/realsense_gazebo_plugin:/home/kaio/laser_uav_system_ws/install/realsense2_description:/home/kaio/laser_uav_system_ws/install/realsense2_camera:/home/kaio/laser_uav_system_ws/install/realsense2_camera_msgs:/home/kaio/laser_uav_system_ws/install/laser_uav_px4_api:/home/kaio/laser_uav_system_ws/install/px4_msgs:/home/kaio/laser_uav_system_ws/install/laser_uav_simulation /usr/bin/cmake --build /home/kaio/summer_school_ws/build/calculator -- -j8 -l8
[0.041s] [35m[1mConsolidate compiler generated dependencies of target calculator_core[0m
[0.056s] [ 25%] [32mBuilding CXX object CMakeFiles/calculator_core.dir/src/calculator_node.cpp.o[0m
[5.911s] [ 50%] [32m[1mLinking CXX shared library libcalculator_core.so[0m
[6.274s] [ 50%] Built target calculator_core
[6.292s] [ 75%] [32m[1mLinking CXX executable calculator_node[0m
[6.449s] [100%] Built target calculator_node
[6.457s] Invoked command in '/home/kaio/summer_school_ws/build/calculator' returned '0': CMAKE_PREFIX_PATH=/home/kaio/summer_school_ws/install/custon_msg_srv:/home/kaio/summer_school_ws/install/pkg_cpp:/home/kaio/summer_school_ws/install/example:/home/kaio/summer_school_ws/install/calculator:/home/kaio/summer_school_ws/install/atv1:/opt/ros/humble:/home/kaio/laser_uav_system_ws/install/realsense_gazebo_plugin:/home/kaio/laser_uav_system_ws/install/realsense2_description:/home/kaio/laser_uav_system_ws/install/realsense2_camera:/home/kaio/laser_uav_system_ws/install/realsense2_camera_msgs:/home/kaio/laser_uav_system_ws/install/laser_uav_px4_api:/home/kaio/laser_uav_system_ws/install/px4_msgs:/home/kaio/laser_uav_system_ws/install/laser_uav_simulation /usr/bin/cmake --build /home/kaio/summer_school_ws/build/calculator -- -j8 -l8
[6.464s] Invoking command in '/home/kaio/summer_school_ws/build/calculator': CMAKE_PREFIX_PATH=/home/kaio/summer_school_ws/install/custon_msg_srv:/home/kaio/summer_school_ws/install/pkg_cpp:/home/kaio/summer_school_ws/install/example:/home/kaio/summer_school_ws/install/calculator:/home/kaio/summer_school_ws/install/atv1:/opt/ros/humble:/home/kaio/laser_uav_system_ws/install/realsense_gazebo_plugin:/home/kaio/laser_uav_system_ws/install/realsense2_description:/home/kaio/laser_uav_system_ws/install/realsense2_camera:/home/kaio/laser_uav_system_ws/install/realsense2_camera_msgs:/home/kaio/laser_uav_system_ws/install/laser_uav_px4_api:/home/kaio/laser_uav_system_ws/install/px4_msgs:/home/kaio/laser_uav_system_ws/install/laser_uav_simulation /usr/bin/cmake --install /home/kaio/summer_school_ws/build/calculator
[6.469s] -- Install configuration: ""
[6.470s] -- Installing: /home/kaio/summer_school_ws/install/calculator/lib/libcalculator_core.so
[6.474s] -- Set runtime path of "/home/kaio/summer_school_ws/install/calculator/lib/libcalculator_core.so" to ""
[6.474s] -- Installing: /home/kaio/summer_school_ws/install/calculator/lib/calculator/calculator_node
[6.475s] -- Set runtime path of "/home/kaio/summer_school_ws/install/calculator/lib/calculator/calculator_node" to ""
[6.475s] -- Up-to-date: /home/kaio/summer_school_ws/install/calculator/include/
[6.475s] -- Up-to-date: /home/kaio/summer_school_ws/install/calculator/include//calculator
[6.475s] -- Up-to-date: /home/kaio/summer_school_ws/install/calculator/include//calculator/calculator_node.hpp
[6.475s] -- Up-to-date: /home/kaio/summer_school_ws/install/calculator/share/calculator/launch
[6.475s] -- Up-to-date: /home/kaio/summer_school_ws/install/calculator/share/calculator/launch/calculator_launch.py
[6.475s] -- Up-to-date: /home/kaio/summer_school_ws/install/calculator/share/calculator/param
[6.475s] -- Up-to-date: /home/kaio/summer_school_ws/install/calculator/share/calculator/param/constants.yaml
[6.475s] -- Up-to-date: /home/kaio/summer_school_ws/install/calculator/share/ament_index/resource_index/package_run_dependencies/calculator
[6.475s] -- Up-to-date: /home/kaio/summer_school_ws/install/calculator/share/ament_index/resource_index/parent_prefix_path/calculator
[6.475s] -- Up-to-date: /home/kaio/summer_school_ws/install/calculator/share/calculator/environment/ament_prefix_path.sh
[6.475s] -- Up-to-date: /home/kaio/summer_school_ws/install/calculator/share/calculator/environment/ament_prefix_path.dsv
[6.475s] -- Up-to-date: /home/kaio/summer_school_ws/install/calculator/share/calculator/environment/path.sh
[6.475s] -- Up-to-date: /home/kaio/summer_school_ws/install/calculator/share/calculator/environment/path.dsv
[6.475s] -- Up-to-date: /home/kaio/summer_school_ws/install/calculator/share/calculator/local_setup.bash
[6.475s] -- Up-to-date: /home/kaio/summer_school_ws/install/calculator/share/calculator/local_setup.sh
[6.475s] -- Up-to-date: /home/kaio/summer_school_ws/install/calculator/share/calculator/local_setup.zsh
[6.475s] -- Up-to-date: /home/kaio/summer_school_ws/install/calculator/share/calculator/local_setup.dsv
[6.475s] -- Installing: /home/kaio/summer_school_ws/install/calculator/share/calculator/package.dsv
[6.475s] -- Up-to-date: /home/kaio/summer_school_ws/install/calculator/share/ament_index/resource_index/packages/calculator
[6.475s] -- Up-to-date: /home/kaio/summer_school_ws/install/calculator/share/ament_index/resource_index/rclcpp_components/calculator
[6.475s] -- Up-to-date: /home/kaio/summer_school_ws/install/calculator/share/calculator/cmake/ament_cmake_export_include_directories-extras.cmake
[6.476s] -- Up-to-date: /home/kaio/summer_school_ws/install/calculator/share/calculator/cmake/ament_cmake_export_dependencies-extras.cmake
[6.476s] -- Up-to-date: /home/kaio/summer_school_ws/install/calculator/share/calculator/cmake/calculatorConfig.cmake
[6.476s] -- Up-to-date: /home/kaio/summer_school_ws/install/calculator/share/calculator/cmake/calculatorConfig-version.cmake
[6.476s] -- Up-to-date: /home/kaio/summer_school_ws/install/calculator/share/calculator/package.xml
[6.476s] Invoked command in '/home/kaio/summer_school_ws/build/calculator' returned '0': CMAKE_PREFIX_PATH=/home/kaio/summer_school_ws/install/custon_msg_srv:/home/kaio/summer_school_ws/install/pkg_cpp:/home/kaio/summer_school_ws/install/example:/home/kaio/summer_school_ws/install/calculator:/home/kaio/summer_school_ws/install/atv1:/opt/ros/humble:/home/kaio/laser_uav_system_ws/install/realsense_gazebo_plugin:/home/kaio/laser_uav_system_ws/install/realsense2_description:/home/kaio/laser_uav_system_ws/install/realsense2_camera:/home/kaio/laser_uav_system_ws/install/realsense2_camera_msgs:/home/kaio/laser_uav_system_ws/install/laser_uav_px4_api:/home/kaio/laser_uav_system_ws/install/px4_msgs:/home/kaio/laser_uav_system_ws/install/laser_uav_simulation /usr/bin/cmake --install /home/kaio/summer_school_ws/build/calculator
