[0.008s] Invoking command in '/home/kaio/github/ROS2_summer_school/summer_school_ws/build/custon_msg_srv': CMAKE_PREFIX_PATH=/home/kaio/summer_school_ws/install/pkg_cpp:/home/kaio/summer_school_ws/install/calculator:/home/kaio/summer_school_ws/install/custon_msg_srv:/opt/ros/humble:/home/kaio/laser_uav_system_ws/install/realsense_gazebo_plugin:/home/kaio/laser_uav_system_ws/install/realsense2_description:/home/kaio/laser_uav_system_ws/install/realsense2_camera:/home/kaio/laser_uav_system_ws/install/realsense2_camera_msgs:/home/kaio/laser_uav_system_ws/install/laser_uav_px4_api:/home/kaio/laser_uav_system_ws/install/px4_msgs:/home/kaio/laser_uav_system_ws/install/laser_uav_simulation /usr/bin/cmake /home/kaio/github/ROS2_summer_school/summer_school_ws/src/custom_msg_srv -DCMAKE_INSTALL_PREFIX=/home/kaio/github/ROS2_summer_school/summer_school_ws/install/custon_msg_srv
[0.087s] -- The C compiler identification is GNU 9.5.0
[0.164s] -- The CXX compiler identification is GNU 9.5.0
[0.168s] -- Detecting C compiler ABI info
[0.232s] -- Detecting C compiler ABI info - done
[0.238s] -- Check for working C compiler: /usr/bin/cc - skipped
[0.238s] -- Detecting C compile features
[0.238s] -- Detecting C compile features - done
[0.240s] -- Detecting CXX compiler ABI info
[0.296s] -- Detecting CXX compiler ABI info - done
[0.301s] -- Check for working CXX compiler: /usr/bin/c++ - skipped
[0.301s] -- Detecting CXX compile features
[0.301s] -- Detecting CXX compile features - done
[0.303s] -- Found ament_cmake: 1.3.11 (/opt/ros/humble/share/ament_cmake/cmake)
[0.405s] -- Found Python3: /usr/bin/python3 (found version "3.10.12") found components: Interpreter 
[0.459s] -- Found rosidl_default_generators: 1.2.0 (/opt/ros/humble/share/rosidl_default_generators/cmake)
[0.462s] -- Using all available rosidl_typesupport_c: rosidl_typesupport_fastrtps_c;rosidl_typesupport_introspection_c
[0.465s] -- Found rosidl_adapter: 3.1.6 (/opt/ros/humble/share/rosidl_adapter/cmake)
[0.489s] -- Using all available rosidl_typesupport_cpp: rosidl_typesupport_fastrtps_cpp;rosidl_typesupport_introspection_cpp
[0.508s] -- Found std_msgs: 4.2.4 (/opt/ros/humble/share/std_msgs/cmake)
[0.686s] -- Found ament_cmake_ros: 0.10.0 (/opt/ros/humble/share/ament_cmake_ros/cmake)
[0.806s] -- Using all available rosidl_typesupport_c: rosidl_typesupport_fastrtps_c;rosidl_typesupport_introspection_c
[0.962s] -- Using all available rosidl_typesupport_cpp: rosidl_typesupport_fastrtps_cpp;rosidl_typesupport_introspection_cpp
[0.977s] -- Found PythonInterp: /usr/bin/python3 (found suitable version "3.10.12", minimum required is "3.6") 
[0.978s] -- Found python_cmake_module: 0.10.0 (/opt/ros/humble/share/python_cmake_module/cmake)
[0.996s] -- Found PythonLibs: /usr/lib/x86_64-linux-gnu/libpython3.10.so (found suitable version "3.10.12", minimum required is "3.5") 
[0.996s] -- Using PYTHON_EXECUTABLE: /usr/bin/python3
[0.996s] -- Using PYTHON_INCLUDE_DIRS: /usr/include/python3.10
[0.996s] -- Using PYTHON_LIBRARIES: /usr/lib/x86_64-linux-gnu/libpython3.10.so
[1.010s] -- Found PythonExtra: .so  
[1.033s] -- Found ament_lint_auto: 0.12.11 (/opt/ros/humble/share/ament_lint_auto/cmake)
[1.043s] -- Added test 'lint_cmake' to check CMake code style
[1.044s] -- Added test 'xmllint' to check XML markup files
[1.045s] -- Configuring done
[1.064s] -- Generating done
[1.069s] -- Build files have been written to: /home/kaio/github/ROS2_summer_school/summer_school_ws/build/custon_msg_srv
[1.073s] Invoked command in '/home/kaio/github/ROS2_summer_school/summer_school_ws/build/custon_msg_srv' returned '0': CMAKE_PREFIX_PATH=/home/kaio/summer_school_ws/install/pkg_cpp:/home/kaio/summer_school_ws/install/calculator:/home/kaio/summer_school_ws/install/custon_msg_srv:/opt/ros/humble:/home/kaio/laser_uav_system_ws/install/realsense_gazebo_plugin:/home/kaio/laser_uav_system_ws/install/realsense2_description:/home/kaio/laser_uav_system_ws/install/realsense2_camera:/home/kaio/laser_uav_system_ws/install/realsense2_camera_msgs:/home/kaio/laser_uav_system_ws/install/laser_uav_px4_api:/home/kaio/laser_uav_system_ws/install/px4_msgs:/home/kaio/laser_uav_system_ws/install/laser_uav_simulation /usr/bin/cmake /home/kaio/github/ROS2_summer_school/summer_school_ws/src/custom_msg_srv -DCMAKE_INSTALL_PREFIX=/home/kaio/github/ROS2_summer_school/summer_school_ws/install/custon_msg_srv
[1.075s] Invoking command in '/home/kaio/github/ROS2_summer_school/summer_school_ws/build/custon_msg_srv': CMAKE_PREFIX_PATH=/home/kaio/summer_school_ws/install/pkg_cpp:/home/kaio/summer_school_ws/install/calculator:/home/kaio/summer_school_ws/install/custon_msg_srv:/opt/ros/humble:/home/kaio/laser_uav_system_ws/install/realsense_gazebo_plugin:/home/kaio/laser_uav_system_ws/install/realsense2_description:/home/kaio/laser_uav_system_ws/install/realsense2_camera:/home/kaio/laser_uav_system_ws/install/realsense2_camera_msgs:/home/kaio/laser_uav_system_ws/install/laser_uav_px4_api:/home/kaio/laser_uav_system_ws/install/px4_msgs:/home/kaio/laser_uav_system_ws/install/laser_uav_simulation /usr/bin/cmake --build /home/kaio/github/ROS2_summer_school/summer_school_ws/build/custon_msg_srv -- -j8 -l8
[1.104s] [  2%] [34m[1mGenerating C code for ROS interfaces[0m
[1.111s] [  5%] [34m[1mGenerating C++ code for ROS interfaces[0m
[1.117s] [  5%] Built target ament_cmake_python_copy_custon_msg_srv
[1.292s] running egg_info
[1.292s] creating custon_msg_srv.egg-info
[1.297s] writing custon_msg_srv.egg-info/PKG-INFO
[1.297s] writing dependency_links to custon_msg_srv.egg-info/dependency_links.txt
[1.297s] writing top-level names to custon_msg_srv.egg-info/top_level.txt
[1.297s] writing manifest file 'custon_msg_srv.egg-info/SOURCES.txt'
[1.298s] reading manifest file 'custon_msg_srv.egg-info/SOURCES.txt'
[1.299s] writing manifest file 'custon_msg_srv.egg-info/SOURCES.txt'
[1.323s] [  5%] Built target ament_cmake_python_build_custon_msg_srv_egg
[1.345s] [  7%] [32mBuilding C object CMakeFiles/custon_msg_srv__rosidl_generator_c.dir/rosidl_generator_c/custon_msg_srv/msg/detail/two_float64__functions.c.o[0m
[1.345s] [  7%] Built target custon_msg_srv__cpp
[1.345s] [ 10%] [32mBuilding C object CMakeFiles/custon_msg_srv__rosidl_generator_c.dir/rosidl_generator_c/custon_msg_srv/srv/detail/setop__functions.c.o[0m
[1.352s] [ 15%] [34m[1mGenerating C++ type support for eProsima Fast-RTPS[0m
[1.352s] [ 15%] [34m[1mGenerating C++ type support dispatch for ROS interfaces[0m
[1.354s] [ 17%] [34m[1mGenerating C++ introspection for ROS interfaces[0m
[1.383s] [ 20%] [32m[1mLinking C shared library libcuston_msg_srv__rosidl_generator_c.so[0m
[1.411s] [ 20%] Built target custon_msg_srv__rosidl_generator_c
[1.419s] [ 23%] [34m[1mGenerating C type support for eProsima Fast-RTPS[0m
[1.421s] [ 28%] [34m[1mGenerating C introspection for ROS interfaces[0m
[1.421s] [ 28%] [34m[1mGenerating C type support dispatch for ROS interfaces[0m
[1.567s] [ 33%] [32mBuilding CXX object CMakeFiles/custon_msg_srv__rosidl_typesupport_cpp.dir/rosidl_typesupport_cpp/custon_msg_srv/srv/setop__type_support.cpp.o[0m
[1.567s] [ 33%] [32mBuilding CXX object CMakeFiles/custon_msg_srv__rosidl_typesupport_cpp.dir/rosidl_typesupport_cpp/custon_msg_srv/msg/two_float64__type_support.cpp.o[0m
[1.596s] [ 35%] [32mBuilding CXX object CMakeFiles/custon_msg_srv__rosidl_typesupport_introspection_cpp.dir/rosidl_typesupport_introspection_cpp/custon_msg_srv/msg/detail/two_float64__type_support.cpp.o[0m
[1.596s] [ 38%] [32mBuilding CXX object CMakeFiles/custon_msg_srv__rosidl_typesupport_introspection_cpp.dir/rosidl_typesupport_introspection_cpp/custon_msg_srv/srv/detail/setop__type_support.cpp.o[0m
[1.737s] [ 41%] [32mBuilding CXX object CMakeFiles/custon_msg_srv__rosidl_typesupport_fastrtps_cpp.dir/rosidl_typesupport_fastrtps_cpp/custon_msg_srv/msg/detail/dds_fastrtps/two_float64__type_support.cpp.o[0m
[1.764s] [ 43%] [32mBuilding CXX object CMakeFiles/custon_msg_srv__rosidl_typesupport_c.dir/rosidl_typesupport_c/custon_msg_srv/msg/two_float64__type_support.cpp.o[0m
[1.798s] [ 46%] [32mBuilding CXX object CMakeFiles/custon_msg_srv__rosidl_typesupport_c.dir/rosidl_typesupport_c/custon_msg_srv/srv/setop__type_support.cpp.o[0m
[1.814s] [ 48%] [32mBuilding CXX object CMakeFiles/custon_msg_srv__rosidl_typesupport_fastrtps_cpp.dir/rosidl_typesupport_fastrtps_cpp/custon_msg_srv/srv/detail/dds_fastrtps/setop__type_support.cpp.o[0m
[1.820s] [ 51%] [32mBuilding C object CMakeFiles/custon_msg_srv__rosidl_typesupport_introspection_c.dir/rosidl_typesupport_introspection_c/custon_msg_srv/msg/detail/two_float64__type_support.c.o[0m
[1.825s] [ 53%] [32m[1mLinking CXX shared library libcuston_msg_srv__rosidl_typesupport_cpp.so[0m
[1.831s] [ 56%] [32m[1mLinking CXX shared library libcuston_msg_srv__rosidl_typesupport_c.so[0m
[1.832s] [ 58%] [32mBuilding CXX object CMakeFiles/custon_msg_srv__rosidl_typesupport_fastrtps_c.dir/rosidl_typesupport_fastrtps_c/custon_msg_srv/msg/detail/two_float64__type_support_c.cpp.o[0m
[1.853s] [ 61%] [32mBuilding C object CMakeFiles/custon_msg_srv__rosidl_typesupport_introspection_c.dir/rosidl_typesupport_introspection_c/custon_msg_srv/srv/detail/setop__type_support.c.o[0m
[1.877s] [ 61%] Built target custon_msg_srv__rosidl_typesupport_cpp
[1.878s] [ 61%] Built target custon_msg_srv__rosidl_typesupport_c
[1.884s] [ 64%] [32mBuilding CXX object CMakeFiles/custon_msg_srv__rosidl_typesupport_fastrtps_c.dir/rosidl_typesupport_fastrtps_c/custon_msg_srv/srv/detail/setop__type_support_c.cpp.o[0m
[1.890s] [ 66%] [32m[1mLinking C shared library libcuston_msg_srv__rosidl_typesupport_introspection_c.so[0m
[1.925s] [ 66%] Built target custon_msg_srv__rosidl_typesupport_introspection_c
[1.973s] [ 69%] [32m[1mLinking CXX shared library libcuston_msg_srv__rosidl_typesupport_introspection_cpp.so[0m
[2.048s] [ 69%] Built target custon_msg_srv__rosidl_typesupport_introspection_cpp
[2.101s] [ 74%] [32m[1mLinking CXX shared library libcuston_msg_srv__rosidl_typesupport_fastrtps_c.so[0m
[2.101s] [ 74%] [32m[1mLinking CXX shared library libcuston_msg_srv__rosidl_typesupport_fastrtps_cpp.so[0m
[2.156s] [ 74%] Built target custon_msg_srv__rosidl_typesupport_fastrtps_c
[2.156s] [ 74%] Built target custon_msg_srv__rosidl_typesupport_fastrtps_cpp
[2.170s] [ 74%] Built target custon_msg_srv
[2.189s] [ 76%] [34m[1mGenerating Python code for ROS interfaces[0m
[2.492s] [ 76%] Built target custon_msg_srv__py
[2.507s] [ 82%] [32mBuilding C object CMakeFiles/custon_msg_srv__rosidl_generator_py.dir/rosidl_generator_py/custon_msg_srv/msg/_two_float64_s.c.o[0m
[2.507s] [ 82%] [32mBuilding C object CMakeFiles/custon_msg_srv__rosidl_generator_py.dir/rosidl_generator_py/custon_msg_srv/srv/_setop_s.c.o[0m
[2.566s] [ 84%] [32m[1mLinking C shared library rosidl_generator_py/custon_msg_srv/libcuston_msg_srv__rosidl_generator_py.so[0m
[2.593s] [ 84%] Built target custon_msg_srv__rosidl_generator_py
[2.607s] [ 92%] [32mBuilding C object CMakeFiles/custon_msg_srv__rosidl_typesupport_c__pyext.dir/rosidl_generator_py/custon_msg_srv/_custon_msg_srv_s.ep.rosidl_typesupport_c.c.o[0m
[2.607s] [ 92%] [32mBuilding C object CMakeFiles/custon_msg_srv__rosidl_typesupport_introspection_c__pyext.dir/rosidl_generator_py/custon_msg_srv/_custon_msg_srv_s.ep.rosidl_typesupport_introspection_c.c.o[0m
[2.607s] [ 92%] [32mBuilding C object CMakeFiles/custon_msg_srv__rosidl_typesupport_fastrtps_c__pyext.dir/rosidl_generator_py/custon_msg_srv/_custon_msg_srv_s.ep.rosidl_typesupport_fastrtps_c.c.o[0m
[2.664s] [ 97%] [32m[1mLinking C shared library rosidl_generator_py/custon_msg_srv/custon_msg_srv_s__rosidl_typesupport_introspection_c.cpython-310-x86_64-linux-gnu.so[0m
[2.664s] [ 97%] [32m[1mLinking C shared library rosidl_generator_py/custon_msg_srv/custon_msg_srv_s__rosidl_typesupport_c.cpython-310-x86_64-linux-gnu.so[0m
[2.665s] [100%] [32m[1mLinking C shared library rosidl_generator_py/custon_msg_srv/custon_msg_srv_s__rosidl_typesupport_fastrtps_c.cpython-310-x86_64-linux-gnu.so[0m
[2.688s] [100%] Built target custon_msg_srv__rosidl_typesupport_fastrtps_c__pyext
[2.688s] [100%] Built target custon_msg_srv__rosidl_typesupport_introspection_c__pyext
[2.688s] [100%] Built target custon_msg_srv__rosidl_typesupport_c__pyext
[2.696s] Invoked command in '/home/kaio/github/ROS2_summer_school/summer_school_ws/build/custon_msg_srv' returned '0': CMAKE_PREFIX_PATH=/home/kaio/summer_school_ws/install/pkg_cpp:/home/kaio/summer_school_ws/install/calculator:/home/kaio/summer_school_ws/install/custon_msg_srv:/opt/ros/humble:/home/kaio/laser_uav_system_ws/install/realsense_gazebo_plugin:/home/kaio/laser_uav_system_ws/install/realsense2_description:/home/kaio/laser_uav_system_ws/install/realsense2_camera:/home/kaio/laser_uav_system_ws/install/realsense2_camera_msgs:/home/kaio/laser_uav_system_ws/install/laser_uav_px4_api:/home/kaio/laser_uav_system_ws/install/px4_msgs:/home/kaio/laser_uav_system_ws/install/laser_uav_simulation /usr/bin/cmake --build /home/kaio/github/ROS2_summer_school/summer_school_ws/build/custon_msg_srv -- -j8 -l8
[2.703s] Invoking command in '/home/kaio/github/ROS2_summer_school/summer_school_ws/build/custon_msg_srv': CMAKE_PREFIX_PATH=/home/kaio/summer_school_ws/install/pkg_cpp:/home/kaio/summer_school_ws/install/calculator:/home/kaio/summer_school_ws/install/custon_msg_srv:/opt/ros/humble:/home/kaio/laser_uav_system_ws/install/realsense_gazebo_plugin:/home/kaio/laser_uav_system_ws/install/realsense2_description:/home/kaio/laser_uav_system_ws/install/realsense2_camera:/home/kaio/laser_uav_system_ws/install/realsense2_camera_msgs:/home/kaio/laser_uav_system_ws/install/laser_uav_px4_api:/home/kaio/laser_uav_system_ws/install/px4_msgs:/home/kaio/laser_uav_system_ws/install/laser_uav_simulation /usr/bin/cmake --install /home/kaio/github/ROS2_summer_school/summer_school_ws/build/custon_msg_srv
[2.708s] -- Install configuration: ""
[2.708s] -- Installing: /home/kaio/github/ROS2_summer_school/summer_school_ws/install/custon_msg_srv/share/ament_index/resource_index/rosidl_interfaces/custon_msg_srv
[2.708s] -- Installing: /home/kaio/github/ROS2_summer_school/summer_school_ws/install/custon_msg_srv/include/custon_msg_srv/custon_msg_srv
[2.708s] -- Installing: /home/kaio/github/ROS2_summer_school/summer_school_ws/install/custon_msg_srv/include/custon_msg_srv/custon_msg_srv/msg
[2.708s] -- Installing: /home/kaio/github/ROS2_summer_school/summer_school_ws/install/custon_msg_srv/include/custon_msg_srv/custon_msg_srv/msg/rosidl_generator_c__visibility_control.h
[2.708s] -- Installing: /home/kaio/github/ROS2_summer_school/summer_school_ws/install/custon_msg_srv/include/custon_msg_srv/custon_msg_srv/msg/two_float64.h
[2.708s] -- Installing: /home/kaio/github/ROS2_summer_school/summer_school_ws/install/custon_msg_srv/include/custon_msg_srv/custon_msg_srv/msg/detail
[2.709s] -- Installing: /home/kaio/github/ROS2_summer_school/summer_school_ws/install/custon_msg_srv/include/custon_msg_srv/custon_msg_srv/msg/detail/two_float64__functions.c
[2.709s] -- Installing: /home/kaio/github/ROS2_summer_school/summer_school_ws/install/custon_msg_srv/include/custon_msg_srv/custon_msg_srv/msg/detail/two_float64__type_support.h
[2.709s] -- Installing: /home/kaio/github/ROS2_summer_school/summer_school_ws/install/custon_msg_srv/include/custon_msg_srv/custon_msg_srv/msg/detail/two_float64__functions.h
[2.709s] -- Installing: /home/kaio/github/ROS2_summer_school/summer_school_ws/install/custon_msg_srv/include/custon_msg_srv/custon_msg_srv/msg/detail/two_float64__struct.h
[2.709s] -- Installing: /home/kaio/github/ROS2_summer_school/summer_school_ws/install/custon_msg_srv/include/custon_msg_srv/custon_msg_srv/srv
[2.709s] -- Installing: /home/kaio/github/ROS2_summer_school/summer_school_ws/install/custon_msg_srv/include/custon_msg_srv/custon_msg_srv/srv/setop.h
[2.709s] -- Installing: /home/kaio/github/ROS2_summer_school/summer_school_ws/install/custon_msg_srv/include/custon_msg_srv/custon_msg_srv/srv/detail
[2.709s] -- Installing: /home/kaio/github/ROS2_summer_school/summer_school_ws/install/custon_msg_srv/include/custon_msg_srv/custon_msg_srv/srv/detail/setop__struct.h
[2.709s] -- Installing: /home/kaio/github/ROS2_summer_school/summer_school_ws/install/custon_msg_srv/include/custon_msg_srv/custon_msg_srv/srv/detail/setop__functions.c
[2.709s] -- Installing: /home/kaio/github/ROS2_summer_school/summer_school_ws/install/custon_msg_srv/include/custon_msg_srv/custon_msg_srv/srv/detail/setop__functions.h
[2.709s] -- Installing: /home/kaio/github/ROS2_summer_school/summer_school_ws/install/custon_msg_srv/include/custon_msg_srv/custon_msg_srv/srv/detail/setop__type_support.h
[2.709s] -- Installing: /home/kaio/github/ROS2_summer_school/summer_school_ws/install/custon_msg_srv/share/custon_msg_srv/environment/library_path.sh
[2.709s] -- Installing: /home/kaio/github/ROS2_summer_school/summer_school_ws/install/custon_msg_srv/share/custon_msg_srv/environment/library_path.dsv
[2.709s] -- Installing: /home/kaio/github/ROS2_summer_school/summer_school_ws/install/custon_msg_srv/lib/libcuston_msg_srv__rosidl_generator_c.so
[2.709s] -- Set runtime path of "/home/kaio/github/ROS2_summer_school/summer_school_ws/install/custon_msg_srv/lib/libcuston_msg_srv__rosidl_generator_c.so" to ""
[2.709s] -- Up-to-date: /home/kaio/github/ROS2_summer_school/summer_school_ws/install/custon_msg_srv/include/custon_msg_srv/custon_msg_srv
[2.710s] -- Up-to-date: /home/kaio/github/ROS2_summer_school/summer_school_ws/install/custon_msg_srv/include/custon_msg_srv/custon_msg_srv/msg
[2.710s] -- Installing: /home/kaio/github/ROS2_summer_school/summer_school_ws/install/custon_msg_srv/include/custon_msg_srv/custon_msg_srv/msg/rosidl_typesupport_fastrtps_c__visibility_control.h
[2.710s] -- Up-to-date: /home/kaio/github/ROS2_summer_school/summer_school_ws/install/custon_msg_srv/include/custon_msg_srv/custon_msg_srv/msg/detail
[2.710s] -- Installing: /home/kaio/github/ROS2_summer_school/summer_school_ws/install/custon_msg_srv/include/custon_msg_srv/custon_msg_srv/msg/detail/two_float64__rosidl_typesupport_fastrtps_c.h
[2.710s] -- Up-to-date: /home/kaio/github/ROS2_summer_school/summer_school_ws/install/custon_msg_srv/include/custon_msg_srv/custon_msg_srv/srv
[2.710s] -- Up-to-date: /home/kaio/github/ROS2_summer_school/summer_school_ws/install/custon_msg_srv/include/custon_msg_srv/custon_msg_srv/srv/detail
[2.710s] -- Installing: /home/kaio/github/ROS2_summer_school/summer_school_ws/install/custon_msg_srv/include/custon_msg_srv/custon_msg_srv/srv/detail/setop__rosidl_typesupport_fastrtps_c.h
[2.710s] -- Installing: /home/kaio/github/ROS2_summer_school/summer_school_ws/install/custon_msg_srv/lib/libcuston_msg_srv__rosidl_typesupport_fastrtps_c.so
[2.710s] -- Set runtime path of "/home/kaio/github/ROS2_summer_school/summer_school_ws/install/custon_msg_srv/lib/libcuston_msg_srv__rosidl_typesupport_fastrtps_c.so" to ""
[2.710s] -- Up-to-date: /home/kaio/github/ROS2_summer_school/summer_school_ws/install/custon_msg_srv/include/custon_msg_srv/custon_msg_srv
[2.710s] -- Up-to-date: /home/kaio/github/ROS2_summer_school/summer_school_ws/install/custon_msg_srv/include/custon_msg_srv/custon_msg_srv/msg
[2.710s] -- Installing: /home/kaio/github/ROS2_summer_school/summer_school_ws/install/custon_msg_srv/include/custon_msg_srv/custon_msg_srv/msg/rosidl_typesupport_introspection_c__visibility_control.h
[2.710s] -- Up-to-date: /home/kaio/github/ROS2_summer_school/summer_school_ws/install/custon_msg_srv/include/custon_msg_srv/custon_msg_srv/msg/detail
[2.710s] -- Installing: /home/kaio/github/ROS2_summer_school/summer_school_ws/install/custon_msg_srv/include/custon_msg_srv/custon_msg_srv/msg/detail/two_float64__rosidl_typesupport_introspection_c.h
[2.710s] -- Installing: /home/kaio/github/ROS2_summer_school/summer_school_ws/install/custon_msg_srv/include/custon_msg_srv/custon_msg_srv/msg/detail/two_float64__type_support.c
[2.710s] -- Up-to-date: /home/kaio/github/ROS2_summer_school/summer_school_ws/install/custon_msg_srv/include/custon_msg_srv/custon_msg_srv/srv
[2.710s] -- Up-to-date: /home/kaio/github/ROS2_summer_school/summer_school_ws/install/custon_msg_srv/include/custon_msg_srv/custon_msg_srv/srv/detail
[2.710s] -- Installing: /home/kaio/github/ROS2_summer_school/summer_school_ws/install/custon_msg_srv/include/custon_msg_srv/custon_msg_srv/srv/detail/setop__type_support.c
[2.710s] -- Installing: /home/kaio/github/ROS2_summer_school/summer_school_ws/install/custon_msg_srv/include/custon_msg_srv/custon_msg_srv/srv/detail/setop__rosidl_typesupport_introspection_c.h
[2.710s] -- Installing: /home/kaio/github/ROS2_summer_school/summer_school_ws/install/custon_msg_srv/lib/libcuston_msg_srv__rosidl_typesupport_introspection_c.so
[2.710s] -- Set runtime path of "/home/kaio/github/ROS2_summer_school/summer_school_ws/install/custon_msg_srv/lib/libcuston_msg_srv__rosidl_typesupport_introspection_c.so" to ""
[2.711s] -- Installing: /home/kaio/github/ROS2_summer_school/summer_school_ws/install/custon_msg_srv/lib/libcuston_msg_srv__rosidl_typesupport_c.so
[2.711s] -- Set runtime path of "/home/kaio/github/ROS2_summer_school/summer_school_ws/install/custon_msg_srv/lib/libcuston_msg_srv__rosidl_typesupport_c.so" to ""
[2.711s] -- Up-to-date: /home/kaio/github/ROS2_summer_school/summer_school_ws/install/custon_msg_srv/include/custon_msg_srv/custon_msg_srv
[2.711s] -- Up-to-date: /home/kaio/github/ROS2_summer_school/summer_school_ws/install/custon_msg_srv/include/custon_msg_srv/custon_msg_srv/msg
[2.711s] -- Installing: /home/kaio/github/ROS2_summer_school/summer_school_ws/install/custon_msg_srv/include/custon_msg_srv/custon_msg_srv/msg/two_float64.hpp
[2.711s] -- Installing: /home/kaio/github/ROS2_summer_school/summer_school_ws/install/custon_msg_srv/include/custon_msg_srv/custon_msg_srv/msg/rosidl_generator_cpp__visibility_control.hpp
[2.711s] -- Up-to-date: /home/kaio/github/ROS2_summer_school/summer_school_ws/install/custon_msg_srv/include/custon_msg_srv/custon_msg_srv/msg/detail
[2.711s] -- Installing: /home/kaio/github/ROS2_summer_school/summer_school_ws/install/custon_msg_srv/include/custon_msg_srv/custon_msg_srv/msg/detail/two_float64__type_support.hpp
[2.711s] -- Installing: /home/kaio/github/ROS2_summer_school/summer_school_ws/install/custon_msg_srv/include/custon_msg_srv/custon_msg_srv/msg/detail/two_float64__builder.hpp
[2.711s] -- Installing: /home/kaio/github/ROS2_summer_school/summer_school_ws/install/custon_msg_srv/include/custon_msg_srv/custon_msg_srv/msg/detail/two_float64__traits.hpp
[2.711s] -- Installing: /home/kaio/github/ROS2_summer_school/summer_school_ws/install/custon_msg_srv/include/custon_msg_srv/custon_msg_srv/msg/detail/two_float64__struct.hpp
[2.711s] -- Up-to-date: /home/kaio/github/ROS2_summer_school/summer_school_ws/install/custon_msg_srv/include/custon_msg_srv/custon_msg_srv/srv
[2.711s] -- Installing: /home/kaio/github/ROS2_summer_school/summer_school_ws/install/custon_msg_srv/include/custon_msg_srv/custon_msg_srv/srv/setop.hpp
[2.711s] -- Up-to-date: /home/kaio/github/ROS2_summer_school/summer_school_ws/install/custon_msg_srv/include/custon_msg_srv/custon_msg_srv/srv/detail
[2.711s] -- Installing: /home/kaio/github/ROS2_summer_school/summer_school_ws/install/custon_msg_srv/include/custon_msg_srv/custon_msg_srv/srv/detail/setop__traits.hpp
[2.711s] -- Installing: /home/kaio/github/ROS2_summer_school/summer_school_ws/install/custon_msg_srv/include/custon_msg_srv/custon_msg_srv/srv/detail/setop__struct.hpp
[2.711s] -- Installing: /home/kaio/github/ROS2_summer_school/summer_school_ws/install/custon_msg_srv/include/custon_msg_srv/custon_msg_srv/srv/detail/setop__type_support.hpp
[2.711s] -- Installing: /home/kaio/github/ROS2_summer_school/summer_school_ws/install/custon_msg_srv/include/custon_msg_srv/custon_msg_srv/srv/detail/setop__builder.hpp
[2.711s] -- Up-to-date: /home/kaio/github/ROS2_summer_school/summer_school_ws/install/custon_msg_srv/include/custon_msg_srv/custon_msg_srv
[2.712s] -- Up-to-date: /home/kaio/github/ROS2_summer_school/summer_school_ws/install/custon_msg_srv/include/custon_msg_srv/custon_msg_srv/msg
[2.712s] -- Installing: /home/kaio/github/ROS2_summer_school/summer_school_ws/install/custon_msg_srv/include/custon_msg_srv/custon_msg_srv/msg/rosidl_typesupport_fastrtps_cpp__visibility_control.h
[2.712s] -- Up-to-date: /home/kaio/github/ROS2_summer_school/summer_school_ws/install/custon_msg_srv/include/custon_msg_srv/custon_msg_srv/msg/detail
[2.712s] -- Installing: /home/kaio/github/ROS2_summer_school/summer_school_ws/install/custon_msg_srv/include/custon_msg_srv/custon_msg_srv/msg/detail/two_float64__rosidl_typesupport_fastrtps_cpp.hpp
[2.712s] -- Installing: /home/kaio/github/ROS2_summer_school/summer_school_ws/install/custon_msg_srv/include/custon_msg_srv/custon_msg_srv/msg/detail/dds_fastrtps
[2.712s] -- Up-to-date: /home/kaio/github/ROS2_summer_school/summer_school_ws/install/custon_msg_srv/include/custon_msg_srv/custon_msg_srv/srv
[2.712s] -- Up-to-date: /home/kaio/github/ROS2_summer_school/summer_school_ws/install/custon_msg_srv/include/custon_msg_srv/custon_msg_srv/srv/detail
[2.712s] -- Installing: /home/kaio/github/ROS2_summer_school/summer_school_ws/install/custon_msg_srv/include/custon_msg_srv/custon_msg_srv/srv/detail/dds_fastrtps
[2.712s] -- Installing: /home/kaio/github/ROS2_summer_school/summer_school_ws/install/custon_msg_srv/include/custon_msg_srv/custon_msg_srv/srv/detail/setop__rosidl_typesupport_fastrtps_cpp.hpp
[2.712s] -- Installing: /home/kaio/github/ROS2_summer_school/summer_school_ws/install/custon_msg_srv/lib/libcuston_msg_srv__rosidl_typesupport_fastrtps_cpp.so
[2.712s] -- Set runtime path of "/home/kaio/github/ROS2_summer_school/summer_school_ws/install/custon_msg_srv/lib/libcuston_msg_srv__rosidl_typesupport_fastrtps_cpp.so" to ""
[2.712s] -- Up-to-date: /home/kaio/github/ROS2_summer_school/summer_school_ws/install/custon_msg_srv/include/custon_msg_srv/custon_msg_srv
[2.712s] -- Up-to-date: /home/kaio/github/ROS2_summer_school/summer_school_ws/install/custon_msg_srv/include/custon_msg_srv/custon_msg_srv/msg
[2.712s] -- Up-to-date: /home/kaio/github/ROS2_summer_school/summer_school_ws/install/custon_msg_srv/include/custon_msg_srv/custon_msg_srv/msg/detail
[2.712s] -- Installing: /home/kaio/github/ROS2_summer_school/summer_school_ws/install/custon_msg_srv/include/custon_msg_srv/custon_msg_srv/msg/detail/two_float64__rosidl_typesupport_introspection_cpp.hpp
[2.712s] -- Installing: /home/kaio/github/ROS2_summer_school/summer_school_ws/install/custon_msg_srv/include/custon_msg_srv/custon_msg_srv/msg/detail/two_float64__type_support.cpp
[2.712s] -- Up-to-date: /home/kaio/github/ROS2_summer_school/summer_school_ws/install/custon_msg_srv/include/custon_msg_srv/custon_msg_srv/srv
[2.712s] -- Up-to-date: /home/kaio/github/ROS2_summer_school/summer_school_ws/install/custon_msg_srv/include/custon_msg_srv/custon_msg_srv/srv/detail
[2.712s] -- Installing: /home/kaio/github/ROS2_summer_school/summer_school_ws/install/custon_msg_srv/include/custon_msg_srv/custon_msg_srv/srv/detail/setop__rosidl_typesupport_introspection_cpp.hpp
[2.712s] -- Installing: /home/kaio/github/ROS2_summer_school/summer_school_ws/install/custon_msg_srv/include/custon_msg_srv/custon_msg_srv/srv/detail/setop__type_support.cpp
[2.712s] -- Installing: /home/kaio/github/ROS2_summer_school/summer_school_ws/install/custon_msg_srv/lib/libcuston_msg_srv__rosidl_typesupport_introspection_cpp.so
[2.713s] -- Set runtime path of "/home/kaio/github/ROS2_summer_school/summer_school_ws/install/custon_msg_srv/lib/libcuston_msg_srv__rosidl_typesupport_introspection_cpp.so" to ""
[2.713s] -- Installing: /home/kaio/github/ROS2_summer_school/summer_school_ws/install/custon_msg_srv/lib/libcuston_msg_srv__rosidl_typesupport_cpp.so
[2.713s] -- Set runtime path of "/home/kaio/github/ROS2_summer_school/summer_school_ws/install/custon_msg_srv/lib/libcuston_msg_srv__rosidl_typesupport_cpp.so" to ""
[2.713s] -- Installing: /home/kaio/github/ROS2_summer_school/summer_school_ws/install/custon_msg_srv/share/custon_msg_srv/environment/pythonpath.sh
[2.713s] -- Installing: /home/kaio/github/ROS2_summer_school/summer_school_ws/install/custon_msg_srv/share/custon_msg_srv/environment/pythonpath.dsv
[2.713s] -- Installing: /home/kaio/github/ROS2_summer_school/summer_school_ws/install/custon_msg_srv/local/lib/python3.10/dist-packages/custon_msg_srv-0.0.0-py3.10.egg-info
[2.713s] -- Installing: /home/kaio/github/ROS2_summer_school/summer_school_ws/install/custon_msg_srv/local/lib/python3.10/dist-packages/custon_msg_srv-0.0.0-py3.10.egg-info/PKG-INFO
[2.713s] -- Installing: /home/kaio/github/ROS2_summer_school/summer_school_ws/install/custon_msg_srv/local/lib/python3.10/dist-packages/custon_msg_srv-0.0.0-py3.10.egg-info/SOURCES.txt
[2.713s] -- Installing: /home/kaio/github/ROS2_summer_school/summer_school_ws/install/custon_msg_srv/local/lib/python3.10/dist-packages/custon_msg_srv-0.0.0-py3.10.egg-info/dependency_links.txt
[2.713s] -- Installing: /home/kaio/github/ROS2_summer_school/summer_school_ws/install/custon_msg_srv/local/lib/python3.10/dist-packages/custon_msg_srv-0.0.0-py3.10.egg-info/top_level.txt
[2.713s] -- Installing: /home/kaio/github/ROS2_summer_school/summer_school_ws/install/custon_msg_srv/local/lib/python3.10/dist-packages/custon_msg_srv
[2.713s] -- Installing: /home/kaio/github/ROS2_summer_school/summer_school_ws/install/custon_msg_srv/local/lib/python3.10/dist-packages/custon_msg_srv/libcuston_msg_srv__rosidl_generator_py.so
[2.713s] -- Installing: /home/kaio/github/ROS2_summer_school/summer_school_ws/install/custon_msg_srv/local/lib/python3.10/dist-packages/custon_msg_srv/_custon_msg_srv_s.ep.rosidl_typesupport_introspection_c.c
[2.713s] -- Installing: /home/kaio/github/ROS2_summer_school/summer_school_ws/install/custon_msg_srv/local/lib/python3.10/dist-packages/custon_msg_srv/__init__.py
[2.713s] -- Installing: /home/kaio/github/ROS2_summer_school/summer_school_ws/install/custon_msg_srv/local/lib/python3.10/dist-packages/custon_msg_srv/custon_msg_srv_s__rosidl_typesupport_introspection_c.cpython-310-x86_64-linux-gnu.so
[2.713s] -- Installing: /home/kaio/github/ROS2_summer_school/summer_school_ws/install/custon_msg_srv/local/lib/python3.10/dist-packages/custon_msg_srv/_custon_msg_srv_s.ep.rosidl_typesupport_fastrtps_c.c
[2.713s] -- Installing: /home/kaio/github/ROS2_summer_school/summer_school_ws/install/custon_msg_srv/local/lib/python3.10/dist-packages/custon_msg_srv/custon_msg_srv_s__rosidl_typesupport_c.cpython-310-x86_64-linux-gnu.so
[2.713s] -- Installing: /home/kaio/github/ROS2_summer_school/summer_school_ws/install/custon_msg_srv/local/lib/python3.10/dist-packages/custon_msg_srv/custon_msg_srv_s__rosidl_typesupport_fastrtps_c.cpython-310-x86_64-linux-gnu.so
[2.713s] -- Installing: /home/kaio/github/ROS2_summer_school/summer_school_ws/install/custon_msg_srv/local/lib/python3.10/dist-packages/custon_msg_srv/msg
[2.713s] -- Installing: /home/kaio/github/ROS2_summer_school/summer_school_ws/install/custon_msg_srv/local/lib/python3.10/dist-packages/custon_msg_srv/msg/_two_float64_s.c
[2.714s] -- Installing: /home/kaio/github/ROS2_summer_school/summer_school_ws/install/custon_msg_srv/local/lib/python3.10/dist-packages/custon_msg_srv/msg/__init__.py
[2.714s] -- Installing: /home/kaio/github/ROS2_summer_school/summer_school_ws/install/custon_msg_srv/local/lib/python3.10/dist-packages/custon_msg_srv/msg/_two_float64.py
[2.714s] -- Installing: /home/kaio/github/ROS2_summer_school/summer_school_ws/install/custon_msg_srv/local/lib/python3.10/dist-packages/custon_msg_srv/_custon_msg_srv_s.ep.rosidl_typesupport_c.c
[2.714s] -- Installing: /home/kaio/github/ROS2_summer_school/summer_school_ws/install/custon_msg_srv/local/lib/python3.10/dist-packages/custon_msg_srv/srv
[2.714s] -- Installing: /home/kaio/github/ROS2_summer_school/summer_school_ws/install/custon_msg_srv/local/lib/python3.10/dist-packages/custon_msg_srv/srv/_setop_s.c
[2.714s] -- Installing: /home/kaio/github/ROS2_summer_school/summer_school_ws/install/custon_msg_srv/local/lib/python3.10/dist-packages/custon_msg_srv/srv/__init__.py
[2.714s] -- Installing: /home/kaio/github/ROS2_summer_school/summer_school_ws/install/custon_msg_srv/local/lib/python3.10/dist-packages/custon_msg_srv/srv/_setop.py
[2.739s] Listing '/home/kaio/github/ROS2_summer_school/summer_school_ws/install/custon_msg_srv/local/lib/python3.10/dist-packages/custon_msg_srv'...
[2.739s] Compiling '/home/kaio/github/ROS2_summer_school/summer_school_ws/install/custon_msg_srv/local/lib/python3.10/dist-packages/custon_msg_srv/__init__.py'...
[2.739s] Listing '/home/kaio/github/ROS2_summer_school/summer_school_ws/install/custon_msg_srv/local/lib/python3.10/dist-packages/custon_msg_srv/msg'...
[2.739s] Compiling '/home/kaio/github/ROS2_summer_school/summer_school_ws/install/custon_msg_srv/local/lib/python3.10/dist-packages/custon_msg_srv/msg/__init__.py'...
[2.739s] Compiling '/home/kaio/github/ROS2_summer_school/summer_school_ws/install/custon_msg_srv/local/lib/python3.10/dist-packages/custon_msg_srv/msg/_two_float64.py'...
[2.739s] Listing '/home/kaio/github/ROS2_summer_school/summer_school_ws/install/custon_msg_srv/local/lib/python3.10/dist-packages/custon_msg_srv/srv'...
[2.739s] Compiling '/home/kaio/github/ROS2_summer_school/summer_school_ws/install/custon_msg_srv/local/lib/python3.10/dist-packages/custon_msg_srv/srv/__init__.py'...
[2.739s] Compiling '/home/kaio/github/ROS2_summer_school/summer_school_ws/install/custon_msg_srv/local/lib/python3.10/dist-packages/custon_msg_srv/srv/_setop.py'...
[2.742s] -- Installing: /home/kaio/github/ROS2_summer_school/summer_school_ws/install/custon_msg_srv/local/lib/python3.10/dist-packages/custon_msg_srv/custon_msg_srv_s__rosidl_typesupport_fastrtps_c.cpython-310-x86_64-linux-gnu.so
[2.742s] -- Set runtime path of "/home/kaio/github/ROS2_summer_school/summer_school_ws/install/custon_msg_srv/local/lib/python3.10/dist-packages/custon_msg_srv/custon_msg_srv_s__rosidl_typesupport_fastrtps_c.cpython-310-x86_64-linux-gnu.so" to ""
[2.742s] -- Installing: /home/kaio/github/ROS2_summer_school/summer_school_ws/install/custon_msg_srv/local/lib/python3.10/dist-packages/custon_msg_srv/custon_msg_srv_s__rosidl_typesupport_introspection_c.cpython-310-x86_64-linux-gnu.so
[2.742s] -- Set runtime path of "/home/kaio/github/ROS2_summer_school/summer_school_ws/install/custon_msg_srv/local/lib/python3.10/dist-packages/custon_msg_srv/custon_msg_srv_s__rosidl_typesupport_introspection_c.cpython-310-x86_64-linux-gnu.so" to ""
[2.742s] -- Installing: /home/kaio/github/ROS2_summer_school/summer_school_ws/install/custon_msg_srv/local/lib/python3.10/dist-packages/custon_msg_srv/custon_msg_srv_s__rosidl_typesupport_c.cpython-310-x86_64-linux-gnu.so
[2.743s] -- Set runtime path of "/home/kaio/github/ROS2_summer_school/summer_school_ws/install/custon_msg_srv/local/lib/python3.10/dist-packages/custon_msg_srv/custon_msg_srv_s__rosidl_typesupport_c.cpython-310-x86_64-linux-gnu.so" to ""
[2.743s] -- Installing: /home/kaio/github/ROS2_summer_school/summer_school_ws/install/custon_msg_srv/lib/libcuston_msg_srv__rosidl_generator_py.so
[2.743s] -- Set runtime path of "/home/kaio/github/ROS2_summer_school/summer_school_ws/install/custon_msg_srv/lib/libcuston_msg_srv__rosidl_generator_py.so" to ""
[2.743s] -- Installing: /home/kaio/github/ROS2_summer_school/summer_school_ws/install/custon_msg_srv/share/custon_msg_srv/msg/TwoFloat64.idl
[2.743s] -- Installing: /home/kaio/github/ROS2_summer_school/summer_school_ws/install/custon_msg_srv/share/custon_msg_srv/srv/Setop.idl
[2.743s] -- Installing: /home/kaio/github/ROS2_summer_school/summer_school_ws/install/custon_msg_srv/share/custon_msg_srv/msg/TwoFloat64.msg
[2.743s] -- Installing: /home/kaio/github/ROS2_summer_school/summer_school_ws/install/custon_msg_srv/share/custon_msg_srv/srv/Setop.srv
[2.743s] -- Installing: /home/kaio/github/ROS2_summer_school/summer_school_ws/install/custon_msg_srv/share/custon_msg_srv/srv/Setop_Request.msg
[2.743s] -- Installing: /home/kaio/github/ROS2_summer_school/summer_school_ws/install/custon_msg_srv/share/custon_msg_srv/srv/Setop_Response.msg
[2.743s] -- Installing: /home/kaio/github/ROS2_summer_school/summer_school_ws/install/custon_msg_srv/share/ament_index/resource_index/package_run_dependencies/custon_msg_srv
[2.743s] -- Installing: /home/kaio/github/ROS2_summer_school/summer_school_ws/install/custon_msg_srv/share/ament_index/resource_index/parent_prefix_path/custon_msg_srv
[2.743s] -- Installing: /home/kaio/github/ROS2_summer_school/summer_school_ws/install/custon_msg_srv/share/custon_msg_srv/environment/ament_prefix_path.sh
[2.743s] -- Installing: /home/kaio/github/ROS2_summer_school/summer_school_ws/install/custon_msg_srv/share/custon_msg_srv/environment/ament_prefix_path.dsv
[2.743s] -- Installing: /home/kaio/github/ROS2_summer_school/summer_school_ws/install/custon_msg_srv/share/custon_msg_srv/environment/path.sh
[2.743s] -- Installing: /home/kaio/github/ROS2_summer_school/summer_school_ws/install/custon_msg_srv/share/custon_msg_srv/environment/path.dsv
[2.744s] -- Installing: /home/kaio/github/ROS2_summer_school/summer_school_ws/install/custon_msg_srv/share/custon_msg_srv/local_setup.bash
[2.744s] -- Installing: /home/kaio/github/ROS2_summer_school/summer_school_ws/install/custon_msg_srv/share/custon_msg_srv/local_setup.sh
[2.744s] -- Installing: /home/kaio/github/ROS2_summer_school/summer_school_ws/install/custon_msg_srv/share/custon_msg_srv/local_setup.zsh
[2.744s] -- Installing: /home/kaio/github/ROS2_summer_school/summer_school_ws/install/custon_msg_srv/share/custon_msg_srv/local_setup.dsv
[2.744s] -- Installing: /home/kaio/github/ROS2_summer_school/summer_school_ws/install/custon_msg_srv/share/custon_msg_srv/package.dsv
[2.744s] -- Installing: /home/kaio/github/ROS2_summer_school/summer_school_ws/install/custon_msg_srv/share/ament_index/resource_index/packages/custon_msg_srv
[2.744s] -- Installing: /home/kaio/github/ROS2_summer_school/summer_school_ws/install/custon_msg_srv/share/custon_msg_srv/cmake/export_custon_msg_srv__rosidl_generator_cExport.cmake
[2.744s] -- Installing: /home/kaio/github/ROS2_summer_school/summer_school_ws/install/custon_msg_srv/share/custon_msg_srv/cmake/export_custon_msg_srv__rosidl_generator_cExport-noconfig.cmake
[2.744s] -- Installing: /home/kaio/github/ROS2_summer_school/summer_school_ws/install/custon_msg_srv/share/custon_msg_srv/cmake/export_custon_msg_srv__rosidl_typesupport_fastrtps_cExport.cmake
[2.744s] -- Installing: /home/kaio/github/ROS2_summer_school/summer_school_ws/install/custon_msg_srv/share/custon_msg_srv/cmake/export_custon_msg_srv__rosidl_typesupport_fastrtps_cExport-noconfig.cmake
[2.744s] -- Installing: /home/kaio/github/ROS2_summer_school/summer_school_ws/install/custon_msg_srv/share/custon_msg_srv/cmake/custon_msg_srv__rosidl_typesupport_introspection_cExport.cmake
[2.744s] -- Installing: /home/kaio/github/ROS2_summer_school/summer_school_ws/install/custon_msg_srv/share/custon_msg_srv/cmake/custon_msg_srv__rosidl_typesupport_introspection_cExport-noconfig.cmake
[2.744s] -- Installing: /home/kaio/github/ROS2_summer_school/summer_school_ws/install/custon_msg_srv/share/custon_msg_srv/cmake/custon_msg_srv__rosidl_typesupport_cExport.cmake
[2.744s] -- Installing: /home/kaio/github/ROS2_summer_school/summer_school_ws/install/custon_msg_srv/share/custon_msg_srv/cmake/custon_msg_srv__rosidl_typesupport_cExport-noconfig.cmake
[2.745s] -- Installing: /home/kaio/github/ROS2_summer_school/summer_school_ws/install/custon_msg_srv/share/custon_msg_srv/cmake/export_custon_msg_srv__rosidl_generator_cppExport.cmake
[2.745s] -- Installing: /home/kaio/github/ROS2_summer_school/summer_school_ws/install/custon_msg_srv/share/custon_msg_srv/cmake/export_custon_msg_srv__rosidl_typesupport_fastrtps_cppExport.cmake
[2.745s] -- Installing: /home/kaio/github/ROS2_summer_school/summer_school_ws/install/custon_msg_srv/share/custon_msg_srv/cmake/export_custon_msg_srv__rosidl_typesupport_fastrtps_cppExport-noconfig.cmake
[2.745s] -- Installing: /home/kaio/github/ROS2_summer_school/summer_school_ws/install/custon_msg_srv/share/custon_msg_srv/cmake/custon_msg_srv__rosidl_typesupport_introspection_cppExport.cmake
[2.745s] -- Installing: /home/kaio/github/ROS2_summer_school/summer_school_ws/install/custon_msg_srv/share/custon_msg_srv/cmake/custon_msg_srv__rosidl_typesupport_introspection_cppExport-noconfig.cmake
[2.745s] -- Installing: /home/kaio/github/ROS2_summer_school/summer_school_ws/install/custon_msg_srv/share/custon_msg_srv/cmake/custon_msg_srv__rosidl_typesupport_cppExport.cmake
[2.745s] -- Installing: /home/kaio/github/ROS2_summer_school/summer_school_ws/install/custon_msg_srv/share/custon_msg_srv/cmake/custon_msg_srv__rosidl_typesupport_cppExport-noconfig.cmake
[2.745s] -- Installing: /home/kaio/github/ROS2_summer_school/summer_school_ws/install/custon_msg_srv/share/custon_msg_srv/cmake/export_custon_msg_srv__rosidl_generator_pyExport.cmake
[2.745s] -- Installing: /home/kaio/github/ROS2_summer_school/summer_school_ws/install/custon_msg_srv/share/custon_msg_srv/cmake/export_custon_msg_srv__rosidl_generator_pyExport-noconfig.cmake
[2.745s] -- Installing: /home/kaio/github/ROS2_summer_school/summer_school_ws/install/custon_msg_srv/share/custon_msg_srv/cmake/rosidl_cmake-extras.cmake
[2.745s] -- Installing: /home/kaio/github/ROS2_summer_school/summer_school_ws/install/custon_msg_srv/share/custon_msg_srv/cmake/ament_cmake_export_include_directories-extras.cmake
[2.745s] -- Installing: /home/kaio/github/ROS2_summer_school/summer_school_ws/install/custon_msg_srv/share/custon_msg_srv/cmake/ament_cmake_export_libraries-extras.cmake
[2.745s] -- Installing: /home/kaio/github/ROS2_summer_school/summer_school_ws/install/custon_msg_srv/share/custon_msg_srv/cmake/ament_cmake_export_targets-extras.cmake
[2.745s] -- Installing: /home/kaio/github/ROS2_summer_school/summer_school_ws/install/custon_msg_srv/share/custon_msg_srv/cmake/rosidl_cmake_export_typesupport_targets-extras.cmake
[2.745s] -- Installing: /home/kaio/github/ROS2_summer_school/summer_school_ws/install/custon_msg_srv/share/custon_msg_srv/cmake/ament_cmake_export_dependencies-extras.cmake
[2.746s] -- Installing: /home/kaio/github/ROS2_summer_school/summer_school_ws/install/custon_msg_srv/share/custon_msg_srv/cmake/rosidl_cmake_export_typesupport_libraries-extras.cmake
[2.746s] -- Installing: /home/kaio/github/ROS2_summer_school/summer_school_ws/install/custon_msg_srv/share/custon_msg_srv/cmake/custon_msg_srvConfig.cmake
[2.746s] -- Installing: /home/kaio/github/ROS2_summer_school/summer_school_ws/install/custon_msg_srv/share/custon_msg_srv/cmake/custon_msg_srvConfig-version.cmake
[2.746s] -- Installing: /home/kaio/github/ROS2_summer_school/summer_school_ws/install/custon_msg_srv/share/custon_msg_srv/package.xml
[2.747s] Invoked command in '/home/kaio/github/ROS2_summer_school/summer_school_ws/build/custon_msg_srv' returned '0': CMAKE_PREFIX_PATH=/home/kaio/summer_school_ws/install/pkg_cpp:/home/kaio/summer_school_ws/install/calculator:/home/kaio/summer_school_ws/install/custon_msg_srv:/opt/ros/humble:/home/kaio/laser_uav_system_ws/install/realsense_gazebo_plugin:/home/kaio/laser_uav_system_ws/install/realsense2_description:/home/kaio/laser_uav_system_ws/install/realsense2_camera:/home/kaio/laser_uav_system_ws/install/realsense2_camera_msgs:/home/kaio/laser_uav_system_ws/install/laser_uav_px4_api:/home/kaio/laser_uav_system_ws/install/px4_msgs:/home/kaio/laser_uav_system_ws/install/laser_uav_simulation /usr/bin/cmake --install /home/kaio/github/ROS2_summer_school/summer_school_ws/build/custon_msg_srv
