-- The C compiler identification is GNU 9.5.0
-- The CXX compiler identification is GNU 9.5.0
-- Detecting C compiler ABI info
-- Detecting C compiler ABI info - done
-- Check for working C compiler: /usr/bin/cc - skipped
-- Detecting C compile features
-- Detecting C compile features - done
-- Detecting CXX compiler ABI info
-- Detecting CXX compiler ABI info - done
-- Check for working CXX compiler: /usr/bin/c++ - skipped
-- Detecting CXX compile features
-- Detecting CXX compile features - done
-- Found ament_cmake: 1.3.11 (/opt/ros/humble/share/ament_cmake/cmake)
-- Found Python3: /usr/bin/python3 (found version "3.10.12") found components: Interpreter 
-- Found rclcpp: 16.0.11 (/opt/ros/humble/share/rclcpp/cmake)
-- Found rosidl_generator_c: 3.1.6 (/opt/ros/humble/share/rosidl_generator_c/cmake)
-- Found rosidl_adapter: 3.1.6 (/opt/ros/humble/share/rosidl_adapter/cmake)
-- Found rosidl_generator_cpp: 3.1.6 (/opt/ros/humble/share/rosidl_generator_cpp/cmake)
-- Using all available rosidl_typesupport_c: rosidl_typesupport_fastrtps_c;rosidl_typesupport_introspection_c
-- Using all available rosidl_typesupport_cpp: rosidl_typesupport_fastrtps_cpp;rosidl_typesupport_introspection_cpp
-- Found rmw_implementation_cmake: 6.1.2 (/opt/ros/humble/share/rmw_implementation_cmake/cmake)
-- Found rmw_fastrtps_cpp: 6.2.7 (/opt/ros/humble/share/rmw_fastrtps_cpp/cmake)
-- Found OpenSSL: /usr/lib/x86_64-linux-gnu/libcrypto.so (found version "3.0.2")  
-- Found FastRTPS: /opt/ros/humble/include  
-- Using RMW implementation 'rmw_fastrtps_cpp' as default
-- Looking for pthread.h
-- Looking for pthread.h - found
-- Performing Test CMAKE_HAVE_LIBC_PTHREAD
-- Performing Test CMAKE_HAVE_LIBC_PTHREAD - Success
-- Found Threads: TRUE  
-- Found rclcpp_lifecycle: 16.0.11 (/opt/ros/humble/share/rclcpp_lifecycle/cmake)
-- Found rclcpp_components: 16.0.11 (/opt/ros/humble/share/rclcpp_components/cmake)
-- Found std_srvs: 4.2.4 (/opt/ros/humble/share/std_srvs/cmake)
-- Found custon_msg_srv: 0.0.0 (/home/kaio/summer_school_ws/install/custon_msg_srv/share/custon_msg_srv/cmake)
-- Found ament_lint_auto: 0.12.11 (/opt/ros/humble/share/ament_lint_auto/cmake)
-- Added test 'cppcheck' to perform static code analysis on C / C++ code
-- Configured cppcheck include dirs: /home/kaio/summer_school_ws/src/calculator/include;/home/kaio/summer_school_ws/src/calculator/src/include
-- Configured cppcheck exclude dirs and/or files: 
-- Added test 'flake8' to check Python code syntax and style conventions
-- Added test 'lint_cmake' to check CMake code style
-- Added test 'pep257' to check Python code against some of the docstring style conventions in PEP 257
-- Added test 'uncrustify' to check C / C++ code style
-- Configured uncrustify additional arguments: 
-- Added test 'xmllint' to check XML markup files
-- Configuring done
-- Generating done
-- Build files have been written to: /home/kaio/summer_school_ws/build/calculator
[ 25%] [32mBuilding CXX object CMakeFiles/calculator_core.dir/src/calculator_node.cpp.o[0m
[ 50%] [32m[1mLinking CXX shared library libcalculator_core.so[0m
[ 50%] Built target calculator_core
[ 75%] [32mBuilding CXX object CMakeFiles/calculator_node.dir/src/calculator_main.cpp.o[0m
[100%] [32m[1mLinking CXX executable calculator_node[0m
[100%] Built target calculator_node
-- Install configuration: ""
-- Installing: /home/kaio/summer_school_ws/install/calculator/lib/libcalculator_core.so
-- Set runtime path of "/home/kaio/summer_school_ws/install/calculator/lib/libcalculator_core.so" to ""
-- Installing: /home/kaio/summer_school_ws/install/calculator/lib/calculator/calculator_node
-- Set runtime path of "/home/kaio/summer_school_ws/install/calculator/lib/calculator/calculator_node" to ""
-- Installing: /home/kaio/summer_school_ws/install/calculator/include/
-- Installing: /home/kaio/summer_school_ws/install/calculator/include//calculator
-- Installing: /home/kaio/summer_school_ws/install/calculator/include//calculator/calculator_node.hpp
-- Installing: /home/kaio/summer_school_ws/install/calculator/share/calculator/launch
-- Installing: /home/kaio/summer_school_ws/install/calculator/share/calculator/launch/calculator_launch.py
-- Installing: /home/kaio/summer_school_ws/install/calculator/share/calculator/param
-- Installing: /home/kaio/summer_school_ws/install/calculator/share/calculator/param/constants.yaml
-- Installing: /home/kaio/summer_school_ws/install/calculator/share/ament_index/resource_index/package_run_dependencies/calculator
-- Installing: /home/kaio/summer_school_ws/install/calculator/share/ament_index/resource_index/parent_prefix_path/calculator
-- Installing: /home/kaio/summer_school_ws/install/calculator/share/calculator/environment/ament_prefix_path.sh
-- Installing: /home/kaio/summer_school_ws/install/calculator/share/calculator/environment/ament_prefix_path.dsv
-- Installing: /home/kaio/summer_school_ws/install/calculator/share/calculator/environment/path.sh
-- Installing: /home/kaio/summer_school_ws/install/calculator/share/calculator/environment/path.dsv
-- Installing: /home/kaio/summer_school_ws/install/calculator/share/calculator/local_setup.bash
-- Installing: /home/kaio/summer_school_ws/install/calculator/share/calculator/local_setup.sh
-- Installing: /home/kaio/summer_school_ws/install/calculator/share/calculator/local_setup.zsh
-- Installing: /home/kaio/summer_school_ws/install/calculator/share/calculator/local_setup.dsv
-- Installing: /home/kaio/summer_school_ws/install/calculator/share/calculator/package.dsv
-- Installing: /home/kaio/summer_school_ws/install/calculator/share/ament_index/resource_index/packages/calculator
-- Installing: /home/kaio/summer_school_ws/install/calculator/share/ament_index/resource_index/rclcpp_components/calculator
-- Installing: /home/kaio/summer_school_ws/install/calculator/share/calculator/cmake/ament_cmake_export_include_directories-extras.cmake
-- Installing: /home/kaio/summer_school_ws/install/calculator/share/calculator/cmake/ament_cmake_export_dependencies-extras.cmake
-- Installing: /home/kaio/summer_school_ws/install/calculator/share/calculator/cmake/calculatorConfig.cmake
-- Installing: /home/kaio/summer_school_ws/install/calculator/share/calculator/cmake/calculatorConfig-version.cmake
-- Installing: /home/kaio/summer_school_ws/install/calculator/share/calculator/package.xml
