[0.008s] Invoking command in '/home/kaio/summer_school_ws/build/calculator': CMAKE_PREFIX_PATH=/home/kaio/summer_school_ws/install/custon_msg_srv:/home/kaio/summer_school_ws/install/pkg_cpp:/home/kaio/summer_school_ws/install/example:/home/kaio/summer_school_ws/install/calculator:/home/kaio/summer_school_ws/install/atv1:/opt/ros/humble:/home/kaio/laser_uav_system_ws/install/realsense_gazebo_plugin:/home/kaio/laser_uav_system_ws/install/realsense2_description:/home/kaio/laser_uav_system_ws/install/realsense2_camera:/home/kaio/laser_uav_system_ws/install/realsense2_camera_msgs:/home/kaio/laser_uav_system_ws/install/laser_uav_px4_api:/home/kaio/laser_uav_system_ws/install/px4_msgs:/home/kaio/laser_uav_system_ws/install/laser_uav_simulation /usr/bin/cmake /home/kaio/summer_school_ws/src/calculator -DCMAKE_INSTALL_PREFIX=/home/kaio/summer_school_ws/install/calculator
[0.051s] -- The C compiler identification is GNU 9.5.0
[0.095s] -- The CXX compiler identification is GNU 9.5.0
[0.100s] -- Detecting C compiler ABI info
[0.149s] -- Detecting C compiler ABI info - done
[0.154s] -- Check for working C compiler: /usr/bin/cc - skipped
[0.154s] -- Detecting C compile features
[0.155s] -- Detecting C compile features - done
[0.157s] -- Detecting CXX compiler ABI info
[0.213s] -- Detecting CXX compiler ABI info - done
[0.220s] -- Check for working CXX compiler: /usr/bin/c++ - skipped
[0.220s] -- Detecting CXX compile features
[0.220s] -- Detecting CXX compile features - done
[0.222s] -- Found ament_cmake: 1.3.11 (/opt/ros/humble/share/ament_cmake/cmake)
[0.330s] -- Found Python3: /usr/bin/python3 (found version "3.10.12") found components: Interpreter 
[0.395s] -- Found rclcpp: 16.0.11 (/opt/ros/humble/share/rclcpp/cmake)
[0.421s] -- Found rosidl_generator_c: 3.1.6 (/opt/ros/humble/share/rosidl_generator_c/cmake)
[0.424s] -- Found rosidl_adapter: 3.1.6 (/opt/ros/humble/share/rosidl_adapter/cmake)
[0.429s] -- Found rosidl_generator_cpp: 3.1.6 (/opt/ros/humble/share/rosidl_generator_cpp/cmake)
[0.436s] -- Using all available rosidl_typesupport_c: rosidl_typesupport_fastrtps_c;rosidl_typesupport_introspection_c
[0.446s] -- Using all available rosidl_typesupport_cpp: rosidl_typesupport_fastrtps_cpp;rosidl_typesupport_introspection_cpp
[0.473s] -- Found rmw_implementation_cmake: 6.1.2 (/opt/ros/humble/share/rmw_implementation_cmake/cmake)
[0.475s] -- Found rmw_fastrtps_cpp: 6.2.7 (/opt/ros/humble/share/rmw_fastrtps_cpp/cmake)
[0.535s] -- Found OpenSSL: /usr/lib/x86_64-linux-gnu/libcrypto.so (found version "3.0.2")  
[0.554s] -- Found FastRTPS: /opt/ros/humble/include  
[0.582s] -- Using RMW implementation 'rmw_fastrtps_cpp' as default
[0.587s] -- Looking for pthread.h
[0.645s] -- Looking for pthread.h - found
[0.645s] -- Performing Test CMAKE_HAVE_LIBC_PTHREAD
[0.700s] -- Performing Test CMAKE_HAVE_LIBC_PTHREAD - Success
[0.700s] -- Found Threads: TRUE  
[0.735s] -- Found rclcpp_lifecycle: 16.0.11 (/opt/ros/humble/share/rclcpp_lifecycle/cmake)
[0.747s] -- Found rclcpp_components: 16.0.11 (/opt/ros/humble/share/rclcpp_components/cmake)
[0.764s] -- Found std_srvs: 4.2.4 (/opt/ros/humble/share/std_srvs/cmake)
[0.770s] -- Found custon_msg_srv: 0.0.0 (/home/kaio/summer_school_ws/install/custon_msg_srv/share/custon_msg_srv/cmake)
[0.780s] -- Found ament_lint_auto: 0.12.11 (/opt/ros/humble/share/ament_lint_auto/cmake)
[0.833s] -- Added test 'cppcheck' to perform static code analysis on C / C++ code
[0.833s] -- Configured cppcheck include dirs: /home/kaio/summer_school_ws/src/calculator/include;/home/kaio/summer_school_ws/src/calculator/src/include
[0.833s] -- Configured cppcheck exclude dirs and/or files: 
[0.833s] -- Added test 'flake8' to check Python code syntax and style conventions
[0.834s] -- Added test 'lint_cmake' to check CMake code style
[0.834s] -- Added test 'pep257' to check Python code against some of the docstring style conventions in PEP 257
[0.835s] -- Added test 'uncrustify' to check C / C++ code style
[0.835s] -- Configured uncrustify additional arguments: 
[0.835s] -- Added test 'xmllint' to check XML markup files
[0.836s] -- Configuring done
[0.846s] -- Generating done
[0.849s] -- Build files have been written to: /home/kaio/summer_school_ws/build/calculator
[0.857s] Invoked command in '/home/kaio/summer_school_ws/build/calculator' returned '0': CMAKE_PREFIX_PATH=/home/kaio/summer_school_ws/install/custon_msg_srv:/home/kaio/summer_school_ws/install/pkg_cpp:/home/kaio/summer_school_ws/install/example:/home/kaio/summer_school_ws/install/calculator:/home/kaio/summer_school_ws/install/atv1:/opt/ros/humble:/home/kaio/laser_uav_system_ws/install/realsense_gazebo_plugin:/home/kaio/laser_uav_system_ws/install/realsense2_description:/home/kaio/laser_uav_system_ws/install/realsense2_camera:/home/kaio/laser_uav_system_ws/install/realsense2_camera_msgs:/home/kaio/laser_uav_system_ws/install/laser_uav_px4_api:/home/kaio/laser_uav_system_ws/install/px4_msgs:/home/kaio/laser_uav_system_ws/install/laser_uav_simulation /usr/bin/cmake /home/kaio/summer_school_ws/src/calculator -DCMAKE_INSTALL_PREFIX=/home/kaio/summer_school_ws/install/calculator
[0.858s] Invoking command in '/home/kaio/summer_school_ws/build/calculator': CMAKE_PREFIX_PATH=/home/kaio/summer_school_ws/install/custon_msg_srv:/home/kaio/summer_school_ws/install/pkg_cpp:/home/kaio/summer_school_ws/install/example:/home/kaio/summer_school_ws/install/calculator:/home/kaio/summer_school_ws/install/atv1:/opt/ros/humble:/home/kaio/laser_uav_system_ws/install/realsense_gazebo_plugin:/home/kaio/laser_uav_system_ws/install/realsense2_description:/home/kaio/laser_uav_system_ws/install/realsense2_camera:/home/kaio/laser_uav_system_ws/install/realsense2_camera_msgs:/home/kaio/laser_uav_system_ws/install/laser_uav_px4_api:/home/kaio/laser_uav_system_ws/install/px4_msgs:/home/kaio/laser_uav_system_ws/install/laser_uav_simulation /usr/bin/cmake --build /home/kaio/summer_school_ws/build/calculator -- -j8 -l8
[0.897s] [ 25%] [32mBuilding CXX object CMakeFiles/calculator_core.dir/src/calculator_node.cpp.o[0m
[6.682s] [ 50%] [32m[1mLinking CXX shared library libcalculator_core.so[0m
[7.067s] [ 50%] Built target calculator_core
[7.083s] [ 75%] [32mBuilding CXX object CMakeFiles/calculator_node.dir/src/calculator_main.cpp.o[0m
[8.899s] [100%] [32m[1mLinking CXX executable calculator_node[0m
[9.050s] [100%] Built target calculator_node
[9.058s] Invoked command in '/home/kaio/summer_school_ws/build/calculator' returned '0': CMAKE_PREFIX_PATH=/home/kaio/summer_school_ws/install/custon_msg_srv:/home/kaio/summer_school_ws/install/pkg_cpp:/home/kaio/summer_school_ws/install/example:/home/kaio/summer_school_ws/install/calculator:/home/kaio/summer_school_ws/install/atv1:/opt/ros/humble:/home/kaio/laser_uav_system_ws/install/realsense_gazebo_plugin:/home/kaio/laser_uav_system_ws/install/realsense2_description:/home/kaio/laser_uav_system_ws/install/realsense2_camera:/home/kaio/laser_uav_system_ws/install/realsense2_camera_msgs:/home/kaio/laser_uav_system_ws/install/laser_uav_px4_api:/home/kaio/laser_uav_system_ws/install/px4_msgs:/home/kaio/laser_uav_system_ws/install/laser_uav_simulation /usr/bin/cmake --build /home/kaio/summer_school_ws/build/calculator -- -j8 -l8
[9.059s] Invoking command in '/home/kaio/summer_school_ws/build/calculator': CMAKE_PREFIX_PATH=/home/kaio/summer_school_ws/install/custon_msg_srv:/home/kaio/summer_school_ws/install/pkg_cpp:/home/kaio/summer_school_ws/install/example:/home/kaio/summer_school_ws/install/calculator:/home/kaio/summer_school_ws/install/atv1:/opt/ros/humble:/home/kaio/laser_uav_system_ws/install/realsense_gazebo_plugin:/home/kaio/laser_uav_system_ws/install/realsense2_description:/home/kaio/laser_uav_system_ws/install/realsense2_camera:/home/kaio/laser_uav_system_ws/install/realsense2_camera_msgs:/home/kaio/laser_uav_system_ws/install/laser_uav_px4_api:/home/kaio/laser_uav_system_ws/install/px4_msgs:/home/kaio/laser_uav_system_ws/install/laser_uav_simulation /usr/bin/cmake --install /home/kaio/summer_school_ws/build/calculator
[9.064s] -- Install configuration: ""
[9.064s] -- Installing: /home/kaio/summer_school_ws/install/calculator/lib/libcalculator_core.so
[9.068s] -- Set runtime path of "/home/kaio/summer_school_ws/install/calculator/lib/libcalculator_core.so" to ""
[9.068s] -- Installing: /home/kaio/summer_school_ws/install/calculator/lib/calculator/calculator_node
[9.068s] -- Set runtime path of "/home/kaio/summer_school_ws/install/calculator/lib/calculator/calculator_node" to ""
[9.068s] -- Installing: /home/kaio/summer_school_ws/install/calculator/include/
[9.068s] -- Installing: /home/kaio/summer_school_ws/install/calculator/include//calculator
[9.068s] -- Installing: /home/kaio/summer_school_ws/install/calculator/include//calculator/calculator_node.hpp
[9.068s] -- Installing: /home/kaio/summer_school_ws/install/calculator/share/calculator/launch
[9.068s] -- Installing: /home/kaio/summer_school_ws/install/calculator/share/calculator/launch/calculator_launch.py
[9.068s] -- Installing: /home/kaio/summer_school_ws/install/calculator/share/calculator/param
[9.068s] -- Installing: /home/kaio/summer_school_ws/install/calculator/share/calculator/param/constants.yaml
[9.068s] -- Installing: /home/kaio/summer_school_ws/install/calculator/share/ament_index/resource_index/package_run_dependencies/calculator
[9.068s] -- Installing: /home/kaio/summer_school_ws/install/calculator/share/ament_index/resource_index/parent_prefix_path/calculator
[9.068s] -- Installing: /home/kaio/summer_school_ws/install/calculator/share/calculator/environment/ament_prefix_path.sh
[9.068s] -- Installing: /home/kaio/summer_school_ws/install/calculator/share/calculator/environment/ament_prefix_path.dsv
[9.068s] -- Installing: /home/kaio/summer_school_ws/install/calculator/share/calculator/environment/path.sh
[9.068s] -- Installing: /home/kaio/summer_school_ws/install/calculator/share/calculator/environment/path.dsv
[9.069s] -- Installing: /home/kaio/summer_school_ws/install/calculator/share/calculator/local_setup.bash
[9.069s] -- Installing: /home/kaio/summer_school_ws/install/calculator/share/calculator/local_setup.sh
[9.069s] -- Installing: /home/kaio/summer_school_ws/install/calculator/share/calculator/local_setup.zsh
[9.069s] -- Installing: /home/kaio/summer_school_ws/install/calculator/share/calculator/local_setup.dsv
[9.069s] -- Installing: /home/kaio/summer_school_ws/install/calculator/share/calculator/package.dsv
[9.069s] -- Installing: /home/kaio/summer_school_ws/install/calculator/share/ament_index/resource_index/packages/calculator
[9.069s] -- Installing: /home/kaio/summer_school_ws/install/calculator/share/ament_index/resource_index/rclcpp_components/calculator
[9.069s] -- Installing: /home/kaio/summer_school_ws/install/calculator/share/calculator/cmake/ament_cmake_export_include_directories-extras.cmake
[9.069s] -- Installing: /home/kaio/summer_school_ws/install/calculator/share/calculator/cmake/ament_cmake_export_dependencies-extras.cmake
[9.069s] -- Installing: /home/kaio/summer_school_ws/install/calculator/share/calculator/cmake/calculatorConfig.cmake
[9.069s] -- Installing: /home/kaio/summer_school_ws/install/calculator/share/calculator/cmake/calculatorConfig-version.cmake
[9.069s] -- Installing: /home/kaio/summer_school_ws/install/calculator/share/calculator/package.xml
[9.071s] Invoked command in '/home/kaio/summer_school_ws/build/calculator' returned '0': CMAKE_PREFIX_PATH=/home/kaio/summer_school_ws/install/custon_msg_srv:/home/kaio/summer_school_ws/install/pkg_cpp:/home/kaio/summer_school_ws/install/example:/home/kaio/summer_school_ws/install/calculator:/home/kaio/summer_school_ws/install/atv1:/opt/ros/humble:/home/kaio/laser_uav_system_ws/install/realsense_gazebo_plugin:/home/kaio/laser_uav_system_ws/install/realsense2_description:/home/kaio/laser_uav_system_ws/install/realsense2_camera:/home/kaio/laser_uav_system_ws/install/realsense2_camera_msgs:/home/kaio/laser_uav_system_ws/install/laser_uav_px4_api:/home/kaio/laser_uav_system_ws/install/px4_msgs:/home/kaio/laser_uav_system_ws/install/laser_uav_simulation /usr/bin/cmake --install /home/kaio/summer_school_ws/build/calculator
