[0.095s] DEBUG:colcon:Command line arguments: ['/usr/bin/colcon', 'build', '--packages-select', 'calculator']
[0.095s] DEBUG:colcon:Parsed command line arguments: Namespace(log_base=None, log_level=None, verb_name='build', build_base='build', install_base='install', merge_install=False, symlink_install=False, test_result_base=None, continue_on_error=False, executor='parallel', parallel_workers=8, event_handlers=None, ignore_user_meta=False, metas=['./colcon.meta'], base_paths=['.'], packages_ignore=None, packages_ignore_regex=None, paths=None, packages_up_to=None, packages_up_to_regex=None, packages_above=None, packages_above_and_dependencies=None, packages_above_depth=None, packages_select_by_dep=None, packages_skip_by_dep=None, packages_skip_up_to=None, packages_select_build_failed=False, packages_skip_build_finished=False, packages_select_test_failures=False, packages_skip_test_passed=False, packages_select=['calculator'], packages_skip=None, packages_select_regex=None, packages_skip_regex=None, packages_start=None, packages_end=None, allow_overriding=[], cmake_args=None, cmake_target=None, cmake_target_skip_unavailable=False, cmake_clean_cache=False, cmake_clean_first=False, cmake_force_configure=False, ament_cmake_args=None, catkin_cmake_args=None, catkin_skip_building_tests=False, mixin_files=None, mixin=None, verb_parser=<colcon_mixin.mixin.mixin_argument.MixinArgumentDecorator object at 0x7cda55a04820>, verb_extension=<colcon_core.verb.build.BuildVerb object at 0x7cda55a042b0>, main=<bound method BuildVerb.main of <colcon_core.verb.build.BuildVerb object at 0x7cda55a042b0>>, mixin_verb=('build',))
[0.222s] Level 1:colcon.colcon_core.package_discovery:discover_packages(colcon_meta) check parameters
[0.222s] Level 1:colcon.colcon_core.package_discovery:discover_packages(recursive) check parameters
[0.222s] Level 1:colcon.colcon_core.package_discovery:discover_packages(ignore) check parameters
[0.222s] Level 1:colcon.colcon_core.package_discovery:discover_packages(path) check parameters
[0.222s] Level 1:colcon.colcon_core.package_discovery:discover_packages(colcon_meta) discover
[0.222s] Level 1:colcon.colcon_core.package_discovery:discover_packages(recursive) discover
[0.222s] INFO:colcon.colcon_core.package_discovery:Crawling recursively for packages in '/home/kaio/summer_school_ws'
[0.222s] Level 1:colcon.colcon_core.package_identification:_identify(.) by extensions ['ignore', 'ignore_ament_install']
[0.222s] Level 1:colcon.colcon_core.package_identification:_identify(.) by extension 'ignore'
[0.222s] Level 1:colcon.colcon_core.package_identification:_identify(.) by extension 'ignore_ament_install'
[0.222s] Level 1:colcon.colcon_core.package_identification:_identify(.) by extensions ['colcon_pkg']
[0.222s] Level 1:colcon.colcon_core.package_identification:_identify(.) by extension 'colcon_pkg'
[0.222s] Level 1:colcon.colcon_core.package_identification:_identify(.) by extensions ['colcon_meta']
[0.222s] Level 1:colcon.colcon_core.package_identification:_identify(.) by extension 'colcon_meta'
[0.222s] Level 1:colcon.colcon_core.package_identification:_identify(.) by extensions ['ros']
[0.222s] Level 1:colcon.colcon_core.package_identification:_identify(.) by extension 'ros'
[0.230s] Level 1:colcon.colcon_core.package_identification:_identify(.) by extensions ['cmake', 'python']
[0.230s] Level 1:colcon.colcon_core.package_identification:_identify(.) by extension 'cmake'
[0.230s] Level 1:colcon.colcon_core.package_identification:_identify(.) by extension 'python'
[0.230s] Level 1:colcon.colcon_core.package_identification:_identify(.) by extensions ['python_setup_py']
[0.230s] Level 1:colcon.colcon_core.package_identification:_identify(.) by extension 'python_setup_py'
[0.230s] Level 1:colcon.colcon_core.package_identification:_identify(build) by extensions ['ignore', 'ignore_ament_install']
[0.230s] Level 1:colcon.colcon_core.package_identification:_identify(build) by extension 'ignore'
[0.230s] Level 1:colcon.colcon_core.package_identification:_identify(build) ignored
[0.230s] Level 1:colcon.colcon_core.package_identification:_identify(install) by extensions ['ignore', 'ignore_ament_install']
[0.231s] Level 1:colcon.colcon_core.package_identification:_identify(install) by extension 'ignore'
[0.231s] Level 1:colcon.colcon_core.package_identification:_identify(install) ignored
[0.231s] Level 1:colcon.colcon_core.package_identification:_identify(log) by extensions ['ignore', 'ignore_ament_install']
[0.231s] Level 1:colcon.colcon_core.package_identification:_identify(log) by extension 'ignore'
[0.231s] Level 1:colcon.colcon_core.package_identification:_identify(log) ignored
[0.231s] Level 1:colcon.colcon_core.package_identification:_identify(src) by extensions ['ignore', 'ignore_ament_install']
[0.231s] Level 1:colcon.colcon_core.package_identification:_identify(src) by extension 'ignore'
[0.231s] Level 1:colcon.colcon_core.package_identification:_identify(src) by extension 'ignore_ament_install'
[0.231s] Level 1:colcon.colcon_core.package_identification:_identify(src) by extensions ['colcon_pkg']
[0.231s] Level 1:colcon.colcon_core.package_identification:_identify(src) by extension 'colcon_pkg'
[0.231s] Level 1:colcon.colcon_core.package_identification:_identify(src) by extensions ['colcon_meta']
[0.231s] Level 1:colcon.colcon_core.package_identification:_identify(src) by extension 'colcon_meta'
[0.231s] Level 1:colcon.colcon_core.package_identification:_identify(src) by extensions ['ros']
[0.231s] Level 1:colcon.colcon_core.package_identification:_identify(src) by extension 'ros'
[0.231s] Level 1:colcon.colcon_core.package_identification:_identify(src) by extensions ['cmake', 'python']
[0.231s] Level 1:colcon.colcon_core.package_identification:_identify(src) by extension 'cmake'
[0.231s] Level 1:colcon.colcon_core.package_identification:_identify(src) by extension 'python'
[0.231s] Level 1:colcon.colcon_core.package_identification:_identify(src) by extensions ['python_setup_py']
[0.231s] Level 1:colcon.colcon_core.package_identification:_identify(src) by extension 'python_setup_py'
[0.231s] Level 1:colcon.colcon_core.package_identification:_identify(src/calculator) by extensions ['ignore', 'ignore_ament_install']
[0.231s] Level 1:colcon.colcon_core.package_identification:_identify(src/calculator) by extension 'ignore'
[0.231s] Level 1:colcon.colcon_core.package_identification:_identify(src/calculator) by extension 'ignore_ament_install'
[0.231s] Level 1:colcon.colcon_core.package_identification:_identify(src/calculator) by extensions ['colcon_pkg']
[0.231s] Level 1:colcon.colcon_core.package_identification:_identify(src/calculator) by extension 'colcon_pkg'
[0.231s] Level 1:colcon.colcon_core.package_identification:_identify(src/calculator) by extensions ['colcon_meta']
[0.231s] Level 1:colcon.colcon_core.package_identification:_identify(src/calculator) by extension 'colcon_meta'
[0.231s] Level 1:colcon.colcon_core.package_identification:_identify(src/calculator) by extensions ['ros']
[0.231s] Level 1:colcon.colcon_core.package_identification:_identify(src/calculator) by extension 'ros'
[0.233s] DEBUG:colcon.colcon_core.package_identification:Package 'src/calculator' with type 'ros.ament_cmake' and name 'calculator'
[0.233s] Level 1:colcon.colcon_core.package_identification:_identify(src/custon_msg_srv) by extensions ['ignore', 'ignore_ament_install']
[0.234s] Level 1:colcon.colcon_core.package_identification:_identify(src/custon_msg_srv) by extension 'ignore'
[0.234s] Level 1:colcon.colcon_core.package_identification:_identify(src/custon_msg_srv) by extension 'ignore_ament_install'
[0.234s] Level 1:colcon.colcon_core.package_identification:_identify(src/custon_msg_srv) by extensions ['colcon_pkg']
[0.234s] Level 1:colcon.colcon_core.package_identification:_identify(src/custon_msg_srv) by extension 'colcon_pkg'
[0.234s] Level 1:colcon.colcon_core.package_identification:_identify(src/custon_msg_srv) by extensions ['colcon_meta']
[0.234s] Level 1:colcon.colcon_core.package_identification:_identify(src/custon_msg_srv) by extension 'colcon_meta'
[0.234s] Level 1:colcon.colcon_core.package_identification:_identify(src/custon_msg_srv) by extensions ['ros']
[0.234s] Level 1:colcon.colcon_core.package_identification:_identify(src/custon_msg_srv) by extension 'ros'
[0.235s] DEBUG:colcon.colcon_core.package_identification:Package 'src/custon_msg_srv' with type 'ros.ament_cmake' and name 'custon_msg_srv'
[0.235s] Level 1:colcon.colcon_core.package_identification:_identify(src/pkg_cpp) by extensions ['ignore', 'ignore_ament_install']
[0.235s] Level 1:colcon.colcon_core.package_identification:_identify(src/pkg_cpp) by extension 'ignore'
[0.235s] Level 1:colcon.colcon_core.package_identification:_identify(src/pkg_cpp) by extension 'ignore_ament_install'
[0.235s] Level 1:colcon.colcon_core.package_identification:_identify(src/pkg_cpp) by extensions ['colcon_pkg']
[0.235s] Level 1:colcon.colcon_core.package_identification:_identify(src/pkg_cpp) by extension 'colcon_pkg'
[0.235s] Level 1:colcon.colcon_core.package_identification:_identify(src/pkg_cpp) by extensions ['colcon_meta']
[0.235s] Level 1:colcon.colcon_core.package_identification:_identify(src/pkg_cpp) by extension 'colcon_meta'
[0.235s] Level 1:colcon.colcon_core.package_identification:_identify(src/pkg_cpp) by extensions ['ros']
[0.235s] Level 1:colcon.colcon_core.package_identification:_identify(src/pkg_cpp) by extension 'ros'
[0.235s] DEBUG:colcon.colcon_core.package_identification:Package 'src/pkg_cpp' with type 'ros.ament_cmake' and name 'pkg_cpp'
[0.235s] Level 1:colcon.colcon_core.package_discovery:discover_packages(recursive) using defaults
[0.235s] Level 1:colcon.colcon_core.package_discovery:discover_packages(ignore) discover
[0.235s] Level 1:colcon.colcon_core.package_discovery:discover_packages(ignore) using defaults
[0.235s] Level 1:colcon.colcon_core.package_discovery:discover_packages(path) discover
[0.235s] Level 1:colcon.colcon_core.package_discovery:discover_packages(path) using defaults
[0.249s] INFO:colcon.colcon_core.package_selection:Skipping not selected package 'custon_msg_srv' in 'src/custon_msg_srv'
[0.249s] INFO:colcon.colcon_core.package_selection:Skipping not selected package 'pkg_cpp' in 'src/pkg_cpp'
[0.249s] Level 1:colcon.colcon_core.package_discovery:discover_packages(prefix_path) check parameters
[0.249s] Level 1:colcon.colcon_core.package_discovery:discover_packages(prefix_path) discover
[0.250s] WARNING:colcon.colcon_ros.prefix_path.ament:The path '/home/kaio/summer_school_ws/install/pkg_cpp' in the environment variable AMENT_PREFIX_PATH doesn't exist
[0.250s] WARNING:colcon.colcon_ros.prefix_path.ament:The path '/home/kaio/summer_school_ws/install/example' in the environment variable AMENT_PREFIX_PATH doesn't exist
[0.250s] WARNING:colcon.colcon_ros.prefix_path.ament:The path '/home/kaio/summer_school_ws/install/atv1' in the environment variable AMENT_PREFIX_PATH doesn't exist
[0.250s] WARNING:colcon.colcon_ros.prefix_path.catkin:The path '/home/kaio/summer_school_ws/install/pkg_cpp' in the environment variable CMAKE_PREFIX_PATH doesn't exist
[0.250s] WARNING:colcon.colcon_ros.prefix_path.catkin:The path '/home/kaio/summer_school_ws/install/example' in the environment variable CMAKE_PREFIX_PATH doesn't exist
[0.250s] WARNING:colcon.colcon_ros.prefix_path.catkin:The path '/home/kaio/summer_school_ws/install/atv1' in the environment variable CMAKE_PREFIX_PATH doesn't exist
[0.251s] DEBUG:colcon.colcon_installed_package_information.package_discovery:Found 2 installed packages in /home/kaio/summer_school_ws/install
[0.251s] DEBUG:colcon.colcon_installed_package_information.package_discovery:Found 7 installed packages in /home/kaio/laser_uav_system_ws/install
[0.252s] DEBUG:colcon.colcon_installed_package_information.package_discovery:Found 321 installed packages in /opt/ros/humble
[0.253s] Level 1:colcon.colcon_core.package_discovery:discover_packages(prefix_path) using defaults
[0.281s] Level 5:colcon.colcon_core.verb:set package 'calculator' build argument 'cmake_args' from command line to 'None'
[0.281s] Level 5:colcon.colcon_core.verb:set package 'calculator' build argument 'cmake_target' from command line to 'None'
[0.281s] Level 5:colcon.colcon_core.verb:set package 'calculator' build argument 'cmake_target_skip_unavailable' from command line to 'False'
[0.281s] Level 5:colcon.colcon_core.verb:set package 'calculator' build argument 'cmake_clean_cache' from command line to 'False'
[0.281s] Level 5:colcon.colcon_core.verb:set package 'calculator' build argument 'cmake_clean_first' from command line to 'False'
[0.281s] Level 5:colcon.colcon_core.verb:set package 'calculator' build argument 'cmake_force_configure' from command line to 'False'
[0.281s] Level 5:colcon.colcon_core.verb:set package 'calculator' build argument 'ament_cmake_args' from command line to 'None'
[0.281s] Level 5:colcon.colcon_core.verb:set package 'calculator' build argument 'catkin_cmake_args' from command line to 'None'
[0.281s] Level 5:colcon.colcon_core.verb:set package 'calculator' build argument 'catkin_skip_building_tests' from command line to 'False'
[0.281s] DEBUG:colcon.colcon_core.verb:Building package 'calculator' with the following arguments: {'ament_cmake_args': None, 'build_base': '/home/kaio/summer_school_ws/build/calculator', 'catkin_cmake_args': None, 'catkin_skip_building_tests': False, 'cmake_args': None, 'cmake_clean_cache': False, 'cmake_clean_first': False, 'cmake_force_configure': False, 'cmake_target': None, 'cmake_target_skip_unavailable': False, 'install_base': '/home/kaio/summer_school_ws/install/calculator', 'merge_install': False, 'path': '/home/kaio/summer_school_ws/src/calculator', 'symlink_install': False, 'test_result_base': None}
[0.281s] INFO:colcon.colcon_core.executor:Executing jobs using 'parallel' executor
[0.282s] DEBUG:colcon.colcon_parallel_executor.executor.parallel:run_until_complete
[0.282s] INFO:colcon.colcon_ros.task.ament_cmake.build:Building ROS package in '/home/kaio/summer_school_ws/src/calculator' with build type 'ament_cmake'
[0.282s] INFO:colcon.colcon_cmake.task.cmake.build:Building CMake package in '/home/kaio/summer_school_ws/src/calculator'
[0.284s] INFO:colcon.colcon_core.plugin_system:Skipping extension 'colcon_core.shell.bat': Not used on non-Windows systems
[0.284s] INFO:colcon.colcon_core.shell:Skip shell extension 'powershell' for command environment: Not usable outside of PowerShell
[0.284s] DEBUG:colcon.colcon_core.shell:Skip shell extension 'dsv' for command environment
[0.293s] DEBUG:colcon.colcon_core.event_handler.log_command:Invoking command in '/home/kaio/summer_school_ws/build/calculator': CMAKE_PREFIX_PATH=/home/kaio/summer_school_ws/install/custon_msg_srv:/home/kaio/summer_school_ws/install/pkg_cpp:/home/kaio/summer_school_ws/install/example:/home/kaio/summer_school_ws/install/calculator:/home/kaio/summer_school_ws/install/atv1:/opt/ros/humble:/home/kaio/laser_uav_system_ws/install/realsense_gazebo_plugin:/home/kaio/laser_uav_system_ws/install/realsense2_description:/home/kaio/laser_uav_system_ws/install/realsense2_camera:/home/kaio/laser_uav_system_ws/install/realsense2_camera_msgs:/home/kaio/laser_uav_system_ws/install/laser_uav_px4_api:/home/kaio/laser_uav_system_ws/install/px4_msgs:/home/kaio/laser_uav_system_ws/install/laser_uav_simulation /usr/bin/cmake --build /home/kaio/summer_school_ws/build/calculator -- -j8 -l8
[6.790s] DEBUG:colcon.colcon_core.event_handler.log_command:Invoked command in '/home/kaio/summer_school_ws/build/calculator' returned '0': CMAKE_PREFIX_PATH=/home/kaio/summer_school_ws/install/custon_msg_srv:/home/kaio/summer_school_ws/install/pkg_cpp:/home/kaio/summer_school_ws/install/example:/home/kaio/summer_school_ws/install/calculator:/home/kaio/summer_school_ws/install/atv1:/opt/ros/humble:/home/kaio/laser_uav_system_ws/install/realsense_gazebo_plugin:/home/kaio/laser_uav_system_ws/install/realsense2_description:/home/kaio/laser_uav_system_ws/install/realsense2_camera:/home/kaio/laser_uav_system_ws/install/realsense2_camera_msgs:/home/kaio/laser_uav_system_ws/install/laser_uav_px4_api:/home/kaio/laser_uav_system_ws/install/px4_msgs:/home/kaio/laser_uav_system_ws/install/laser_uav_simulation /usr/bin/cmake --build /home/kaio/summer_school_ws/build/calculator -- -j8 -l8
[6.798s] DEBUG:colcon.colcon_core.event_handler.log_command:Invoking command in '/home/kaio/summer_school_ws/build/calculator': CMAKE_PREFIX_PATH=/home/kaio/summer_school_ws/install/custon_msg_srv:/home/kaio/summer_school_ws/install/pkg_cpp:/home/kaio/summer_school_ws/install/example:/home/kaio/summer_school_ws/install/calculator:/home/kaio/summer_school_ws/install/atv1:/opt/ros/humble:/home/kaio/laser_uav_system_ws/install/realsense_gazebo_plugin:/home/kaio/laser_uav_system_ws/install/realsense2_description:/home/kaio/laser_uav_system_ws/install/realsense2_camera:/home/kaio/laser_uav_system_ws/install/realsense2_camera_msgs:/home/kaio/laser_uav_system_ws/install/laser_uav_px4_api:/home/kaio/laser_uav_system_ws/install/px4_msgs:/home/kaio/laser_uav_system_ws/install/laser_uav_simulation /usr/bin/cmake --install /home/kaio/summer_school_ws/build/calculator
[6.811s] Level 1:colcon.colcon_core.environment:create_environment_scripts_only(calculator)
[6.812s] DEBUG:colcon.colcon_core.event_handler.log_command:Invoked command in '/home/kaio/summer_school_ws/build/calculator' returned '0': CMAKE_PREFIX_PATH=/home/kaio/summer_school_ws/install/custon_msg_srv:/home/kaio/summer_school_ws/install/pkg_cpp:/home/kaio/summer_school_ws/install/example:/home/kaio/summer_school_ws/install/calculator:/home/kaio/summer_school_ws/install/atv1:/opt/ros/humble:/home/kaio/laser_uav_system_ws/install/realsense_gazebo_plugin:/home/kaio/laser_uav_system_ws/install/realsense2_description:/home/kaio/laser_uav_system_ws/install/realsense2_camera:/home/kaio/laser_uav_system_ws/install/realsense2_camera_msgs:/home/kaio/laser_uav_system_ws/install/laser_uav_px4_api:/home/kaio/laser_uav_system_ws/install/px4_msgs:/home/kaio/laser_uav_system_ws/install/laser_uav_simulation /usr/bin/cmake --install /home/kaio/summer_school_ws/build/calculator
[6.813s] Level 1:colcon.colcon_core.environment:checking '/home/kaio/summer_school_ws/install/calculator' for CMake module files
[6.814s] Level 1:colcon.colcon_core.environment:checking '/home/kaio/summer_school_ws/install/calculator' for CMake config files
[6.814s] Level 1:colcon.colcon_core.shell:create_environment_hook('calculator', 'cmake_prefix_path')
[6.814s] INFO:colcon.colcon_core.shell:Creating environment hook '/home/kaio/summer_school_ws/install/calculator/share/calculator/hook/cmake_prefix_path.ps1'
[6.814s] INFO:colcon.colcon_core.shell:Creating environment descriptor '/home/kaio/summer_school_ws/install/calculator/share/calculator/hook/cmake_prefix_path.dsv'
[6.815s] INFO:colcon.colcon_core.shell:Creating environment hook '/home/kaio/summer_school_ws/install/calculator/share/calculator/hook/cmake_prefix_path.sh'
[6.815s] Level 1:colcon.colcon_core.environment:checking '/home/kaio/summer_school_ws/install/calculator/lib'
[6.815s] Level 1:colcon.colcon_core.shell:create_environment_hook('calculator', 'ld_library_path_lib')
[6.816s] INFO:colcon.colcon_core.shell:Creating environment hook '/home/kaio/summer_school_ws/install/calculator/share/calculator/hook/ld_library_path_lib.ps1'
[6.816s] INFO:colcon.colcon_core.shell:Creating environment descriptor '/home/kaio/summer_school_ws/install/calculator/share/calculator/hook/ld_library_path_lib.dsv'
[6.816s] INFO:colcon.colcon_core.shell:Creating environment hook '/home/kaio/summer_school_ws/install/calculator/share/calculator/hook/ld_library_path_lib.sh'
[6.816s] Level 1:colcon.colcon_core.environment:checking '/home/kaio/summer_school_ws/install/calculator/bin'
[6.816s] Level 1:colcon.colcon_core.environment:checking '/home/kaio/summer_school_ws/install/calculator/lib/pkgconfig/calculator.pc'
[6.816s] Level 1:colcon.colcon_core.environment:checking '/home/kaio/summer_school_ws/install/calculator/lib/python3.10/site-packages'
[6.817s] Level 1:colcon.colcon_core.environment:checking '/home/kaio/summer_school_ws/install/calculator/bin'
[6.817s] INFO:colcon.colcon_core.shell:Creating package script '/home/kaio/summer_school_ws/install/calculator/share/calculator/package.ps1'
[6.817s] INFO:colcon.colcon_core.shell:Creating package descriptor '/home/kaio/summer_school_ws/install/calculator/share/calculator/package.dsv'
[6.818s] INFO:colcon.colcon_core.shell:Creating package script '/home/kaio/summer_school_ws/install/calculator/share/calculator/package.sh'
[6.818s] INFO:colcon.colcon_core.shell:Creating package script '/home/kaio/summer_school_ws/install/calculator/share/calculator/package.bash'
[6.818s] INFO:colcon.colcon_core.shell:Creating package script '/home/kaio/summer_school_ws/install/calculator/share/calculator/package.zsh'
[6.819s] Level 1:colcon.colcon_core.environment:create_file_with_runtime_dependencies(/home/kaio/summer_school_ws/install/calculator/share/colcon-core/packages/calculator)
[6.819s] Level 1:colcon.colcon_core.environment:create_environment_scripts_only(calculator)
[6.819s] Level 1:colcon.colcon_core.environment:checking '/home/kaio/summer_school_ws/install/calculator' for CMake module files
[6.820s] Level 1:colcon.colcon_core.environment:checking '/home/kaio/summer_school_ws/install/calculator' for CMake config files
[6.820s] Level 1:colcon.colcon_core.shell:create_environment_hook('calculator', 'cmake_prefix_path')
[6.820s] INFO:colcon.colcon_core.shell:Creating environment hook '/home/kaio/summer_school_ws/install/calculator/share/calculator/hook/cmake_prefix_path.ps1'
[6.820s] INFO:colcon.colcon_core.shell:Creating environment descriptor '/home/kaio/summer_school_ws/install/calculator/share/calculator/hook/cmake_prefix_path.dsv'
[6.820s] INFO:colcon.colcon_core.shell:Creating environment hook '/home/kaio/summer_school_ws/install/calculator/share/calculator/hook/cmake_prefix_path.sh'
[6.821s] Level 1:colcon.colcon_core.environment:checking '/home/kaio/summer_school_ws/install/calculator/lib'
[6.821s] Level 1:colcon.colcon_core.shell:create_environment_hook('calculator', 'ld_library_path_lib')
[6.821s] INFO:colcon.colcon_core.shell:Creating environment hook '/home/kaio/summer_school_ws/install/calculator/share/calculator/hook/ld_library_path_lib.ps1'
[6.821s] INFO:colcon.colcon_core.shell:Creating environment descriptor '/home/kaio/summer_school_ws/install/calculator/share/calculator/hook/ld_library_path_lib.dsv'
[6.821s] INFO:colcon.colcon_core.shell:Creating environment hook '/home/kaio/summer_school_ws/install/calculator/share/calculator/hook/ld_library_path_lib.sh'
[6.821s] Level 1:colcon.colcon_core.environment:checking '/home/kaio/summer_school_ws/install/calculator/bin'
[6.821s] Level 1:colcon.colcon_core.environment:checking '/home/kaio/summer_school_ws/install/calculator/lib/pkgconfig/calculator.pc'
[6.822s] Level 1:colcon.colcon_core.environment:checking '/home/kaio/summer_school_ws/install/calculator/lib/python3.10/site-packages'
[6.822s] Level 1:colcon.colcon_core.environment:checking '/home/kaio/summer_school_ws/install/calculator/bin'
[6.822s] INFO:colcon.colcon_core.shell:Creating package script '/home/kaio/summer_school_ws/install/calculator/share/calculator/package.ps1'
[6.822s] INFO:colcon.colcon_core.shell:Creating package descriptor '/home/kaio/summer_school_ws/install/calculator/share/calculator/package.dsv'
[6.823s] INFO:colcon.colcon_core.shell:Creating package script '/home/kaio/summer_school_ws/install/calculator/share/calculator/package.sh'
[6.823s] INFO:colcon.colcon_core.shell:Creating package script '/home/kaio/summer_school_ws/install/calculator/share/calculator/package.bash'
[6.823s] INFO:colcon.colcon_core.shell:Creating package script '/home/kaio/summer_school_ws/install/calculator/share/calculator/package.zsh'
[6.823s] Level 1:colcon.colcon_core.environment:create_file_with_runtime_dependencies(/home/kaio/summer_school_ws/install/calculator/share/colcon-core/packages/calculator)
[6.823s] DEBUG:colcon.colcon_parallel_executor.executor.parallel:closing loop
[6.824s] DEBUG:colcon.colcon_parallel_executor.executor.parallel:loop closed
[6.824s] DEBUG:colcon.colcon_parallel_executor.executor.parallel:run_until_complete finished with '0'
[6.824s] DEBUG:colcon.colcon_core.event_reactor:joining thread
[6.828s] INFO:colcon.colcon_core.plugin_system:Skipping extension 'colcon_notification.desktop_notification.terminal_notifier': Not used on non-Darwin systems
[6.828s] INFO:colcon.colcon_core.plugin_system:Skipping extension 'colcon_notification.desktop_notification.win32': Not used on non-Windows systems
[6.828s] INFO:colcon.colcon_notification.desktop_notification:Sending desktop notification using 'notify2'
[6.836s] DEBUG:colcon.colcon_core.event_reactor:joined thread
[6.836s] INFO:colcon.colcon_core.shell:Creating prefix script '/home/kaio/summer_school_ws/install/local_setup.ps1'
[6.837s] INFO:colcon.colcon_core.shell:Creating prefix util module '/home/kaio/summer_school_ws/install/_local_setup_util_ps1.py'
[6.837s] INFO:colcon.colcon_core.shell:Creating prefix chain script '/home/kaio/summer_school_ws/install/setup.ps1'
[6.838s] INFO:colcon.colcon_core.shell:Creating prefix script '/home/kaio/summer_school_ws/install/local_setup.sh'
[6.839s] INFO:colcon.colcon_core.shell:Creating prefix util module '/home/kaio/summer_school_ws/install/_local_setup_util_sh.py'
[6.839s] INFO:colcon.colcon_core.shell:Creating prefix chain script '/home/kaio/summer_school_ws/install/setup.sh'
[6.840s] INFO:colcon.colcon_core.shell:Creating prefix script '/home/kaio/summer_school_ws/install/local_setup.bash'
[6.841s] INFO:colcon.colcon_core.shell:Creating prefix chain script '/home/kaio/summer_school_ws/install/setup.bash'
[6.842s] INFO:colcon.colcon_core.shell:Creating prefix script '/home/kaio/summer_school_ws/install/local_setup.zsh'
[6.842s] INFO:colcon.colcon_core.shell:Creating prefix chain script '/home/kaio/summer_school_ws/install/setup.zsh'
