[0.090s] DEBUG:colcon:Command line arguments: ['/usr/bin/colcon', 'build', '--packages-select', 'custon_msg_srv', 'calculator']
[0.090s] DEBUG:colcon:Parsed command line arguments: Namespace(log_base=None, log_level=None, verb_name='build', build_base='build', install_base='install', merge_install=False, symlink_install=False, test_result_base=None, continue_on_error=False, executor='parallel', parallel_workers=8, event_handlers=None, ignore_user_meta=False, metas=['./colcon.meta'], base_paths=['.'], packages_ignore=None, packages_ignore_regex=None, paths=None, packages_up_to=None, packages_up_to_regex=None, packages_above=None, packages_above_and_dependencies=None, packages_above_depth=None, packages_select_by_dep=None, packages_skip_by_dep=None, packages_skip_up_to=None, packages_select_build_failed=False, packages_skip_build_finished=False, packages_select_test_failures=False, packages_skip_test_passed=False, packages_select=['custon_msg_srv', 'calculator'], packages_skip=None, packages_select_regex=None, packages_skip_regex=None, packages_start=None, packages_end=None, allow_overriding=[], cmake_args=None, cmake_target=None, cmake_target_skip_unavailable=False, cmake_clean_cache=False, cmake_clean_first=False, cmake_force_configure=False, ament_cmake_args=None, catkin_cmake_args=None, catkin_skip_building_tests=False, mixin_files=None, mixin=None, verb_parser=<colcon_mixin.mixin.mixin_argument.MixinArgumentDecorator object at 0x714a270f8970>, verb_extension=<colcon_core.verb.build.BuildVerb object at 0x714a270f8400>, main=<bound method BuildVerb.main of <colcon_core.verb.build.BuildVerb object at 0x714a270f8400>>, mixin_verb=('build',))
[0.214s] Level 1:colcon.colcon_core.package_discovery:discover_packages(colcon_meta) check parameters
[0.214s] Level 1:colcon.colcon_core.package_discovery:discover_packages(recursive) check parameters
[0.214s] Level 1:colcon.colcon_core.package_discovery:discover_packages(ignore) check parameters
[0.214s] Level 1:colcon.colcon_core.package_discovery:discover_packages(path) check parameters
[0.214s] Level 1:colcon.colcon_core.package_discovery:discover_packages(colcon_meta) discover
[0.214s] Level 1:colcon.colcon_core.package_discovery:discover_packages(recursive) discover
[0.214s] INFO:colcon.colcon_core.package_discovery:Crawling recursively for packages in '/home/kaio/summer_school_ws'
[0.214s] Level 1:colcon.colcon_core.package_identification:_identify(.) by extensions ['ignore', 'ignore_ament_install']
[0.214s] Level 1:colcon.colcon_core.package_identification:_identify(.) by extension 'ignore'
[0.215s] Level 1:colcon.colcon_core.package_identification:_identify(.) by extension 'ignore_ament_install'
[0.215s] Level 1:colcon.colcon_core.package_identification:_identify(.) by extensions ['colcon_pkg']
[0.215s] Level 1:colcon.colcon_core.package_identification:_identify(.) by extension 'colcon_pkg'
[0.215s] Level 1:colcon.colcon_core.package_identification:_identify(.) by extensions ['colcon_meta']
[0.215s] Level 1:colcon.colcon_core.package_identification:_identify(.) by extension 'colcon_meta'
[0.215s] Level 1:colcon.colcon_core.package_identification:_identify(.) by extensions ['ros']
[0.215s] Level 1:colcon.colcon_core.package_identification:_identify(.) by extension 'ros'
[0.222s] Level 1:colcon.colcon_core.package_identification:_identify(.) by extensions ['cmake', 'python']
[0.222s] Level 1:colcon.colcon_core.package_identification:_identify(.) by extension 'cmake'
[0.222s] Level 1:colcon.colcon_core.package_identification:_identify(.) by extension 'python'
[0.222s] Level 1:colcon.colcon_core.package_identification:_identify(.) by extensions ['python_setup_py']
[0.222s] Level 1:colcon.colcon_core.package_identification:_identify(.) by extension 'python_setup_py'
[0.222s] Level 1:colcon.colcon_core.package_identification:_identify(build) by extensions ['ignore', 'ignore_ament_install']
[0.222s] Level 1:colcon.colcon_core.package_identification:_identify(build) by extension 'ignore'
[0.222s] Level 1:colcon.colcon_core.package_identification:_identify(build) ignored
[0.222s] Level 1:colcon.colcon_core.package_identification:_identify(install) by extensions ['ignore', 'ignore_ament_install']
[0.222s] Level 1:colcon.colcon_core.package_identification:_identify(install) by extension 'ignore'
[0.222s] Level 1:colcon.colcon_core.package_identification:_identify(install) ignored
[0.222s] Level 1:colcon.colcon_core.package_identification:_identify(log) by extensions ['ignore', 'ignore_ament_install']
[0.222s] Level 1:colcon.colcon_core.package_identification:_identify(log) by extension 'ignore'
[0.222s] Level 1:colcon.colcon_core.package_identification:_identify(log) ignored
[0.222s] Level 1:colcon.colcon_core.package_identification:_identify(src) by extensions ['ignore', 'ignore_ament_install']
[0.222s] Level 1:colcon.colcon_core.package_identification:_identify(src) by extension 'ignore'
[0.222s] Level 1:colcon.colcon_core.package_identification:_identify(src) by extension 'ignore_ament_install'
[0.222s] Level 1:colcon.colcon_core.package_identification:_identify(src) by extensions ['colcon_pkg']
[0.222s] Level 1:colcon.colcon_core.package_identification:_identify(src) by extension 'colcon_pkg'
[0.222s] Level 1:colcon.colcon_core.package_identification:_identify(src) by extensions ['colcon_meta']
[0.222s] Level 1:colcon.colcon_core.package_identification:_identify(src) by extension 'colcon_meta'
[0.223s] Level 1:colcon.colcon_core.package_identification:_identify(src) by extensions ['ros']
[0.223s] Level 1:colcon.colcon_core.package_identification:_identify(src) by extension 'ros'
[0.223s] Level 1:colcon.colcon_core.package_identification:_identify(src) by extensions ['cmake', 'python']
[0.223s] Level 1:colcon.colcon_core.package_identification:_identify(src) by extension 'cmake'
[0.223s] Level 1:colcon.colcon_core.package_identification:_identify(src) by extension 'python'
[0.223s] Level 1:colcon.colcon_core.package_identification:_identify(src) by extensions ['python_setup_py']
[0.223s] Level 1:colcon.colcon_core.package_identification:_identify(src) by extension 'python_setup_py'
[0.223s] Level 1:colcon.colcon_core.package_identification:_identify(src/calculator) by extensions ['ignore', 'ignore_ament_install']
[0.223s] Level 1:colcon.colcon_core.package_identification:_identify(src/calculator) by extension 'ignore'
[0.223s] Level 1:colcon.colcon_core.package_identification:_identify(src/calculator) by extension 'ignore_ament_install'
[0.223s] Level 1:colcon.colcon_core.package_identification:_identify(src/calculator) by extensions ['colcon_pkg']
[0.223s] Level 1:colcon.colcon_core.package_identification:_identify(src/calculator) by extension 'colcon_pkg'
[0.223s] Level 1:colcon.colcon_core.package_identification:_identify(src/calculator) by extensions ['colcon_meta']
[0.223s] Level 1:colcon.colcon_core.package_identification:_identify(src/calculator) by extension 'colcon_meta'
[0.223s] Level 1:colcon.colcon_core.package_identification:_identify(src/calculator) by extensions ['ros']
[0.223s] Level 1:colcon.colcon_core.package_identification:_identify(src/calculator) by extension 'ros'
[0.225s] DEBUG:colcon.colcon_core.package_identification:Package 'src/calculator' with type 'ros.ament_cmake' and name 'calculator'
[0.225s] Level 1:colcon.colcon_core.package_identification:_identify(src/custon_msg_srv) by extensions ['ignore', 'ignore_ament_install']
[0.226s] Level 1:colcon.colcon_core.package_identification:_identify(src/custon_msg_srv) by extension 'ignore'
[0.226s] Level 1:colcon.colcon_core.package_identification:_identify(src/custon_msg_srv) by extension 'ignore_ament_install'
[0.226s] Level 1:colcon.colcon_core.package_identification:_identify(src/custon_msg_srv) by extensions ['colcon_pkg']
[0.226s] Level 1:colcon.colcon_core.package_identification:_identify(src/custon_msg_srv) by extension 'colcon_pkg'
[0.226s] Level 1:colcon.colcon_core.package_identification:_identify(src/custon_msg_srv) by extensions ['colcon_meta']
[0.226s] Level 1:colcon.colcon_core.package_identification:_identify(src/custon_msg_srv) by extension 'colcon_meta'
[0.226s] Level 1:colcon.colcon_core.package_identification:_identify(src/custon_msg_srv) by extensions ['ros']
[0.226s] Level 1:colcon.colcon_core.package_identification:_identify(src/custon_msg_srv) by extension 'ros'
[0.226s] DEBUG:colcon.colcon_core.package_identification:Package 'src/custon_msg_srv' with type 'ros.ament_cmake' and name 'custon_msg_srv'
[0.226s] Level 1:colcon.colcon_core.package_identification:_identify(src/pkg_cpp) by extensions ['ignore', 'ignore_ament_install']
[0.226s] Level 1:colcon.colcon_core.package_identification:_identify(src/pkg_cpp) by extension 'ignore'
[0.227s] Level 1:colcon.colcon_core.package_identification:_identify(src/pkg_cpp) by extension 'ignore_ament_install'
[0.227s] Level 1:colcon.colcon_core.package_identification:_identify(src/pkg_cpp) by extensions ['colcon_pkg']
[0.227s] Level 1:colcon.colcon_core.package_identification:_identify(src/pkg_cpp) by extension 'colcon_pkg'
[0.227s] Level 1:colcon.colcon_core.package_identification:_identify(src/pkg_cpp) by extensions ['colcon_meta']
[0.227s] Level 1:colcon.colcon_core.package_identification:_identify(src/pkg_cpp) by extension 'colcon_meta'
[0.227s] Level 1:colcon.colcon_core.package_identification:_identify(src/pkg_cpp) by extensions ['ros']
[0.227s] Level 1:colcon.colcon_core.package_identification:_identify(src/pkg_cpp) by extension 'ros'
[0.227s] DEBUG:colcon.colcon_core.package_identification:Package 'src/pkg_cpp' with type 'ros.ament_cmake' and name 'pkg_cpp'
[0.227s] Level 1:colcon.colcon_core.package_discovery:discover_packages(recursive) using defaults
[0.227s] Level 1:colcon.colcon_core.package_discovery:discover_packages(ignore) discover
[0.227s] Level 1:colcon.colcon_core.package_discovery:discover_packages(ignore) using defaults
[0.227s] Level 1:colcon.colcon_core.package_discovery:discover_packages(path) discover
[0.227s] Level 1:colcon.colcon_core.package_discovery:discover_packages(path) using defaults
[0.239s] INFO:colcon.colcon_core.package_selection:Skipping not selected package 'pkg_cpp' in 'src/pkg_cpp'
[0.239s] Level 1:colcon.colcon_core.package_discovery:discover_packages(prefix_path) check parameters
[0.239s] Level 1:colcon.colcon_core.package_discovery:discover_packages(prefix_path) discover
[0.240s] WARNING:colcon.colcon_ros.prefix_path.ament:The path '/home/kaio/summer_school_ws/install/custon_msg_srv' in the environment variable AMENT_PREFIX_PATH doesn't exist
[0.240s] WARNING:colcon.colcon_ros.prefix_path.ament:The path '/home/kaio/summer_school_ws/install/pkg_cpp' in the environment variable AMENT_PREFIX_PATH doesn't exist
[0.240s] WARNING:colcon.colcon_ros.prefix_path.ament:The path '/home/kaio/summer_school_ws/install/example' in the environment variable AMENT_PREFIX_PATH doesn't exist
[0.240s] WARNING:colcon.colcon_ros.prefix_path.ament:The path '/home/kaio/summer_school_ws/install/calculator' in the environment variable AMENT_PREFIX_PATH doesn't exist
[0.240s] WARNING:colcon.colcon_ros.prefix_path.ament:The path '/home/kaio/summer_school_ws/install/atv1' in the environment variable AMENT_PREFIX_PATH doesn't exist
[0.240s] WARNING:colcon.colcon_ros.prefix_path.catkin:The path '/home/kaio/summer_school_ws/install/custon_msg_srv' in the environment variable CMAKE_PREFIX_PATH doesn't exist
[0.240s] WARNING:colcon.colcon_ros.prefix_path.catkin:The path '/home/kaio/summer_school_ws/install/pkg_cpp' in the environment variable CMAKE_PREFIX_PATH doesn't exist
[0.240s] WARNING:colcon.colcon_ros.prefix_path.catkin:The path '/home/kaio/summer_school_ws/install/example' in the environment variable CMAKE_PREFIX_PATH doesn't exist
[0.240s] WARNING:colcon.colcon_ros.prefix_path.catkin:The path '/home/kaio/summer_school_ws/install/calculator' in the environment variable CMAKE_PREFIX_PATH doesn't exist
[0.240s] WARNING:colcon.colcon_ros.prefix_path.catkin:The path '/home/kaio/summer_school_ws/install/atv1' in the environment variable CMAKE_PREFIX_PATH doesn't exist
[0.241s] DEBUG:colcon.colcon_installed_package_information.package_discovery:Found 0 installed packages in /home/kaio/summer_school_ws/install
[0.241s] DEBUG:colcon.colcon_installed_package_information.package_discovery:Found 7 installed packages in /home/kaio/laser_uav_system_ws/install
[0.242s] DEBUG:colcon.colcon_installed_package_information.package_discovery:Found 321 installed packages in /opt/ros/humble
[0.243s] Level 1:colcon.colcon_core.package_discovery:discover_packages(prefix_path) using defaults
[0.268s] Level 5:colcon.colcon_core.verb:set package 'custon_msg_srv' build argument 'cmake_args' from command line to 'None'
[0.268s] Level 5:colcon.colcon_core.verb:set package 'custon_msg_srv' build argument 'cmake_target' from command line to 'None'
[0.268s] Level 5:colcon.colcon_core.verb:set package 'custon_msg_srv' build argument 'cmake_target_skip_unavailable' from command line to 'False'
[0.268s] Level 5:colcon.colcon_core.verb:set package 'custon_msg_srv' build argument 'cmake_clean_cache' from command line to 'False'
[0.268s] Level 5:colcon.colcon_core.verb:set package 'custon_msg_srv' build argument 'cmake_clean_first' from command line to 'False'
[0.268s] Level 5:colcon.colcon_core.verb:set package 'custon_msg_srv' build argument 'cmake_force_configure' from command line to 'False'
[0.268s] Level 5:colcon.colcon_core.verb:set package 'custon_msg_srv' build argument 'ament_cmake_args' from command line to 'None'
[0.268s] Level 5:colcon.colcon_core.verb:set package 'custon_msg_srv' build argument 'catkin_cmake_args' from command line to 'None'
[0.268s] Level 5:colcon.colcon_core.verb:set package 'custon_msg_srv' build argument 'catkin_skip_building_tests' from command line to 'False'
[0.268s] DEBUG:colcon.colcon_core.verb:Building package 'custon_msg_srv' with the following arguments: {'ament_cmake_args': None, 'build_base': '/home/kaio/summer_school_ws/build/custon_msg_srv', 'catkin_cmake_args': None, 'catkin_skip_building_tests': False, 'cmake_args': None, 'cmake_clean_cache': False, 'cmake_clean_first': False, 'cmake_force_configure': False, 'cmake_target': None, 'cmake_target_skip_unavailable': False, 'install_base': '/home/kaio/summer_school_ws/install/custon_msg_srv', 'merge_install': False, 'path': '/home/kaio/summer_school_ws/src/custon_msg_srv', 'symlink_install': False, 'test_result_base': None}
[0.268s] Level 5:colcon.colcon_core.verb:set package 'calculator' build argument 'cmake_args' from command line to 'None'
[0.268s] Level 5:colcon.colcon_core.verb:set package 'calculator' build argument 'cmake_target' from command line to 'None'
[0.268s] Level 5:colcon.colcon_core.verb:set package 'calculator' build argument 'cmake_target_skip_unavailable' from command line to 'False'
[0.268s] Level 5:colcon.colcon_core.verb:set package 'calculator' build argument 'cmake_clean_cache' from command line to 'False'
[0.268s] Level 5:colcon.colcon_core.verb:set package 'calculator' build argument 'cmake_clean_first' from command line to 'False'
[0.268s] Level 5:colcon.colcon_core.verb:set package 'calculator' build argument 'cmake_force_configure' from command line to 'False'
[0.268s] Level 5:colcon.colcon_core.verb:set package 'calculator' build argument 'ament_cmake_args' from command line to 'None'
[0.268s] Level 5:colcon.colcon_core.verb:set package 'calculator' build argument 'catkin_cmake_args' from command line to 'None'
[0.268s] Level 5:colcon.colcon_core.verb:set package 'calculator' build argument 'catkin_skip_building_tests' from command line to 'False'
[0.268s] DEBUG:colcon.colcon_core.verb:Building package 'calculator' with the following arguments: {'ament_cmake_args': None, 'build_base': '/home/kaio/summer_school_ws/build/calculator', 'catkin_cmake_args': None, 'catkin_skip_building_tests': False, 'cmake_args': None, 'cmake_clean_cache': False, 'cmake_clean_first': False, 'cmake_force_configure': False, 'cmake_target': None, 'cmake_target_skip_unavailable': False, 'install_base': '/home/kaio/summer_school_ws/install/calculator', 'merge_install': False, 'path': '/home/kaio/summer_school_ws/src/calculator', 'symlink_install': False, 'test_result_base': None}
[0.269s] INFO:colcon.colcon_core.executor:Executing jobs using 'parallel' executor
[0.269s] DEBUG:colcon.colcon_parallel_executor.executor.parallel:run_until_complete
[0.270s] INFO:colcon.colcon_ros.task.ament_cmake.build:Building ROS package in '/home/kaio/summer_school_ws/src/custon_msg_srv' with build type 'ament_cmake'
[0.270s] INFO:colcon.colcon_cmake.task.cmake.build:Building CMake package in '/home/kaio/summer_school_ws/src/custon_msg_srv'
[0.271s] INFO:colcon.colcon_core.plugin_system:Skipping extension 'colcon_core.shell.bat': Not used on non-Windows systems
[0.271s] INFO:colcon.colcon_core.shell:Skip shell extension 'powershell' for command environment: Not usable outside of PowerShell
[0.271s] DEBUG:colcon.colcon_core.shell:Skip shell extension 'dsv' for command environment
[0.278s] DEBUG:colcon.colcon_core.event_handler.log_command:Invoking command in '/home/kaio/summer_school_ws/build/custon_msg_srv': CMAKE_PREFIX_PATH=/home/kaio/summer_school_ws/install/custon_msg_srv:/home/kaio/summer_school_ws/install/pkg_cpp:/home/kaio/summer_school_ws/install/example:/home/kaio/summer_school_ws/install/calculator:/home/kaio/summer_school_ws/install/atv1:/opt/ros/humble:/home/kaio/laser_uav_system_ws/install/realsense_gazebo_plugin:/home/kaio/laser_uav_system_ws/install/realsense2_description:/home/kaio/laser_uav_system_ws/install/realsense2_camera:/home/kaio/laser_uav_system_ws/install/realsense2_camera_msgs:/home/kaio/laser_uav_system_ws/install/laser_uav_px4_api:/home/kaio/laser_uav_system_ws/install/px4_msgs:/home/kaio/laser_uav_system_ws/install/laser_uav_simulation /usr/bin/cmake /home/kaio/summer_school_ws/src/custon_msg_srv -DCMAKE_INSTALL_PREFIX=/home/kaio/summer_school_ws/install/custon_msg_srv
[1.333s] DEBUG:colcon.colcon_core.event_handler.log_command:Invoked command in '/home/kaio/summer_school_ws/build/custon_msg_srv' returned '0': CMAKE_PREFIX_PATH=/home/kaio/summer_school_ws/install/custon_msg_srv:/home/kaio/summer_school_ws/install/pkg_cpp:/home/kaio/summer_school_ws/install/example:/home/kaio/summer_school_ws/install/calculator:/home/kaio/summer_school_ws/install/atv1:/opt/ros/humble:/home/kaio/laser_uav_system_ws/install/realsense_gazebo_plugin:/home/kaio/laser_uav_system_ws/install/realsense2_description:/home/kaio/laser_uav_system_ws/install/realsense2_camera:/home/kaio/laser_uav_system_ws/install/realsense2_camera_msgs:/home/kaio/laser_uav_system_ws/install/laser_uav_px4_api:/home/kaio/laser_uav_system_ws/install/px4_msgs:/home/kaio/laser_uav_system_ws/install/laser_uav_simulation /usr/bin/cmake /home/kaio/summer_school_ws/src/custon_msg_srv -DCMAKE_INSTALL_PREFIX=/home/kaio/summer_school_ws/install/custon_msg_srv
[1.335s] DEBUG:colcon.colcon_core.event_handler.log_command:Invoking command in '/home/kaio/summer_school_ws/build/custon_msg_srv': CMAKE_PREFIX_PATH=/home/kaio/summer_school_ws/install/custon_msg_srv:/home/kaio/summer_school_ws/install/pkg_cpp:/home/kaio/summer_school_ws/install/example:/home/kaio/summer_school_ws/install/calculator:/home/kaio/summer_school_ws/install/atv1:/opt/ros/humble:/home/kaio/laser_uav_system_ws/install/realsense_gazebo_plugin:/home/kaio/laser_uav_system_ws/install/realsense2_description:/home/kaio/laser_uav_system_ws/install/realsense2_camera:/home/kaio/laser_uav_system_ws/install/realsense2_camera_msgs:/home/kaio/laser_uav_system_ws/install/laser_uav_px4_api:/home/kaio/laser_uav_system_ws/install/px4_msgs:/home/kaio/laser_uav_system_ws/install/laser_uav_simulation /usr/bin/cmake --build /home/kaio/summer_school_ws/build/custon_msg_srv -- -j8 -l8
[3.117s] DEBUG:colcon.colcon_core.event_handler.log_command:Invoked command in '/home/kaio/summer_school_ws/build/custon_msg_srv' returned '0': CMAKE_PREFIX_PATH=/home/kaio/summer_school_ws/install/custon_msg_srv:/home/kaio/summer_school_ws/install/pkg_cpp:/home/kaio/summer_school_ws/install/example:/home/kaio/summer_school_ws/install/calculator:/home/kaio/summer_school_ws/install/atv1:/opt/ros/humble:/home/kaio/laser_uav_system_ws/install/realsense_gazebo_plugin:/home/kaio/laser_uav_system_ws/install/realsense2_description:/home/kaio/laser_uav_system_ws/install/realsense2_camera:/home/kaio/laser_uav_system_ws/install/realsense2_camera_msgs:/home/kaio/laser_uav_system_ws/install/laser_uav_px4_api:/home/kaio/laser_uav_system_ws/install/px4_msgs:/home/kaio/laser_uav_system_ws/install/laser_uav_simulation /usr/bin/cmake --build /home/kaio/summer_school_ws/build/custon_msg_srv -- -j8 -l8
[3.124s] DEBUG:colcon.colcon_core.event_handler.log_command:Invoking command in '/home/kaio/summer_school_ws/build/custon_msg_srv': CMAKE_PREFIX_PATH=/home/kaio/summer_school_ws/install/custon_msg_srv:/home/kaio/summer_school_ws/install/pkg_cpp:/home/kaio/summer_school_ws/install/example:/home/kaio/summer_school_ws/install/calculator:/home/kaio/summer_school_ws/install/atv1:/opt/ros/humble:/home/kaio/laser_uav_system_ws/install/realsense_gazebo_plugin:/home/kaio/laser_uav_system_ws/install/realsense2_description:/home/kaio/laser_uav_system_ws/install/realsense2_camera:/home/kaio/laser_uav_system_ws/install/realsense2_camera_msgs:/home/kaio/laser_uav_system_ws/install/laser_uav_px4_api:/home/kaio/laser_uav_system_ws/install/px4_msgs:/home/kaio/laser_uav_system_ws/install/laser_uav_simulation /usr/bin/cmake --install /home/kaio/summer_school_ws/build/custon_msg_srv
[3.172s] Level 1:colcon.colcon_core.environment:create_environment_scripts_only(custon_msg_srv)
[3.172s] DEBUG:colcon.colcon_core.event_handler.log_command:Invoked command in '/home/kaio/summer_school_ws/build/custon_msg_srv' returned '0': CMAKE_PREFIX_PATH=/home/kaio/summer_school_ws/install/custon_msg_srv:/home/kaio/summer_school_ws/install/pkg_cpp:/home/kaio/summer_school_ws/install/example:/home/kaio/summer_school_ws/install/calculator:/home/kaio/summer_school_ws/install/atv1:/opt/ros/humble:/home/kaio/laser_uav_system_ws/install/realsense_gazebo_plugin:/home/kaio/laser_uav_system_ws/install/realsense2_description:/home/kaio/laser_uav_system_ws/install/realsense2_camera:/home/kaio/laser_uav_system_ws/install/realsense2_camera_msgs:/home/kaio/laser_uav_system_ws/install/laser_uav_px4_api:/home/kaio/laser_uav_system_ws/install/px4_msgs:/home/kaio/laser_uav_system_ws/install/laser_uav_simulation /usr/bin/cmake --install /home/kaio/summer_school_ws/build/custon_msg_srv
[3.174s] Level 1:colcon.colcon_core.environment:checking '/home/kaio/summer_school_ws/install/custon_msg_srv' for CMake module files
[3.174s] Level 1:colcon.colcon_core.environment:checking '/home/kaio/summer_school_ws/install/custon_msg_srv' for CMake config files
[3.175s] Level 1:colcon.colcon_core.shell:create_environment_hook('custon_msg_srv', 'cmake_prefix_path')
[3.175s] INFO:colcon.colcon_core.shell:Creating environment hook '/home/kaio/summer_school_ws/install/custon_msg_srv/share/custon_msg_srv/hook/cmake_prefix_path.ps1'
[3.175s] INFO:colcon.colcon_core.shell:Creating environment descriptor '/home/kaio/summer_school_ws/install/custon_msg_srv/share/custon_msg_srv/hook/cmake_prefix_path.dsv'
[3.176s] INFO:colcon.colcon_core.shell:Creating environment hook '/home/kaio/summer_school_ws/install/custon_msg_srv/share/custon_msg_srv/hook/cmake_prefix_path.sh'
[3.176s] Level 1:colcon.colcon_core.environment:checking '/home/kaio/summer_school_ws/install/custon_msg_srv/lib'
[3.176s] Level 1:colcon.colcon_core.shell:create_environment_hook('custon_msg_srv', 'ld_library_path_lib')
[3.177s] INFO:colcon.colcon_core.shell:Creating environment hook '/home/kaio/summer_school_ws/install/custon_msg_srv/share/custon_msg_srv/hook/ld_library_path_lib.ps1'
[3.177s] INFO:colcon.colcon_core.shell:Creating environment descriptor '/home/kaio/summer_school_ws/install/custon_msg_srv/share/custon_msg_srv/hook/ld_library_path_lib.dsv'
[3.177s] INFO:colcon.colcon_core.shell:Creating environment hook '/home/kaio/summer_school_ws/install/custon_msg_srv/share/custon_msg_srv/hook/ld_library_path_lib.sh'
[3.177s] Level 1:colcon.colcon_core.environment:checking '/home/kaio/summer_school_ws/install/custon_msg_srv/bin'
[3.177s] Level 1:colcon.colcon_core.environment:checking '/home/kaio/summer_school_ws/install/custon_msg_srv/lib/pkgconfig/custon_msg_srv.pc'
[3.177s] Level 1:colcon.colcon_core.environment:checking '/home/kaio/summer_school_ws/install/custon_msg_srv/lib/python3.10/site-packages'
[3.178s] Level 1:colcon.colcon_core.environment:checking '/home/kaio/summer_school_ws/install/custon_msg_srv/bin'
[3.178s] INFO:colcon.colcon_core.shell:Creating package script '/home/kaio/summer_school_ws/install/custon_msg_srv/share/custon_msg_srv/package.ps1'
[3.178s] INFO:colcon.colcon_core.shell:Creating package descriptor '/home/kaio/summer_school_ws/install/custon_msg_srv/share/custon_msg_srv/package.dsv'
[3.179s] INFO:colcon.colcon_core.shell:Creating package script '/home/kaio/summer_school_ws/install/custon_msg_srv/share/custon_msg_srv/package.sh'
[3.179s] INFO:colcon.colcon_core.shell:Creating package script '/home/kaio/summer_school_ws/install/custon_msg_srv/share/custon_msg_srv/package.bash'
[3.179s] INFO:colcon.colcon_core.shell:Creating package script '/home/kaio/summer_school_ws/install/custon_msg_srv/share/custon_msg_srv/package.zsh'
[3.180s] Level 1:colcon.colcon_core.environment:create_file_with_runtime_dependencies(/home/kaio/summer_school_ws/install/custon_msg_srv/share/colcon-core/packages/custon_msg_srv)
[3.180s] Level 1:colcon.colcon_core.environment:create_environment_scripts_only(custon_msg_srv)
[3.180s] Level 1:colcon.colcon_core.environment:checking '/home/kaio/summer_school_ws/install/custon_msg_srv' for CMake module files
[3.181s] Level 1:colcon.colcon_core.environment:checking '/home/kaio/summer_school_ws/install/custon_msg_srv' for CMake config files
[3.181s] Level 1:colcon.colcon_core.shell:create_environment_hook('custon_msg_srv', 'cmake_prefix_path')
[3.181s] INFO:colcon.colcon_core.shell:Creating environment hook '/home/kaio/summer_school_ws/install/custon_msg_srv/share/custon_msg_srv/hook/cmake_prefix_path.ps1'
[3.181s] INFO:colcon.colcon_core.shell:Creating environment descriptor '/home/kaio/summer_school_ws/install/custon_msg_srv/share/custon_msg_srv/hook/cmake_prefix_path.dsv'
[3.182s] INFO:colcon.colcon_core.shell:Creating environment hook '/home/kaio/summer_school_ws/install/custon_msg_srv/share/custon_msg_srv/hook/cmake_prefix_path.sh'
[3.182s] Level 1:colcon.colcon_core.environment:checking '/home/kaio/summer_school_ws/install/custon_msg_srv/lib'
[3.182s] Level 1:colcon.colcon_core.shell:create_environment_hook('custon_msg_srv', 'ld_library_path_lib')
[3.182s] INFO:colcon.colcon_core.shell:Creating environment hook '/home/kaio/summer_school_ws/install/custon_msg_srv/share/custon_msg_srv/hook/ld_library_path_lib.ps1'
[3.182s] INFO:colcon.colcon_core.shell:Creating environment descriptor '/home/kaio/summer_school_ws/install/custon_msg_srv/share/custon_msg_srv/hook/ld_library_path_lib.dsv'
[3.182s] INFO:colcon.colcon_core.shell:Creating environment hook '/home/kaio/summer_school_ws/install/custon_msg_srv/share/custon_msg_srv/hook/ld_library_path_lib.sh'
[3.183s] Level 1:colcon.colcon_core.environment:checking '/home/kaio/summer_school_ws/install/custon_msg_srv/bin'
[3.183s] Level 1:colcon.colcon_core.environment:checking '/home/kaio/summer_school_ws/install/custon_msg_srv/lib/pkgconfig/custon_msg_srv.pc'
[3.183s] Level 1:colcon.colcon_core.environment:checking '/home/kaio/summer_school_ws/install/custon_msg_srv/lib/python3.10/site-packages'
[3.183s] Level 1:colcon.colcon_core.environment:checking '/home/kaio/summer_school_ws/install/custon_msg_srv/bin'
[3.183s] INFO:colcon.colcon_core.shell:Creating package script '/home/kaio/summer_school_ws/install/custon_msg_srv/share/custon_msg_srv/package.ps1'
[3.183s] INFO:colcon.colcon_core.shell:Creating package descriptor '/home/kaio/summer_school_ws/install/custon_msg_srv/share/custon_msg_srv/package.dsv'
[3.184s] INFO:colcon.colcon_core.shell:Creating package script '/home/kaio/summer_school_ws/install/custon_msg_srv/share/custon_msg_srv/package.sh'
[3.184s] INFO:colcon.colcon_core.shell:Creating package script '/home/kaio/summer_school_ws/install/custon_msg_srv/share/custon_msg_srv/package.bash'
[3.184s] INFO:colcon.colcon_core.shell:Creating package script '/home/kaio/summer_school_ws/install/custon_msg_srv/share/custon_msg_srv/package.zsh'
[3.185s] Level 1:colcon.colcon_core.environment:create_file_with_runtime_dependencies(/home/kaio/summer_school_ws/install/custon_msg_srv/share/colcon-core/packages/custon_msg_srv)
[3.185s] INFO:colcon.colcon_ros.task.ament_cmake.build:Building ROS package in '/home/kaio/summer_school_ws/src/calculator' with build type 'ament_cmake'
[3.185s] INFO:colcon.colcon_cmake.task.cmake.build:Building CMake package in '/home/kaio/summer_school_ws/src/calculator'
[3.185s] INFO:colcon.colcon_core.shell:Skip shell extension 'powershell' for command environment: Not usable outside of PowerShell
[3.185s] DEBUG:colcon.colcon_core.shell:Skip shell extension 'dsv' for command environment
[3.194s] DEBUG:colcon.colcon_core.event_handler.log_command:Invoking command in '/home/kaio/summer_school_ws/build/calculator': CMAKE_PREFIX_PATH=/home/kaio/summer_school_ws/install/custon_msg_srv:/home/kaio/summer_school_ws/install/pkg_cpp:/home/kaio/summer_school_ws/install/example:/home/kaio/summer_school_ws/install/calculator:/home/kaio/summer_school_ws/install/atv1:/opt/ros/humble:/home/kaio/laser_uav_system_ws/install/realsense_gazebo_plugin:/home/kaio/laser_uav_system_ws/install/realsense2_description:/home/kaio/laser_uav_system_ws/install/realsense2_camera:/home/kaio/laser_uav_system_ws/install/realsense2_camera_msgs:/home/kaio/laser_uav_system_ws/install/laser_uav_px4_api:/home/kaio/laser_uav_system_ws/install/px4_msgs:/home/kaio/laser_uav_system_ws/install/laser_uav_simulation /usr/bin/cmake /home/kaio/summer_school_ws/src/calculator -DCMAKE_INSTALL_PREFIX=/home/kaio/summer_school_ws/install/calculator
[4.042s] DEBUG:colcon.colcon_core.event_handler.log_command:Invoked command in '/home/kaio/summer_school_ws/build/calculator' returned '0': CMAKE_PREFIX_PATH=/home/kaio/summer_school_ws/install/custon_msg_srv:/home/kaio/summer_school_ws/install/pkg_cpp:/home/kaio/summer_school_ws/install/example:/home/kaio/summer_school_ws/install/calculator:/home/kaio/summer_school_ws/install/atv1:/opt/ros/humble:/home/kaio/laser_uav_system_ws/install/realsense_gazebo_plugin:/home/kaio/laser_uav_system_ws/install/realsense2_description:/home/kaio/laser_uav_system_ws/install/realsense2_camera:/home/kaio/laser_uav_system_ws/install/realsense2_camera_msgs:/home/kaio/laser_uav_system_ws/install/laser_uav_px4_api:/home/kaio/laser_uav_system_ws/install/px4_msgs:/home/kaio/laser_uav_system_ws/install/laser_uav_simulation /usr/bin/cmake /home/kaio/summer_school_ws/src/calculator -DCMAKE_INSTALL_PREFIX=/home/kaio/summer_school_ws/install/calculator
[4.044s] DEBUG:colcon.colcon_core.event_handler.log_command:Invoking command in '/home/kaio/summer_school_ws/build/calculator': CMAKE_PREFIX_PATH=/home/kaio/summer_school_ws/install/custon_msg_srv:/home/kaio/summer_school_ws/install/pkg_cpp:/home/kaio/summer_school_ws/install/example:/home/kaio/summer_school_ws/install/calculator:/home/kaio/summer_school_ws/install/atv1:/opt/ros/humble:/home/kaio/laser_uav_system_ws/install/realsense_gazebo_plugin:/home/kaio/laser_uav_system_ws/install/realsense2_description:/home/kaio/laser_uav_system_ws/install/realsense2_camera:/home/kaio/laser_uav_system_ws/install/realsense2_camera_msgs:/home/kaio/laser_uav_system_ws/install/laser_uav_px4_api:/home/kaio/laser_uav_system_ws/install/px4_msgs:/home/kaio/laser_uav_system_ws/install/laser_uav_simulation /usr/bin/cmake --build /home/kaio/summer_school_ws/build/calculator -- -j8 -l8
[12.243s] DEBUG:colcon.colcon_core.event_handler.log_command:Invoked command in '/home/kaio/summer_school_ws/build/calculator' returned '0': CMAKE_PREFIX_PATH=/home/kaio/summer_school_ws/install/custon_msg_srv:/home/kaio/summer_school_ws/install/pkg_cpp:/home/kaio/summer_school_ws/install/example:/home/kaio/summer_school_ws/install/calculator:/home/kaio/summer_school_ws/install/atv1:/opt/ros/humble:/home/kaio/laser_uav_system_ws/install/realsense_gazebo_plugin:/home/kaio/laser_uav_system_ws/install/realsense2_description:/home/kaio/laser_uav_system_ws/install/realsense2_camera:/home/kaio/laser_uav_system_ws/install/realsense2_camera_msgs:/home/kaio/laser_uav_system_ws/install/laser_uav_px4_api:/home/kaio/laser_uav_system_ws/install/px4_msgs:/home/kaio/laser_uav_system_ws/install/laser_uav_simulation /usr/bin/cmake --build /home/kaio/summer_school_ws/build/calculator -- -j8 -l8
[12.244s] DEBUG:colcon.colcon_core.event_handler.log_command:Invoking command in '/home/kaio/summer_school_ws/build/calculator': CMAKE_PREFIX_PATH=/home/kaio/summer_school_ws/install/custon_msg_srv:/home/kaio/summer_school_ws/install/pkg_cpp:/home/kaio/summer_school_ws/install/example:/home/kaio/summer_school_ws/install/calculator:/home/kaio/summer_school_ws/install/atv1:/opt/ros/humble:/home/kaio/laser_uav_system_ws/install/realsense_gazebo_plugin:/home/kaio/laser_uav_system_ws/install/realsense2_description:/home/kaio/laser_uav_system_ws/install/realsense2_camera:/home/kaio/laser_uav_system_ws/install/realsense2_camera_msgs:/home/kaio/laser_uav_system_ws/install/laser_uav_px4_api:/home/kaio/laser_uav_system_ws/install/px4_msgs:/home/kaio/laser_uav_system_ws/install/laser_uav_simulation /usr/bin/cmake --install /home/kaio/summer_school_ws/build/calculator
[12.256s] Level 1:colcon.colcon_core.environment:create_environment_scripts_only(calculator)
[12.256s] Level 1:colcon.colcon_core.environment:checking '/home/kaio/summer_school_ws/install/calculator' for CMake module files
[12.256s] DEBUG:colcon.colcon_core.event_handler.log_command:Invoked command in '/home/kaio/summer_school_ws/build/calculator' returned '0': CMAKE_PREFIX_PATH=/home/kaio/summer_school_ws/install/custon_msg_srv:/home/kaio/summer_school_ws/install/pkg_cpp:/home/kaio/summer_school_ws/install/example:/home/kaio/summer_school_ws/install/calculator:/home/kaio/summer_school_ws/install/atv1:/opt/ros/humble:/home/kaio/laser_uav_system_ws/install/realsense_gazebo_plugin:/home/kaio/laser_uav_system_ws/install/realsense2_description:/home/kaio/laser_uav_system_ws/install/realsense2_camera:/home/kaio/laser_uav_system_ws/install/realsense2_camera_msgs:/home/kaio/laser_uav_system_ws/install/laser_uav_px4_api:/home/kaio/laser_uav_system_ws/install/px4_msgs:/home/kaio/laser_uav_system_ws/install/laser_uav_simulation /usr/bin/cmake --install /home/kaio/summer_school_ws/build/calculator
[12.257s] Level 1:colcon.colcon_core.environment:checking '/home/kaio/summer_school_ws/install/calculator' for CMake config files
[12.257s] Level 1:colcon.colcon_core.shell:create_environment_hook('calculator', 'cmake_prefix_path')
[12.257s] INFO:colcon.colcon_core.shell:Creating environment hook '/home/kaio/summer_school_ws/install/calculator/share/calculator/hook/cmake_prefix_path.ps1'
[12.258s] INFO:colcon.colcon_core.shell:Creating environment descriptor '/home/kaio/summer_school_ws/install/calculator/share/calculator/hook/cmake_prefix_path.dsv'
[12.258s] INFO:colcon.colcon_core.shell:Creating environment hook '/home/kaio/summer_school_ws/install/calculator/share/calculator/hook/cmake_prefix_path.sh'
[12.258s] Level 1:colcon.colcon_core.environment:checking '/home/kaio/summer_school_ws/install/calculator/lib'
[12.258s] Level 1:colcon.colcon_core.shell:create_environment_hook('calculator', 'ld_library_path_lib')
[12.258s] INFO:colcon.colcon_core.shell:Creating environment hook '/home/kaio/summer_school_ws/install/calculator/share/calculator/hook/ld_library_path_lib.ps1'
[12.258s] INFO:colcon.colcon_core.shell:Creating environment descriptor '/home/kaio/summer_school_ws/install/calculator/share/calculator/hook/ld_library_path_lib.dsv'
[12.259s] INFO:colcon.colcon_core.shell:Creating environment hook '/home/kaio/summer_school_ws/install/calculator/share/calculator/hook/ld_library_path_lib.sh'
[12.259s] Level 1:colcon.colcon_core.environment:checking '/home/kaio/summer_school_ws/install/calculator/bin'
[12.259s] Level 1:colcon.colcon_core.environment:checking '/home/kaio/summer_school_ws/install/calculator/lib/pkgconfig/calculator.pc'
[12.259s] Level 1:colcon.colcon_core.environment:checking '/home/kaio/summer_school_ws/install/calculator/lib/python3.10/site-packages'
[12.259s] Level 1:colcon.colcon_core.environment:checking '/home/kaio/summer_school_ws/install/calculator/bin'
[12.259s] INFO:colcon.colcon_core.shell:Creating package script '/home/kaio/summer_school_ws/install/calculator/share/calculator/package.ps1'
[12.260s] INFO:colcon.colcon_core.shell:Creating package descriptor '/home/kaio/summer_school_ws/install/calculator/share/calculator/package.dsv'
[12.260s] INFO:colcon.colcon_core.shell:Creating package script '/home/kaio/summer_school_ws/install/calculator/share/calculator/package.sh'
[12.260s] INFO:colcon.colcon_core.shell:Creating package script '/home/kaio/summer_school_ws/install/calculator/share/calculator/package.bash'
[12.260s] INFO:colcon.colcon_core.shell:Creating package script '/home/kaio/summer_school_ws/install/calculator/share/calculator/package.zsh'
[12.260s] Level 1:colcon.colcon_core.environment:create_file_with_runtime_dependencies(/home/kaio/summer_school_ws/install/calculator/share/colcon-core/packages/calculator)
[12.261s] Level 1:colcon.colcon_core.environment:create_environment_scripts_only(calculator)
[12.261s] Level 1:colcon.colcon_core.environment:checking '/home/kaio/summer_school_ws/install/calculator' for CMake module files
[12.261s] Level 1:colcon.colcon_core.environment:checking '/home/kaio/summer_school_ws/install/calculator' for CMake config files
[12.261s] Level 1:colcon.colcon_core.shell:create_environment_hook('calculator', 'cmake_prefix_path')
[12.261s] INFO:colcon.colcon_core.shell:Creating environment hook '/home/kaio/summer_school_ws/install/calculator/share/calculator/hook/cmake_prefix_path.ps1'
[12.262s] INFO:colcon.colcon_core.shell:Creating environment descriptor '/home/kaio/summer_school_ws/install/calculator/share/calculator/hook/cmake_prefix_path.dsv'
[12.262s] INFO:colcon.colcon_core.shell:Creating environment hook '/home/kaio/summer_school_ws/install/calculator/share/calculator/hook/cmake_prefix_path.sh'
[12.262s] Level 1:colcon.colcon_core.environment:checking '/home/kaio/summer_school_ws/install/calculator/lib'
[12.262s] Level 1:colcon.colcon_core.shell:create_environment_hook('calculator', 'ld_library_path_lib')
[12.262s] INFO:colcon.colcon_core.shell:Creating environment hook '/home/kaio/summer_school_ws/install/calculator/share/calculator/hook/ld_library_path_lib.ps1'
[12.263s] INFO:colcon.colcon_core.shell:Creating environment descriptor '/home/kaio/summer_school_ws/install/calculator/share/calculator/hook/ld_library_path_lib.dsv'
[12.263s] INFO:colcon.colcon_core.shell:Creating environment hook '/home/kaio/summer_school_ws/install/calculator/share/calculator/hook/ld_library_path_lib.sh'
[12.263s] Level 1:colcon.colcon_core.environment:checking '/home/kaio/summer_school_ws/install/calculator/bin'
[12.263s] Level 1:colcon.colcon_core.environment:checking '/home/kaio/summer_school_ws/install/calculator/lib/pkgconfig/calculator.pc'
[12.263s] Level 1:colcon.colcon_core.environment:checking '/home/kaio/summer_school_ws/install/calculator/lib/python3.10/site-packages'
[12.263s] Level 1:colcon.colcon_core.environment:checking '/home/kaio/summer_school_ws/install/calculator/bin'
[12.263s] INFO:colcon.colcon_core.shell:Creating package script '/home/kaio/summer_school_ws/install/calculator/share/calculator/package.ps1'
[12.264s] INFO:colcon.colcon_core.shell:Creating package descriptor '/home/kaio/summer_school_ws/install/calculator/share/calculator/package.dsv'
[12.264s] INFO:colcon.colcon_core.shell:Creating package script '/home/kaio/summer_school_ws/install/calculator/share/calculator/package.sh'
[12.264s] INFO:colcon.colcon_core.shell:Creating package script '/home/kaio/summer_school_ws/install/calculator/share/calculator/package.bash'
[12.265s] INFO:colcon.colcon_core.shell:Creating package script '/home/kaio/summer_school_ws/install/calculator/share/calculator/package.zsh'
[12.265s] Level 1:colcon.colcon_core.environment:create_file_with_runtime_dependencies(/home/kaio/summer_school_ws/install/calculator/share/colcon-core/packages/calculator)
[12.265s] DEBUG:colcon.colcon_parallel_executor.executor.parallel:closing loop
[12.265s] DEBUG:colcon.colcon_parallel_executor.executor.parallel:loop closed
[12.265s] DEBUG:colcon.colcon_parallel_executor.executor.parallel:run_until_complete finished with '0'
[12.265s] DEBUG:colcon.colcon_core.event_reactor:joining thread
[12.269s] INFO:colcon.colcon_core.plugin_system:Skipping extension 'colcon_notification.desktop_notification.terminal_notifier': Not used on non-Darwin systems
[12.269s] INFO:colcon.colcon_core.plugin_system:Skipping extension 'colcon_notification.desktop_notification.win32': Not used on non-Windows systems
[12.269s] INFO:colcon.colcon_notification.desktop_notification:Sending desktop notification using 'notify2'
[12.277s] DEBUG:colcon.colcon_core.event_reactor:joined thread
[12.277s] INFO:colcon.colcon_core.shell:Creating prefix script '/home/kaio/summer_school_ws/install/local_setup.ps1'
[12.278s] INFO:colcon.colcon_core.shell:Creating prefix util module '/home/kaio/summer_school_ws/install/_local_setup_util_ps1.py'
[12.279s] INFO:colcon.colcon_core.shell:Creating prefix chain script '/home/kaio/summer_school_ws/install/setup.ps1'
[12.280s] INFO:colcon.colcon_core.shell:Creating prefix script '/home/kaio/summer_school_ws/install/local_setup.sh'
[12.280s] INFO:colcon.colcon_core.shell:Creating prefix util module '/home/kaio/summer_school_ws/install/_local_setup_util_sh.py'
[12.280s] INFO:colcon.colcon_core.shell:Creating prefix chain script '/home/kaio/summer_school_ws/install/setup.sh'
[12.281s] INFO:colcon.colcon_core.shell:Creating prefix script '/home/kaio/summer_school_ws/install/local_setup.bash'
[12.281s] INFO:colcon.colcon_core.shell:Creating prefix chain script '/home/kaio/summer_school_ws/install/setup.bash'
[12.282s] INFO:colcon.colcon_core.shell:Creating prefix script '/home/kaio/summer_school_ws/install/local_setup.zsh'
[12.282s] INFO:colcon.colcon_core.shell:Creating prefix chain script '/home/kaio/summer_school_ws/install/setup.zsh'
