[0.109s] DEBUG:colcon:Command line arguments: ['/usr/bin/colcon', 'build']
[0.110s] DEBUG:colcon:Parsed command line arguments: Namespace(log_base=None, log_level=None, verb_name='build', build_base='build', install_base='install', merge_install=False, symlink_install=False, test_result_base=None, continue_on_error=False, executor='parallel', parallel_workers=8, event_handlers=None, ignore_user_meta=False, metas=['./colcon.meta'], base_paths=['.'], packages_ignore=None, packages_ignore_regex=None, paths=None, packages_up_to=None, packages_up_to_regex=None, packages_above=None, packages_above_and_dependencies=None, packages_above_depth=None, packages_select_by_dep=None, packages_skip_by_dep=None, packages_skip_up_to=None, packages_select_build_failed=False, packages_skip_build_finished=False, packages_select_test_failures=False, packages_skip_test_passed=False, packages_select=None, packages_skip=None, packages_select_regex=None, packages_skip_regex=None, packages_start=None, packages_end=None, allow_overriding=[], cmake_args=None, cmake_target=None, cmake_target_skip_unavailable=False, cmake_clean_cache=False, cmake_clean_first=False, cmake_force_configure=False, ament_cmake_args=None, catkin_cmake_args=None, catkin_skip_building_tests=False, mixin_files=None, mixin=None, verb_parser=<colcon_mixin.mixin.mixin_argument.MixinArgumentDecorator object at 0x7c54223f87c0>, verb_extension=<colcon_core.verb.build.BuildVerb object at 0x7c54223f8250>, main=<bound method BuildVerb.main of <colcon_core.verb.build.BuildVerb object at 0x7c54223f8250>>, mixin_verb=('build',))
[0.225s] Level 1:colcon.colcon_core.package_discovery:discover_packages(colcon_meta) check parameters
[0.225s] Level 1:colcon.colcon_core.package_discovery:discover_packages(recursive) check parameters
[0.225s] Level 1:colcon.colcon_core.package_discovery:discover_packages(ignore) check parameters
[0.225s] Level 1:colcon.colcon_core.package_discovery:discover_packages(path) check parameters
[0.225s] Level 1:colcon.colcon_core.package_discovery:discover_packages(colcon_meta) discover
[0.225s] Level 1:colcon.colcon_core.package_discovery:discover_packages(recursive) discover
[0.225s] INFO:colcon.colcon_core.package_discovery:Crawling recursively for packages in '/home/kaio/github/ROS2_summer_school/summer_school_ws'
[0.225s] Level 1:colcon.colcon_core.package_identification:_identify(.) by extensions ['ignore', 'ignore_ament_install']
[0.225s] Level 1:colcon.colcon_core.package_identification:_identify(.) by extension 'ignore'
[0.225s] Level 1:colcon.colcon_core.package_identification:_identify(.) by extension 'ignore_ament_install'
[0.225s] Level 1:colcon.colcon_core.package_identification:_identify(.) by extensions ['colcon_pkg']
[0.225s] Level 1:colcon.colcon_core.package_identification:_identify(.) by extension 'colcon_pkg'
[0.225s] Level 1:colcon.colcon_core.package_identification:_identify(.) by extensions ['colcon_meta']
[0.225s] Level 1:colcon.colcon_core.package_identification:_identify(.) by extension 'colcon_meta'
[0.225s] Level 1:colcon.colcon_core.package_identification:_identify(.) by extensions ['ros']
[0.225s] Level 1:colcon.colcon_core.package_identification:_identify(.) by extension 'ros'
[0.232s] Level 1:colcon.colcon_core.package_identification:_identify(.) by extensions ['cmake', 'python']
[0.232s] Level 1:colcon.colcon_core.package_identification:_identify(.) by extension 'cmake'
[0.232s] Level 1:colcon.colcon_core.package_identification:_identify(.) by extension 'python'
[0.232s] Level 1:colcon.colcon_core.package_identification:_identify(.) by extensions ['python_setup_py']
[0.232s] Level 1:colcon.colcon_core.package_identification:_identify(.) by extension 'python_setup_py'
[0.232s] Level 1:colcon.colcon_core.package_identification:_identify(build) by extensions ['ignore', 'ignore_ament_install']
[0.232s] Level 1:colcon.colcon_core.package_identification:_identify(build) by extension 'ignore'
[0.232s] Level 1:colcon.colcon_core.package_identification:_identify(build) ignored
[0.232s] Level 1:colcon.colcon_core.package_identification:_identify(install) by extensions ['ignore', 'ignore_ament_install']
[0.232s] Level 1:colcon.colcon_core.package_identification:_identify(install) by extension 'ignore'
[0.232s] Level 1:colcon.colcon_core.package_identification:_identify(install) ignored
[0.232s] Level 1:colcon.colcon_core.package_identification:_identify(log) by extensions ['ignore', 'ignore_ament_install']
[0.232s] Level 1:colcon.colcon_core.package_identification:_identify(log) by extension 'ignore'
[0.232s] Level 1:colcon.colcon_core.package_identification:_identify(log) ignored
[0.232s] Level 1:colcon.colcon_core.package_identification:_identify(src) by extensions ['ignore', 'ignore_ament_install']
[0.232s] Level 1:colcon.colcon_core.package_identification:_identify(src) by extension 'ignore'
[0.233s] Level 1:colcon.colcon_core.package_identification:_identify(src) by extension 'ignore_ament_install'
[0.233s] Level 1:colcon.colcon_core.package_identification:_identify(src) by extensions ['colcon_pkg']
[0.233s] Level 1:colcon.colcon_core.package_identification:_identify(src) by extension 'colcon_pkg'
[0.233s] Level 1:colcon.colcon_core.package_identification:_identify(src) by extensions ['colcon_meta']
[0.233s] Level 1:colcon.colcon_core.package_identification:_identify(src) by extension 'colcon_meta'
[0.233s] Level 1:colcon.colcon_core.package_identification:_identify(src) by extensions ['ros']
[0.233s] Level 1:colcon.colcon_core.package_identification:_identify(src) by extension 'ros'
[0.233s] Level 1:colcon.colcon_core.package_identification:_identify(src) by extensions ['cmake', 'python']
[0.233s] Level 1:colcon.colcon_core.package_identification:_identify(src) by extension 'cmake'
[0.233s] Level 1:colcon.colcon_core.package_identification:_identify(src) by extension 'python'
[0.233s] Level 1:colcon.colcon_core.package_identification:_identify(src) by extensions ['python_setup_py']
[0.233s] Level 1:colcon.colcon_core.package_identification:_identify(src) by extension 'python_setup_py'
[0.233s] Level 1:colcon.colcon_core.package_identification:_identify(src/calculator) by extensions ['ignore', 'ignore_ament_install']
[0.233s] Level 1:colcon.colcon_core.package_identification:_identify(src/calculator) by extension 'ignore'
[0.233s] Level 1:colcon.colcon_core.package_identification:_identify(src/calculator) by extension 'ignore_ament_install'
[0.233s] Level 1:colcon.colcon_core.package_identification:_identify(src/calculator) by extensions ['colcon_pkg']
[0.233s] Level 1:colcon.colcon_core.package_identification:_identify(src/calculator) by extension 'colcon_pkg'
[0.233s] Level 1:colcon.colcon_core.package_identification:_identify(src/calculator) by extensions ['colcon_meta']
[0.233s] Level 1:colcon.colcon_core.package_identification:_identify(src/calculator) by extension 'colcon_meta'
[0.233s] Level 1:colcon.colcon_core.package_identification:_identify(src/calculator) by extensions ['ros']
[0.233s] Level 1:colcon.colcon_core.package_identification:_identify(src/calculator) by extension 'ros'
[0.235s] DEBUG:colcon.colcon_core.package_identification:Package 'src/calculator' with type 'ros.ament_cmake' and name 'calculator'
[0.235s] Level 1:colcon.colcon_core.package_identification:_identify(src/custom_msg_srv) by extensions ['ignore', 'ignore_ament_install']
[0.235s] Level 1:colcon.colcon_core.package_identification:_identify(src/custom_msg_srv) by extension 'ignore'
[0.235s] Level 1:colcon.colcon_core.package_identification:_identify(src/custom_msg_srv) by extension 'ignore_ament_install'
[0.235s] Level 1:colcon.colcon_core.package_identification:_identify(src/custom_msg_srv) by extensions ['colcon_pkg']
[0.235s] Level 1:colcon.colcon_core.package_identification:_identify(src/custom_msg_srv) by extension 'colcon_pkg'
[0.235s] Level 1:colcon.colcon_core.package_identification:_identify(src/custom_msg_srv) by extensions ['colcon_meta']
[0.235s] Level 1:colcon.colcon_core.package_identification:_identify(src/custom_msg_srv) by extension 'colcon_meta'
[0.235s] Level 1:colcon.colcon_core.package_identification:_identify(src/custom_msg_srv) by extensions ['ros']
[0.235s] Level 1:colcon.colcon_core.package_identification:_identify(src/custom_msg_srv) by extension 'ros'
[0.236s] DEBUG:colcon.colcon_core.package_identification:Package 'src/custom_msg_srv' with type 'ros.ament_cmake' and name 'custon_msg_srv'
[0.236s] Level 1:colcon.colcon_core.package_discovery:discover_packages(recursive) using defaults
[0.236s] Level 1:colcon.colcon_core.package_discovery:discover_packages(ignore) discover
[0.236s] Level 1:colcon.colcon_core.package_discovery:discover_packages(ignore) using defaults
[0.236s] Level 1:colcon.colcon_core.package_discovery:discover_packages(path) discover
[0.236s] Level 1:colcon.colcon_core.package_discovery:discover_packages(path) using defaults
[0.247s] Level 1:colcon.colcon_core.package_discovery:discover_packages(prefix_path) check parameters
[0.247s] Level 1:colcon.colcon_core.package_discovery:discover_packages(prefix_path) discover
[0.248s] WARNING:colcon.colcon_ros.prefix_path.ament:The path '/home/kaio/summer_school_ws/install/pkg_cpp' in the environment variable AMENT_PREFIX_PATH doesn't exist
[0.248s] WARNING:colcon.colcon_ros.prefix_path.catkin:The path '/home/kaio/summer_school_ws/install/pkg_cpp' in the environment variable CMAKE_PREFIX_PATH doesn't exist
[0.249s] DEBUG:colcon.colcon_installed_package_information.package_discovery:Found 2 installed packages in /home/kaio/summer_school_ws/install
[0.249s] DEBUG:colcon.colcon_installed_package_information.package_discovery:Found 7 installed packages in /home/kaio/laser_uav_system_ws/install
[0.250s] DEBUG:colcon.colcon_installed_package_information.package_discovery:Found 321 installed packages in /opt/ros/humble
[0.251s] Level 1:colcon.colcon_core.package_discovery:discover_packages(prefix_path) using defaults
[0.275s] Level 5:colcon.colcon_core.verb:set package 'custon_msg_srv' build argument 'cmake_args' from command line to 'None'
[0.275s] Level 5:colcon.colcon_core.verb:set package 'custon_msg_srv' build argument 'cmake_target' from command line to 'None'
[0.275s] Level 5:colcon.colcon_core.verb:set package 'custon_msg_srv' build argument 'cmake_target_skip_unavailable' from command line to 'False'
[0.275s] Level 5:colcon.colcon_core.verb:set package 'custon_msg_srv' build argument 'cmake_clean_cache' from command line to 'False'
[0.275s] Level 5:colcon.colcon_core.verb:set package 'custon_msg_srv' build argument 'cmake_clean_first' from command line to 'False'
[0.275s] Level 5:colcon.colcon_core.verb:set package 'custon_msg_srv' build argument 'cmake_force_configure' from command line to 'False'
[0.275s] Level 5:colcon.colcon_core.verb:set package 'custon_msg_srv' build argument 'ament_cmake_args' from command line to 'None'
[0.275s] Level 5:colcon.colcon_core.verb:set package 'custon_msg_srv' build argument 'catkin_cmake_args' from command line to 'None'
[0.275s] Level 5:colcon.colcon_core.verb:set package 'custon_msg_srv' build argument 'catkin_skip_building_tests' from command line to 'False'
[0.275s] DEBUG:colcon.colcon_core.verb:Building package 'custon_msg_srv' with the following arguments: {'ament_cmake_args': None, 'build_base': '/home/kaio/github/ROS2_summer_school/summer_school_ws/build/custon_msg_srv', 'catkin_cmake_args': None, 'catkin_skip_building_tests': False, 'cmake_args': None, 'cmake_clean_cache': False, 'cmake_clean_first': False, 'cmake_force_configure': False, 'cmake_target': None, 'cmake_target_skip_unavailable': False, 'install_base': '/home/kaio/github/ROS2_summer_school/summer_school_ws/install/custon_msg_srv', 'merge_install': False, 'path': '/home/kaio/github/ROS2_summer_school/summer_school_ws/src/custom_msg_srv', 'symlink_install': False, 'test_result_base': None}
[0.276s] Level 5:colcon.colcon_core.verb:set package 'calculator' build argument 'cmake_args' from command line to 'None'
[0.276s] Level 5:colcon.colcon_core.verb:set package 'calculator' build argument 'cmake_target' from command line to 'None'
[0.276s] Level 5:colcon.colcon_core.verb:set package 'calculator' build argument 'cmake_target_skip_unavailable' from command line to 'False'
[0.276s] Level 5:colcon.colcon_core.verb:set package 'calculator' build argument 'cmake_clean_cache' from command line to 'False'
[0.276s] Level 5:colcon.colcon_core.verb:set package 'calculator' build argument 'cmake_clean_first' from command line to 'False'
[0.276s] Level 5:colcon.colcon_core.verb:set package 'calculator' build argument 'cmake_force_configure' from command line to 'False'
[0.276s] Level 5:colcon.colcon_core.verb:set package 'calculator' build argument 'ament_cmake_args' from command line to 'None'
[0.276s] Level 5:colcon.colcon_core.verb:set package 'calculator' build argument 'catkin_cmake_args' from command line to 'None'
[0.276s] Level 5:colcon.colcon_core.verb:set package 'calculator' build argument 'catkin_skip_building_tests' from command line to 'False'
[0.276s] DEBUG:colcon.colcon_core.verb:Building package 'calculator' with the following arguments: {'ament_cmake_args': None, 'build_base': '/home/kaio/github/ROS2_summer_school/summer_school_ws/build/calculator', 'catkin_cmake_args': None, 'catkin_skip_building_tests': False, 'cmake_args': None, 'cmake_clean_cache': False, 'cmake_clean_first': False, 'cmake_force_configure': False, 'cmake_target': None, 'cmake_target_skip_unavailable': False, 'install_base': '/home/kaio/github/ROS2_summer_school/summer_school_ws/install/calculator', 'merge_install': False, 'path': '/home/kaio/github/ROS2_summer_school/summer_school_ws/src/calculator', 'symlink_install': False, 'test_result_base': None}
[0.276s] INFO:colcon.colcon_core.executor:Executing jobs using 'parallel' executor
[0.276s] DEBUG:colcon.colcon_parallel_executor.executor.parallel:run_until_complete
[0.277s] INFO:colcon.colcon_ros.task.ament_cmake.build:Building ROS package in '/home/kaio/github/ROS2_summer_school/summer_school_ws/src/custom_msg_srv' with build type 'ament_cmake'
[0.277s] INFO:colcon.colcon_cmake.task.cmake.build:Building CMake package in '/home/kaio/github/ROS2_summer_school/summer_school_ws/src/custom_msg_srv'
[0.278s] INFO:colcon.colcon_core.plugin_system:Skipping extension 'colcon_core.shell.bat': Not used on non-Windows systems
[0.278s] INFO:colcon.colcon_core.shell:Skip shell extension 'powershell' for command environment: Not usable outside of PowerShell
[0.278s] DEBUG:colcon.colcon_core.shell:Skip shell extension 'dsv' for command environment
[0.285s] DEBUG:colcon.colcon_core.event_handler.log_command:Invoking command in '/home/kaio/github/ROS2_summer_school/summer_school_ws/build/custon_msg_srv': CMAKE_PREFIX_PATH=/home/kaio/summer_school_ws/install/pkg_cpp:/home/kaio/summer_school_ws/install/calculator:/home/kaio/summer_school_ws/install/custon_msg_srv:/opt/ros/humble:/home/kaio/laser_uav_system_ws/install/realsense_gazebo_plugin:/home/kaio/laser_uav_system_ws/install/realsense2_description:/home/kaio/laser_uav_system_ws/install/realsense2_camera:/home/kaio/laser_uav_system_ws/install/realsense2_camera_msgs:/home/kaio/laser_uav_system_ws/install/laser_uav_px4_api:/home/kaio/laser_uav_system_ws/install/px4_msgs:/home/kaio/laser_uav_system_ws/install/laser_uav_simulation /usr/bin/cmake /home/kaio/github/ROS2_summer_school/summer_school_ws/src/custom_msg_srv -DCMAKE_INSTALL_PREFIX=/home/kaio/github/ROS2_summer_school/summer_school_ws/install/custon_msg_srv
[1.350s] DEBUG:colcon.colcon_core.event_handler.log_command:Invoked command in '/home/kaio/github/ROS2_summer_school/summer_school_ws/build/custon_msg_srv' returned '0': CMAKE_PREFIX_PATH=/home/kaio/summer_school_ws/install/pkg_cpp:/home/kaio/summer_school_ws/install/calculator:/home/kaio/summer_school_ws/install/custon_msg_srv:/opt/ros/humble:/home/kaio/laser_uav_system_ws/install/realsense_gazebo_plugin:/home/kaio/laser_uav_system_ws/install/realsense2_description:/home/kaio/laser_uav_system_ws/install/realsense2_camera:/home/kaio/laser_uav_system_ws/install/realsense2_camera_msgs:/home/kaio/laser_uav_system_ws/install/laser_uav_px4_api:/home/kaio/laser_uav_system_ws/install/px4_msgs:/home/kaio/laser_uav_system_ws/install/laser_uav_simulation /usr/bin/cmake /home/kaio/github/ROS2_summer_school/summer_school_ws/src/custom_msg_srv -DCMAKE_INSTALL_PREFIX=/home/kaio/github/ROS2_summer_school/summer_school_ws/install/custon_msg_srv
[1.352s] DEBUG:colcon.colcon_core.event_handler.log_command:Invoking command in '/home/kaio/github/ROS2_summer_school/summer_school_ws/build/custon_msg_srv': CMAKE_PREFIX_PATH=/home/kaio/summer_school_ws/install/pkg_cpp:/home/kaio/summer_school_ws/install/calculator:/home/kaio/summer_school_ws/install/custon_msg_srv:/opt/ros/humble:/home/kaio/laser_uav_system_ws/install/realsense_gazebo_plugin:/home/kaio/laser_uav_system_ws/install/realsense2_description:/home/kaio/laser_uav_system_ws/install/realsense2_camera:/home/kaio/laser_uav_system_ws/install/realsense2_camera_msgs:/home/kaio/laser_uav_system_ws/install/laser_uav_px4_api:/home/kaio/laser_uav_system_ws/install/px4_msgs:/home/kaio/laser_uav_system_ws/install/laser_uav_simulation /usr/bin/cmake --build /home/kaio/github/ROS2_summer_school/summer_school_ws/build/custon_msg_srv -- -j8 -l8
[2.973s] DEBUG:colcon.colcon_core.event_handler.log_command:Invoked command in '/home/kaio/github/ROS2_summer_school/summer_school_ws/build/custon_msg_srv' returned '0': CMAKE_PREFIX_PATH=/home/kaio/summer_school_ws/install/pkg_cpp:/home/kaio/summer_school_ws/install/calculator:/home/kaio/summer_school_ws/install/custon_msg_srv:/opt/ros/humble:/home/kaio/laser_uav_system_ws/install/realsense_gazebo_plugin:/home/kaio/laser_uav_system_ws/install/realsense2_description:/home/kaio/laser_uav_system_ws/install/realsense2_camera:/home/kaio/laser_uav_system_ws/install/realsense2_camera_msgs:/home/kaio/laser_uav_system_ws/install/laser_uav_px4_api:/home/kaio/laser_uav_system_ws/install/px4_msgs:/home/kaio/laser_uav_system_ws/install/laser_uav_simulation /usr/bin/cmake --build /home/kaio/github/ROS2_summer_school/summer_school_ws/build/custon_msg_srv -- -j8 -l8
[2.980s] DEBUG:colcon.colcon_core.event_handler.log_command:Invoking command in '/home/kaio/github/ROS2_summer_school/summer_school_ws/build/custon_msg_srv': CMAKE_PREFIX_PATH=/home/kaio/summer_school_ws/install/pkg_cpp:/home/kaio/summer_school_ws/install/calculator:/home/kaio/summer_school_ws/install/custon_msg_srv:/opt/ros/humble:/home/kaio/laser_uav_system_ws/install/realsense_gazebo_plugin:/home/kaio/laser_uav_system_ws/install/realsense2_description:/home/kaio/laser_uav_system_ws/install/realsense2_camera:/home/kaio/laser_uav_system_ws/install/realsense2_camera_msgs:/home/kaio/laser_uav_system_ws/install/laser_uav_px4_api:/home/kaio/laser_uav_system_ws/install/px4_msgs:/home/kaio/laser_uav_system_ws/install/laser_uav_simulation /usr/bin/cmake --install /home/kaio/github/ROS2_summer_school/summer_school_ws/build/custon_msg_srv
[3.024s] Level 1:colcon.colcon_core.environment:create_environment_scripts_only(custon_msg_srv)
[3.024s] DEBUG:colcon.colcon_core.event_handler.log_command:Invoked command in '/home/kaio/github/ROS2_summer_school/summer_school_ws/build/custon_msg_srv' returned '0': CMAKE_PREFIX_PATH=/home/kaio/summer_school_ws/install/pkg_cpp:/home/kaio/summer_school_ws/install/calculator:/home/kaio/summer_school_ws/install/custon_msg_srv:/opt/ros/humble:/home/kaio/laser_uav_system_ws/install/realsense_gazebo_plugin:/home/kaio/laser_uav_system_ws/install/realsense2_description:/home/kaio/laser_uav_system_ws/install/realsense2_camera:/home/kaio/laser_uav_system_ws/install/realsense2_camera_msgs:/home/kaio/laser_uav_system_ws/install/laser_uav_px4_api:/home/kaio/laser_uav_system_ws/install/px4_msgs:/home/kaio/laser_uav_system_ws/install/laser_uav_simulation /usr/bin/cmake --install /home/kaio/github/ROS2_summer_school/summer_school_ws/build/custon_msg_srv
[3.026s] Level 1:colcon.colcon_core.environment:checking '/home/kaio/github/ROS2_summer_school/summer_school_ws/install/custon_msg_srv' for CMake module files
[3.027s] Level 1:colcon.colcon_core.environment:checking '/home/kaio/github/ROS2_summer_school/summer_school_ws/install/custon_msg_srv' for CMake config files
[3.027s] Level 1:colcon.colcon_core.shell:create_environment_hook('custon_msg_srv', 'cmake_prefix_path')
[3.027s] INFO:colcon.colcon_core.shell:Creating environment hook '/home/kaio/github/ROS2_summer_school/summer_school_ws/install/custon_msg_srv/share/custon_msg_srv/hook/cmake_prefix_path.ps1'
[3.028s] INFO:colcon.colcon_core.shell:Creating environment descriptor '/home/kaio/github/ROS2_summer_school/summer_school_ws/install/custon_msg_srv/share/custon_msg_srv/hook/cmake_prefix_path.dsv'
[3.028s] INFO:colcon.colcon_core.shell:Creating environment hook '/home/kaio/github/ROS2_summer_school/summer_school_ws/install/custon_msg_srv/share/custon_msg_srv/hook/cmake_prefix_path.sh'
[3.028s] Level 1:colcon.colcon_core.environment:checking '/home/kaio/github/ROS2_summer_school/summer_school_ws/install/custon_msg_srv/lib'
[3.028s] Level 1:colcon.colcon_core.shell:create_environment_hook('custon_msg_srv', 'ld_library_path_lib')
[3.029s] INFO:colcon.colcon_core.shell:Creating environment hook '/home/kaio/github/ROS2_summer_school/summer_school_ws/install/custon_msg_srv/share/custon_msg_srv/hook/ld_library_path_lib.ps1'
[3.029s] INFO:colcon.colcon_core.shell:Creating environment descriptor '/home/kaio/github/ROS2_summer_school/summer_school_ws/install/custon_msg_srv/share/custon_msg_srv/hook/ld_library_path_lib.dsv'
[3.029s] INFO:colcon.colcon_core.shell:Creating environment hook '/home/kaio/github/ROS2_summer_school/summer_school_ws/install/custon_msg_srv/share/custon_msg_srv/hook/ld_library_path_lib.sh'
[3.029s] Level 1:colcon.colcon_core.environment:checking '/home/kaio/github/ROS2_summer_school/summer_school_ws/install/custon_msg_srv/bin'
[3.029s] Level 1:colcon.colcon_core.environment:checking '/home/kaio/github/ROS2_summer_school/summer_school_ws/install/custon_msg_srv/lib/pkgconfig/custon_msg_srv.pc'
[3.029s] Level 1:colcon.colcon_core.environment:checking '/home/kaio/github/ROS2_summer_school/summer_school_ws/install/custon_msg_srv/lib/python3.10/site-packages'
[3.030s] Level 1:colcon.colcon_core.environment:checking '/home/kaio/github/ROS2_summer_school/summer_school_ws/install/custon_msg_srv/bin'
[3.030s] INFO:colcon.colcon_core.shell:Creating package script '/home/kaio/github/ROS2_summer_school/summer_school_ws/install/custon_msg_srv/share/custon_msg_srv/package.ps1'
[3.030s] INFO:colcon.colcon_core.shell:Creating package descriptor '/home/kaio/github/ROS2_summer_school/summer_school_ws/install/custon_msg_srv/share/custon_msg_srv/package.dsv'
[3.031s] INFO:colcon.colcon_core.shell:Creating package script '/home/kaio/github/ROS2_summer_school/summer_school_ws/install/custon_msg_srv/share/custon_msg_srv/package.sh'
[3.031s] INFO:colcon.colcon_core.shell:Creating package script '/home/kaio/github/ROS2_summer_school/summer_school_ws/install/custon_msg_srv/share/custon_msg_srv/package.bash'
[3.031s] INFO:colcon.colcon_core.shell:Creating package script '/home/kaio/github/ROS2_summer_school/summer_school_ws/install/custon_msg_srv/share/custon_msg_srv/package.zsh'
[3.032s] Level 1:colcon.colcon_core.environment:create_file_with_runtime_dependencies(/home/kaio/github/ROS2_summer_school/summer_school_ws/install/custon_msg_srv/share/colcon-core/packages/custon_msg_srv)
[3.032s] Level 1:colcon.colcon_core.environment:create_environment_scripts_only(custon_msg_srv)
[3.032s] Level 1:colcon.colcon_core.environment:checking '/home/kaio/github/ROS2_summer_school/summer_school_ws/install/custon_msg_srv' for CMake module files
[3.033s] Level 1:colcon.colcon_core.environment:checking '/home/kaio/github/ROS2_summer_school/summer_school_ws/install/custon_msg_srv' for CMake config files
[3.033s] Level 1:colcon.colcon_core.shell:create_environment_hook('custon_msg_srv', 'cmake_prefix_path')
[3.033s] INFO:colcon.colcon_core.shell:Creating environment hook '/home/kaio/github/ROS2_summer_school/summer_school_ws/install/custon_msg_srv/share/custon_msg_srv/hook/cmake_prefix_path.ps1'
[3.033s] INFO:colcon.colcon_core.shell:Creating environment descriptor '/home/kaio/github/ROS2_summer_school/summer_school_ws/install/custon_msg_srv/share/custon_msg_srv/hook/cmake_prefix_path.dsv'
[3.034s] INFO:colcon.colcon_core.shell:Creating environment hook '/home/kaio/github/ROS2_summer_school/summer_school_ws/install/custon_msg_srv/share/custon_msg_srv/hook/cmake_prefix_path.sh'
[3.034s] Level 1:colcon.colcon_core.environment:checking '/home/kaio/github/ROS2_summer_school/summer_school_ws/install/custon_msg_srv/lib'
[3.034s] Level 1:colcon.colcon_core.shell:create_environment_hook('custon_msg_srv', 'ld_library_path_lib')
[3.034s] INFO:colcon.colcon_core.shell:Creating environment hook '/home/kaio/github/ROS2_summer_school/summer_school_ws/install/custon_msg_srv/share/custon_msg_srv/hook/ld_library_path_lib.ps1'
[3.034s] INFO:colcon.colcon_core.shell:Creating environment descriptor '/home/kaio/github/ROS2_summer_school/summer_school_ws/install/custon_msg_srv/share/custon_msg_srv/hook/ld_library_path_lib.dsv'
[3.034s] INFO:colcon.colcon_core.shell:Creating environment hook '/home/kaio/github/ROS2_summer_school/summer_school_ws/install/custon_msg_srv/share/custon_msg_srv/hook/ld_library_path_lib.sh'
[3.035s] Level 1:colcon.colcon_core.environment:checking '/home/kaio/github/ROS2_summer_school/summer_school_ws/install/custon_msg_srv/bin'
[3.035s] Level 1:colcon.colcon_core.environment:checking '/home/kaio/github/ROS2_summer_school/summer_school_ws/install/custon_msg_srv/lib/pkgconfig/custon_msg_srv.pc'
[3.035s] Level 1:colcon.colcon_core.environment:checking '/home/kaio/github/ROS2_summer_school/summer_school_ws/install/custon_msg_srv/lib/python3.10/site-packages'
[3.035s] Level 1:colcon.colcon_core.environment:checking '/home/kaio/github/ROS2_summer_school/summer_school_ws/install/custon_msg_srv/bin'
[3.035s] INFO:colcon.colcon_core.shell:Creating package script '/home/kaio/github/ROS2_summer_school/summer_school_ws/install/custon_msg_srv/share/custon_msg_srv/package.ps1'
[3.035s] INFO:colcon.colcon_core.shell:Creating package descriptor '/home/kaio/github/ROS2_summer_school/summer_school_ws/install/custon_msg_srv/share/custon_msg_srv/package.dsv'
[3.036s] INFO:colcon.colcon_core.shell:Creating package script '/home/kaio/github/ROS2_summer_school/summer_school_ws/install/custon_msg_srv/share/custon_msg_srv/package.sh'
[3.036s] INFO:colcon.colcon_core.shell:Creating package script '/home/kaio/github/ROS2_summer_school/summer_school_ws/install/custon_msg_srv/share/custon_msg_srv/package.bash'
[3.036s] INFO:colcon.colcon_core.shell:Creating package script '/home/kaio/github/ROS2_summer_school/summer_school_ws/install/custon_msg_srv/share/custon_msg_srv/package.zsh'
[3.036s] Level 1:colcon.colcon_core.environment:create_file_with_runtime_dependencies(/home/kaio/github/ROS2_summer_school/summer_school_ws/install/custon_msg_srv/share/colcon-core/packages/custon_msg_srv)
[3.037s] INFO:colcon.colcon_ros.task.ament_cmake.build:Building ROS package in '/home/kaio/github/ROS2_summer_school/summer_school_ws/src/calculator' with build type 'ament_cmake'
[3.037s] INFO:colcon.colcon_cmake.task.cmake.build:Building CMake package in '/home/kaio/github/ROS2_summer_school/summer_school_ws/src/calculator'
[3.037s] INFO:colcon.colcon_core.shell:Skip shell extension 'powershell' for command environment: Not usable outside of PowerShell
[3.037s] DEBUG:colcon.colcon_core.shell:Skip shell extension 'dsv' for command environment
[3.044s] DEBUG:colcon.colcon_core.event_handler.log_command:Invoking command in '/home/kaio/github/ROS2_summer_school/summer_school_ws/build/calculator': AMENT_PREFIX_PATH=/home/kaio/github/ROS2_summer_school/summer_school_ws/install/custon_msg_srv:${AMENT_PREFIX_PATH} CMAKE_PREFIX_PATH=/home/kaio/github/ROS2_summer_school/summer_school_ws/install/custon_msg_srv:/home/kaio/summer_school_ws/install/pkg_cpp:/home/kaio/summer_school_ws/install/calculator:/home/kaio/summer_school_ws/install/custon_msg_srv:/opt/ros/humble:/home/kaio/laser_uav_system_ws/install/realsense_gazebo_plugin:/home/kaio/laser_uav_system_ws/install/realsense2_description:/home/kaio/laser_uav_system_ws/install/realsense2_camera:/home/kaio/laser_uav_system_ws/install/realsense2_camera_msgs:/home/kaio/laser_uav_system_ws/install/laser_uav_px4_api:/home/kaio/laser_uav_system_ws/install/px4_msgs:/home/kaio/laser_uav_system_ws/install/laser_uav_simulation LD_LIBRARY_PATH=/home/kaio/github/ROS2_summer_school/summer_school_ws/install/custon_msg_srv/lib:${LD_LIBRARY_PATH} PYTHONPATH=/home/kaio/github/ROS2_summer_school/summer_school_ws/install/custon_msg_srv/local/lib/python3.10/dist-packages:${PYTHONPATH} /usr/bin/cmake /home/kaio/github/ROS2_summer_school/summer_school_ws/src/calculator -DCMAKE_INSTALL_PREFIX=/home/kaio/github/ROS2_summer_school/summer_school_ws/install/calculator
[3.869s] DEBUG:colcon.colcon_core.event_handler.log_command:Invoked command in '/home/kaio/github/ROS2_summer_school/summer_school_ws/build/calculator' returned '0': AMENT_PREFIX_PATH=/home/kaio/github/ROS2_summer_school/summer_school_ws/install/custon_msg_srv:${AMENT_PREFIX_PATH} CMAKE_PREFIX_PATH=/home/kaio/github/ROS2_summer_school/summer_school_ws/install/custon_msg_srv:/home/kaio/summer_school_ws/install/pkg_cpp:/home/kaio/summer_school_ws/install/calculator:/home/kaio/summer_school_ws/install/custon_msg_srv:/opt/ros/humble:/home/kaio/laser_uav_system_ws/install/realsense_gazebo_plugin:/home/kaio/laser_uav_system_ws/install/realsense2_description:/home/kaio/laser_uav_system_ws/install/realsense2_camera:/home/kaio/laser_uav_system_ws/install/realsense2_camera_msgs:/home/kaio/laser_uav_system_ws/install/laser_uav_px4_api:/home/kaio/laser_uav_system_ws/install/px4_msgs:/home/kaio/laser_uav_system_ws/install/laser_uav_simulation LD_LIBRARY_PATH=/home/kaio/github/ROS2_summer_school/summer_school_ws/install/custon_msg_srv/lib:${LD_LIBRARY_PATH} PYTHONPATH=/home/kaio/github/ROS2_summer_school/summer_school_ws/install/custon_msg_srv/local/lib/python3.10/dist-packages:${PYTHONPATH} /usr/bin/cmake /home/kaio/github/ROS2_summer_school/summer_school_ws/src/calculator -DCMAKE_INSTALL_PREFIX=/home/kaio/github/ROS2_summer_school/summer_school_ws/install/calculator
[3.869s] DEBUG:colcon.colcon_core.event_handler.log_command:Invoking command in '/home/kaio/github/ROS2_summer_school/summer_school_ws/build/calculator': AMENT_PREFIX_PATH=/home/kaio/github/ROS2_summer_school/summer_school_ws/install/custon_msg_srv:${AMENT_PREFIX_PATH} CMAKE_PREFIX_PATH=/home/kaio/github/ROS2_summer_school/summer_school_ws/install/custon_msg_srv:/home/kaio/summer_school_ws/install/pkg_cpp:/home/kaio/summer_school_ws/install/calculator:/home/kaio/summer_school_ws/install/custon_msg_srv:/opt/ros/humble:/home/kaio/laser_uav_system_ws/install/realsense_gazebo_plugin:/home/kaio/laser_uav_system_ws/install/realsense2_description:/home/kaio/laser_uav_system_ws/install/realsense2_camera:/home/kaio/laser_uav_system_ws/install/realsense2_camera_msgs:/home/kaio/laser_uav_system_ws/install/laser_uav_px4_api:/home/kaio/laser_uav_system_ws/install/px4_msgs:/home/kaio/laser_uav_system_ws/install/laser_uav_simulation LD_LIBRARY_PATH=/home/kaio/github/ROS2_summer_school/summer_school_ws/install/custon_msg_srv/lib:${LD_LIBRARY_PATH} PYTHONPATH=/home/kaio/github/ROS2_summer_school/summer_school_ws/install/custon_msg_srv/local/lib/python3.10/dist-packages:${PYTHONPATH} /usr/bin/cmake --build /home/kaio/github/ROS2_summer_school/summer_school_ws/build/calculator -- -j8 -l8
[11.529s] DEBUG:colcon.colcon_core.event_handler.log_command:Invoked command in '/home/kaio/github/ROS2_summer_school/summer_school_ws/build/calculator' returned '0': AMENT_PREFIX_PATH=/home/kaio/github/ROS2_summer_school/summer_school_ws/install/custon_msg_srv:${AMENT_PREFIX_PATH} CMAKE_PREFIX_PATH=/home/kaio/github/ROS2_summer_school/summer_school_ws/install/custon_msg_srv:/home/kaio/summer_school_ws/install/pkg_cpp:/home/kaio/summer_school_ws/install/calculator:/home/kaio/summer_school_ws/install/custon_msg_srv:/opt/ros/humble:/home/kaio/laser_uav_system_ws/install/realsense_gazebo_plugin:/home/kaio/laser_uav_system_ws/install/realsense2_description:/home/kaio/laser_uav_system_ws/install/realsense2_camera:/home/kaio/laser_uav_system_ws/install/realsense2_camera_msgs:/home/kaio/laser_uav_system_ws/install/laser_uav_px4_api:/home/kaio/laser_uav_system_ws/install/px4_msgs:/home/kaio/laser_uav_system_ws/install/laser_uav_simulation LD_LIBRARY_PATH=/home/kaio/github/ROS2_summer_school/summer_school_ws/install/custon_msg_srv/lib:${LD_LIBRARY_PATH} PYTHONPATH=/home/kaio/github/ROS2_summer_school/summer_school_ws/install/custon_msg_srv/local/lib/python3.10/dist-packages:${PYTHONPATH} /usr/bin/cmake --build /home/kaio/github/ROS2_summer_school/summer_school_ws/build/calculator -- -j8 -l8
[11.530s] DEBUG:colcon.colcon_core.event_handler.log_command:Invoking command in '/home/kaio/github/ROS2_summer_school/summer_school_ws/build/calculator': AMENT_PREFIX_PATH=/home/kaio/github/ROS2_summer_school/summer_school_ws/install/custon_msg_srv:${AMENT_PREFIX_PATH} CMAKE_PREFIX_PATH=/home/kaio/github/ROS2_summer_school/summer_school_ws/install/custon_msg_srv:/home/kaio/summer_school_ws/install/pkg_cpp:/home/kaio/summer_school_ws/install/calculator:/home/kaio/summer_school_ws/install/custon_msg_srv:/opt/ros/humble:/home/kaio/laser_uav_system_ws/install/realsense_gazebo_plugin:/home/kaio/laser_uav_system_ws/install/realsense2_description:/home/kaio/laser_uav_system_ws/install/realsense2_camera:/home/kaio/laser_uav_system_ws/install/realsense2_camera_msgs:/home/kaio/laser_uav_system_ws/install/laser_uav_px4_api:/home/kaio/laser_uav_system_ws/install/px4_msgs:/home/kaio/laser_uav_system_ws/install/laser_uav_simulation LD_LIBRARY_PATH=/home/kaio/github/ROS2_summer_school/summer_school_ws/install/custon_msg_srv/lib:${LD_LIBRARY_PATH} PYTHONPATH=/home/kaio/github/ROS2_summer_school/summer_school_ws/install/custon_msg_srv/local/lib/python3.10/dist-packages:${PYTHONPATH} /usr/bin/cmake --install /home/kaio/github/ROS2_summer_school/summer_school_ws/build/calculator
[11.542s] Level 1:colcon.colcon_core.environment:create_environment_scripts_only(calculator)
[11.543s] Level 1:colcon.colcon_core.environment:checking '/home/kaio/github/ROS2_summer_school/summer_school_ws/install/calculator' for CMake module files
[11.543s] DEBUG:colcon.colcon_core.event_handler.log_command:Invoked command in '/home/kaio/github/ROS2_summer_school/summer_school_ws/build/calculator' returned '0': AMENT_PREFIX_PATH=/home/kaio/github/ROS2_summer_school/summer_school_ws/install/custon_msg_srv:${AMENT_PREFIX_PATH} CMAKE_PREFIX_PATH=/home/kaio/github/ROS2_summer_school/summer_school_ws/install/custon_msg_srv:/home/kaio/summer_school_ws/install/pkg_cpp:/home/kaio/summer_school_ws/install/calculator:/home/kaio/summer_school_ws/install/custon_msg_srv:/opt/ros/humble:/home/kaio/laser_uav_system_ws/install/realsense_gazebo_plugin:/home/kaio/laser_uav_system_ws/install/realsense2_description:/home/kaio/laser_uav_system_ws/install/realsense2_camera:/home/kaio/laser_uav_system_ws/install/realsense2_camera_msgs:/home/kaio/laser_uav_system_ws/install/laser_uav_px4_api:/home/kaio/laser_uav_system_ws/install/px4_msgs:/home/kaio/laser_uav_system_ws/install/laser_uav_simulation LD_LIBRARY_PATH=/home/kaio/github/ROS2_summer_school/summer_school_ws/install/custon_msg_srv/lib:${LD_LIBRARY_PATH} PYTHONPATH=/home/kaio/github/ROS2_summer_school/summer_school_ws/install/custon_msg_srv/local/lib/python3.10/dist-packages:${PYTHONPATH} /usr/bin/cmake --install /home/kaio/github/ROS2_summer_school/summer_school_ws/build/calculator
[11.543s] Level 1:colcon.colcon_core.environment:checking '/home/kaio/github/ROS2_summer_school/summer_school_ws/install/calculator' for CMake config files
[11.543s] Level 1:colcon.colcon_core.shell:create_environment_hook('calculator', 'cmake_prefix_path')
[11.543s] INFO:colcon.colcon_core.shell:Creating environment hook '/home/kaio/github/ROS2_summer_school/summer_school_ws/install/calculator/share/calculator/hook/cmake_prefix_path.ps1'
[11.544s] INFO:colcon.colcon_core.shell:Creating environment descriptor '/home/kaio/github/ROS2_summer_school/summer_school_ws/install/calculator/share/calculator/hook/cmake_prefix_path.dsv'
[11.544s] INFO:colcon.colcon_core.shell:Creating environment hook '/home/kaio/github/ROS2_summer_school/summer_school_ws/install/calculator/share/calculator/hook/cmake_prefix_path.sh'
[11.545s] Level 1:colcon.colcon_core.environment:checking '/home/kaio/github/ROS2_summer_school/summer_school_ws/install/calculator/lib'
[11.545s] Level 1:colcon.colcon_core.shell:create_environment_hook('calculator', 'ld_library_path_lib')
[11.545s] INFO:colcon.colcon_core.shell:Creating environment hook '/home/kaio/github/ROS2_summer_school/summer_school_ws/install/calculator/share/calculator/hook/ld_library_path_lib.ps1'
[11.545s] INFO:colcon.colcon_core.shell:Creating environment descriptor '/home/kaio/github/ROS2_summer_school/summer_school_ws/install/calculator/share/calculator/hook/ld_library_path_lib.dsv'
[11.545s] INFO:colcon.colcon_core.shell:Creating environment hook '/home/kaio/github/ROS2_summer_school/summer_school_ws/install/calculator/share/calculator/hook/ld_library_path_lib.sh'
[11.545s] Level 1:colcon.colcon_core.environment:checking '/home/kaio/github/ROS2_summer_school/summer_school_ws/install/calculator/bin'
[11.545s] Level 1:colcon.colcon_core.environment:checking '/home/kaio/github/ROS2_summer_school/summer_school_ws/install/calculator/lib/pkgconfig/calculator.pc'
[11.546s] Level 1:colcon.colcon_core.environment:checking '/home/kaio/github/ROS2_summer_school/summer_school_ws/install/calculator/lib/python3.10/site-packages'
[11.546s] Level 1:colcon.colcon_core.environment:checking '/home/kaio/github/ROS2_summer_school/summer_school_ws/install/calculator/bin'
[11.546s] INFO:colcon.colcon_core.shell:Creating package script '/home/kaio/github/ROS2_summer_school/summer_school_ws/install/calculator/share/calculator/package.ps1'
[11.546s] INFO:colcon.colcon_core.shell:Creating package descriptor '/home/kaio/github/ROS2_summer_school/summer_school_ws/install/calculator/share/calculator/package.dsv'
[11.546s] INFO:colcon.colcon_core.shell:Creating package script '/home/kaio/github/ROS2_summer_school/summer_school_ws/install/calculator/share/calculator/package.sh'
[11.547s] INFO:colcon.colcon_core.shell:Creating package script '/home/kaio/github/ROS2_summer_school/summer_school_ws/install/calculator/share/calculator/package.bash'
[11.547s] INFO:colcon.colcon_core.shell:Creating package script '/home/kaio/github/ROS2_summer_school/summer_school_ws/install/calculator/share/calculator/package.zsh'
[11.547s] Level 1:colcon.colcon_core.environment:create_file_with_runtime_dependencies(/home/kaio/github/ROS2_summer_school/summer_school_ws/install/calculator/share/colcon-core/packages/calculator)
[11.547s] Level 1:colcon.colcon_core.environment:create_environment_scripts_only(calculator)
[11.548s] Level 1:colcon.colcon_core.environment:checking '/home/kaio/github/ROS2_summer_school/summer_school_ws/install/calculator' for CMake module files
[11.548s] Level 1:colcon.colcon_core.environment:checking '/home/kaio/github/ROS2_summer_school/summer_school_ws/install/calculator' for CMake config files
[11.548s] Level 1:colcon.colcon_core.shell:create_environment_hook('calculator', 'cmake_prefix_path')
[11.548s] INFO:colcon.colcon_core.shell:Creating environment hook '/home/kaio/github/ROS2_summer_school/summer_school_ws/install/calculator/share/calculator/hook/cmake_prefix_path.ps1'
[11.548s] INFO:colcon.colcon_core.shell:Creating environment descriptor '/home/kaio/github/ROS2_summer_school/summer_school_ws/install/calculator/share/calculator/hook/cmake_prefix_path.dsv'
[11.548s] INFO:colcon.colcon_core.shell:Creating environment hook '/home/kaio/github/ROS2_summer_school/summer_school_ws/install/calculator/share/calculator/hook/cmake_prefix_path.sh'
[11.549s] Level 1:colcon.colcon_core.environment:checking '/home/kaio/github/ROS2_summer_school/summer_school_ws/install/calculator/lib'
[11.549s] Level 1:colcon.colcon_core.shell:create_environment_hook('calculator', 'ld_library_path_lib')
[11.549s] INFO:colcon.colcon_core.shell:Creating environment hook '/home/kaio/github/ROS2_summer_school/summer_school_ws/install/calculator/share/calculator/hook/ld_library_path_lib.ps1'
[11.549s] INFO:colcon.colcon_core.shell:Creating environment descriptor '/home/kaio/github/ROS2_summer_school/summer_school_ws/install/calculator/share/calculator/hook/ld_library_path_lib.dsv'
[11.549s] INFO:colcon.colcon_core.shell:Creating environment hook '/home/kaio/github/ROS2_summer_school/summer_school_ws/install/calculator/share/calculator/hook/ld_library_path_lib.sh'
[11.550s] Level 1:colcon.colcon_core.environment:checking '/home/kaio/github/ROS2_summer_school/summer_school_ws/install/calculator/bin'
[11.550s] Level 1:colcon.colcon_core.environment:checking '/home/kaio/github/ROS2_summer_school/summer_school_ws/install/calculator/lib/pkgconfig/calculator.pc'
[11.550s] Level 1:colcon.colcon_core.environment:checking '/home/kaio/github/ROS2_summer_school/summer_school_ws/install/calculator/lib/python3.10/site-packages'
[11.550s] Level 1:colcon.colcon_core.environment:checking '/home/kaio/github/ROS2_summer_school/summer_school_ws/install/calculator/bin'
[11.550s] INFO:colcon.colcon_core.shell:Creating package script '/home/kaio/github/ROS2_summer_school/summer_school_ws/install/calculator/share/calculator/package.ps1'
[11.550s] INFO:colcon.colcon_core.shell:Creating package descriptor '/home/kaio/github/ROS2_summer_school/summer_school_ws/install/calculator/share/calculator/package.dsv'
[11.551s] INFO:colcon.colcon_core.shell:Creating package script '/home/kaio/github/ROS2_summer_school/summer_school_ws/install/calculator/share/calculator/package.sh'
[11.551s] INFO:colcon.colcon_core.shell:Creating package script '/home/kaio/github/ROS2_summer_school/summer_school_ws/install/calculator/share/calculator/package.bash'
[11.551s] INFO:colcon.colcon_core.shell:Creating package script '/home/kaio/github/ROS2_summer_school/summer_school_ws/install/calculator/share/calculator/package.zsh'
[11.551s] Level 1:colcon.colcon_core.environment:create_file_with_runtime_dependencies(/home/kaio/github/ROS2_summer_school/summer_school_ws/install/calculator/share/colcon-core/packages/calculator)
[11.552s] DEBUG:colcon.colcon_parallel_executor.executor.parallel:closing loop
[11.552s] DEBUG:colcon.colcon_parallel_executor.executor.parallel:loop closed
[11.552s] DEBUG:colcon.colcon_parallel_executor.executor.parallel:run_until_complete finished with '0'
[11.552s] DEBUG:colcon.colcon_core.event_reactor:joining thread
[11.556s] INFO:colcon.colcon_core.plugin_system:Skipping extension 'colcon_notification.desktop_notification.terminal_notifier': Not used on non-Darwin systems
[11.556s] INFO:colcon.colcon_core.plugin_system:Skipping extension 'colcon_notification.desktop_notification.win32': Not used on non-Windows systems
[11.556s] INFO:colcon.colcon_notification.desktop_notification:Sending desktop notification using 'notify2'
[11.565s] DEBUG:colcon.colcon_core.event_reactor:joined thread
[11.565s] INFO:colcon.colcon_core.shell:Creating prefix script '/home/kaio/github/ROS2_summer_school/summer_school_ws/install/local_setup.ps1'
[11.566s] INFO:colcon.colcon_core.shell:Creating prefix util module '/home/kaio/github/ROS2_summer_school/summer_school_ws/install/_local_setup_util_ps1.py'
[11.567s] INFO:colcon.colcon_core.shell:Creating prefix chain script '/home/kaio/github/ROS2_summer_school/summer_school_ws/install/setup.ps1'
[11.568s] INFO:colcon.colcon_core.shell:Creating prefix script '/home/kaio/github/ROS2_summer_school/summer_school_ws/install/local_setup.sh'
[11.569s] INFO:colcon.colcon_core.shell:Creating prefix util module '/home/kaio/github/ROS2_summer_school/summer_school_ws/install/_local_setup_util_sh.py'
[11.569s] INFO:colcon.colcon_core.shell:Creating prefix chain script '/home/kaio/github/ROS2_summer_school/summer_school_ws/install/setup.sh'
[11.570s] INFO:colcon.colcon_core.shell:Creating prefix script '/home/kaio/github/ROS2_summer_school/summer_school_ws/install/local_setup.bash'
[11.570s] INFO:colcon.colcon_core.shell:Creating prefix chain script '/home/kaio/github/ROS2_summer_school/summer_school_ws/install/setup.bash'
[11.571s] INFO:colcon.colcon_core.shell:Creating prefix script '/home/kaio/github/ROS2_summer_school/summer_school_ws/install/local_setup.zsh'
[11.571s] INFO:colcon.colcon_core.shell:Creating prefix chain script '/home/kaio/github/ROS2_summer_school/summer_school_ws/install/setup.zsh'
